<?xml version="1.0" encoding="UTF-8"?>
<robot generator="Robot 7.2.2 (Python 3.10.11 on win32)" generated="2025-03-10T17:33:45.693218" rpa="false" schemaversion="5">
<suite id="s1" name="test TH" source="C:\xampp\htdocs\git-group-repository-group-4\InitialProject\V.0\tests\test_researcher\test_TH.robot">
<test id="s1-t1" name="Test Researcher Information Change - Thai" line="11">
<kw name="Open Browser" owner="SeleniumLibrary">
<msg time="2025-03-10T17:33:45.935369" level="INFO">Opening browser 'chrome' to base url 'https://cscp3530040467.cpkkuhost.com/'.</msg>
<arg>${URL}</arg>
<arg>chrome</arg>
<doc>Opens a new browser instance to the optional ``url``.</doc>
<status status="PASS" start="2025-03-10T17:33:45.935369" elapsed="5.407300"/>
</kw>
<kw name="Sleep" owner="BuiltIn">
<msg time="2025-03-10T17:33:54.346175" level="INFO">Slept 3 seconds.</msg>
<arg>3s</arg>
<doc>Pauses the test executed for the given time.</doc>
<status status="PASS" start="2025-03-10T17:33:51.342669" elapsed="3.003506"/>
</kw>
<kw name="Click Element" owner="SeleniumLibrary">
<msg time="2025-03-10T17:33:54.346175" level="INFO">Clicking element '//a[@class='nav-link' and contains(text(), 'Researchers')]'.</msg>
<arg>${RESEARCHER_MENU}</arg>
<doc>Click the element identified by ``locator``.</doc>
<status status="PASS" start="2025-03-10T17:33:54.346175" elapsed="3.319719"/>
</kw>
<kw name="Sleep" owner="BuiltIn">
<msg time="2025-03-10T17:33:59.675235" level="INFO">Slept 2 seconds.</msg>
<arg>2s</arg>
<doc>Pauses the test executed for the given time.</doc>
<status status="PASS" start="2025-03-10T17:33:57.665894" elapsed="2.009341"/>
</kw>
<kw name="Location Should Be" owner="SeleniumLibrary">
<msg time="2025-03-10T17:33:59.675235" level="INFO">Current location is 'https://cscp3530040467.cpkkuhost.com/researchers'.</msg>
<arg>https://cscp3530040467.cpkkuhost.com/researchers</arg>
<doc>Verifies that the current URL is exactly ``url``.</doc>
<status status="PASS" start="2025-03-10T17:33:59.675235" elapsed="0.000000"/>
</kw>
<kw name="Go To" owner="SeleniumLibrary">
<msg time="2025-03-10T17:33:59.675235" level="INFO">Opening url 'https://cscp3530040467.cpkkuhost.com/detail/eyJpdiI6IjErSENiSWZLL1hGbDEvZ1VncUlGVmc9PSIsInZhbHVlIjoieTdvZzhydWgrS1hRNzIrNTJFaDEyZz09IiwibWFjIjoiYTYwMTAyNWFmZjkyYzllOTE2NjkxNmMwMDBlNGQ1M2QxNDkwZTM4OGI2YTYzYzljZWYwNGQ2M2FmYzM1ZDEwMSIsInRhZyI6IiJ9'</msg>
<arg>${RESEARCHER_PROFILE}</arg>
<doc>Navigates the current browser window to the provided ``url``.</doc>
<status status="PASS" start="2025-03-10T17:33:59.675235" elapsed="1.008856"/>
</kw>
<kw name="Sleep" owner="BuiltIn">
<msg time="2025-03-10T17:34:03.692357" level="INFO">Slept 3 seconds.</msg>
<arg>3s</arg>
<doc>Pauses the test executed for the given time.</doc>
<status status="PASS" start="2025-03-10T17:34:00.685098" elapsed="3.007259"/>
</kw>
<kw name="Click Element" owner="SeleniumLibrary">
<msg time="2025-03-10T17:34:03.692357" level="INFO">Clicking element '//a[@id='navbarDropdownMenuLink']'.</msg>
<arg>//a[@id='navbarDropdownMenuLink']</arg>
<doc>Click the element identified by ``locator``.</doc>
<status status="PASS" start="2025-03-10T17:34:03.692357" elapsed="0.059125"/>
</kw>
<kw name="Sleep" owner="BuiltIn">
<msg time="2025-03-10T17:34:05.767121" level="INFO">Slept 2 seconds.</msg>
<arg>2s</arg>
<doc>Pauses the test executed for the given time.</doc>
<status status="PASS" start="2025-03-10T17:34:03.751482" elapsed="2.015639"/>
</kw>
<kw name="Go To" owner="SeleniumLibrary">
<msg time="2025-03-10T17:34:05.767121" level="INFO">Opening url 'https://cscp3530040467.cpkkuhost.com/lang/th'</msg>
<arg>https://cscp3530040467.cpkkuhost.com/lang/th</arg>
<doc>Navigates the current browser window to the provided ``url``.</doc>
<status status="PASS" start="2025-03-10T17:34:05.767121" elapsed="2.246805"/>
</kw>
<kw name="Sleep" owner="BuiltIn">
<msg time="2025-03-10T17:34:13.018513" level="INFO">Slept 5 seconds.</msg>
<arg>5s</arg>
<doc>Pauses the test executed for the given time.</doc>
<status status="PASS" start="2025-03-10T17:34:08.015943" elapsed="5.002570"/>
</kw>
<kw name="Execute Javascript" owner="SeleniumLibrary">
<msg time="2025-03-10T17:34:13.018513" level="INFO">Executing JavaScript:
window.scrollTo(0, 500)
Without any arguments.</msg>
<arg>window.scrollTo(0, 500)</arg>
<doc>Executes the given JavaScript code with possible arguments.</doc>
<status status="PASS" start="2025-03-10T17:34:13.018513" elapsed="0.005783"/>
</kw>
<kw name="Element Should Contain" owner="SeleniumLibrary">
<msg time="2025-03-10T17:34:13.172519" level="INFO" html="true">&lt;/td&gt;&lt;/tr&gt;&lt;tr&gt;&lt;td colspan="3"&gt;&lt;a href="selenium-screenshot-19.png"&gt;&lt;img src="selenium-screenshot-19.png" width="800px"&gt;&lt;/a&gt;</msg>
<msg time="2025-03-10T17:34:13.172519" level="FAIL">Element with locator '//tbody//tr//th[contains(text(), 'ชื่อบทความ')]' not found.</msg>
<arg>//tbody//tr//th[contains(text(), 'ชื่อบทความ')]</arg>
<arg>An enhanced fuzzy-based clustering protocol with an improved shuffled frog leaping algorithm for WSNs</arg>
<doc>Verifies that element ``locator`` contains text ``expected``.</doc>
<status status="FAIL" start="2025-03-10T17:34:13.024296" elapsed="0.148223">Element with locator '//tbody//tr//th[contains(text(), 'ชื่อบทความ')]' not found.</status>
</kw>
<kw name="Element Should Contain" owner="SeleniumLibrary">
<arg>//tbody//tr//td[contains(text(), 'ผู้เขียน')]/following-sibling::td[1]</arg>
<arg>ญานิกา คงโสรส</arg>
<doc>Verifies that element ``locator`` contains text ``expected``.</doc>
<status status="NOT RUN" start="2025-03-10T17:34:13.172519" elapsed="0.000000"/>
</kw>
<kw name="Element Should Contain" owner="SeleniumLibrary">
<arg>//tbody//tr//td[contains(text(), 'ปี (พ.ศ.)')]</arg>
<arg>2022</arg>
<doc>Verifies that element ``locator`` contains text ``expected``.</doc>
<status status="NOT RUN" start="2025-03-10T17:34:13.172519" elapsed="0.000000"/>
</kw>
<kw name="Element Should Contain" owner="SeleniumLibrary">
<arg>//tbody//tr//td[contains(text(), 'ประเภทเอกสาร')]</arg>
<arg>วารสาร</arg>
<doc>Verifies that element ``locator`` contains text ``expected``.</doc>
<status status="NOT RUN" start="2025-03-10T17:34:13.172519" elapsed="0.000000"/>
</kw>
<kw name="Capture Page Screenshot" owner="SeleniumLibrary">
<arg>researcher_thai.png</arg>
<doc>Takes a screenshot of the current page and embeds it into a log file.</doc>
<status status="NOT RUN" start="2025-03-10T17:34:13.178383" elapsed="0.000000"/>
</kw>
<kw name="Close Browser" owner="SeleniumLibrary">
<doc>Closes the current browser.</doc>
<status status="NOT RUN" start="2025-03-10T17:34:13.178383" elapsed="0.000000"/>
</kw>
<doc>ทดสอบข้อมูลนักวิจัยในภาษาไทย</doc>
<status status="FAIL" start="2025-03-10T17:33:45.935369" elapsed="27.243793">Element with locator '//tbody//tr//th[contains(text(), 'ชื่อบทความ')]' not found.</status>
</test>
<status status="FAIL" start="2025-03-10T17:33:45.698212" elapsed="27.480950"/>
</suite>
<statistics>
<total>
<stat pass="0" fail="1" skip="0">All Tests</stat>
</total>
<tag>
</tag>
<suite>
<stat name="test TH" id="s1" pass="0" fail="1" skip="0">test TH</stat>
</suite>
</statistics>
<errors>
</errors>
</robot>
