<?xml version="1.0" encoding="UTF-8"?>
<robot generator="Robot 7.1.1 (Python 3.13.1 on win32)" generated="2025-03-12T23:42:34.152220" rpa="false" schemaversion="5">
<suite id="s1" name="UAT-researcherTH" source="D:\workspace\work\git-group-repository-group-4\InitialProject\V.0\tests\test_researcher\UAT-researcherTH.robot">
<test id="s1-t1" name="Test Open Researchers Page" line="63">
<kw name="Open Browser" owner="SeleniumLibrary">
<msg time="2025-03-12T23:42:34.600421" level="WARN">exexcutable_path is being deprecated. Please use service to configure the driver's executable_path as per documentation.</msg>
<msg time="2025-03-12T23:42:34.600986" level="INFO">Opening browser 'chrome' to base url 'http://127.0.0.1:8000'.</msg>
<msg time="2025-03-12T23:42:34.601866" level="INFO">Cannot capture screenshot because no browser is open.</msg>
<msg time="2025-03-12T23:42:34.602007" level="FAIL">NoSuchDriverException: Message: Unable to obtain driver for chrome; For documentation on this error, please visit: https://www.selenium.dev/documentation/webdriver/troubleshooting/errors/driver_location
</msg>
<arg>${SERVER}</arg>
<arg>${BROWSER}</arg>
<arg>executable_path=${CHROME_DRIVER_PATH}</arg>
<doc>Opens a new browser instance to the optional ``url``.</doc>
<status status="FAIL" start="2025-03-12T23:42:34.600029" elapsed="0.022029">NoSuchDriverException: Message: Unable to obtain driver for chrome; For documentation on this error, please visit: https://www.selenium.dev/documentation/webdriver/troubleshooting/errors/driver_location
</status>
</kw>
<kw name="Sleep" owner="BuiltIn">
<arg>3s</arg>
<doc>Pauses the test executed for the given time.</doc>
<status status="NOT RUN" start="2025-03-12T23:42:34.622527" elapsed="0.000048"/>
</kw>
<kw name="Click Element" owner="SeleniumLibrary">
<arg>${RESEARCHER_MENU}</arg>
<doc>Click the element identified by ``locator``.</doc>
<status status="NOT RUN" start="2025-03-12T23:42:34.622843" elapsed="0.000037"/>
</kw>
<kw name="Sleep" owner="BuiltIn">
<arg>2s</arg>
<doc>Pauses the test executed for the given time.</doc>
<status status="NOT RUN" start="2025-03-12T23:42:34.623128" elapsed="0.000038"/>
</kw>
<kw name="Location Should Be" owner="SeleniumLibrary">
<arg>http://127.0.0.1:8000/researchers</arg>
<doc>Verifies that the current URL is exactly ``url``.</doc>
<status status="NOT RUN" start="2025-03-12T23:42:34.623411" elapsed="0.000036"/>
</kw>
<kw name="Capture Page Screenshot" owner="SeleniumLibrary">
<arg>researcher_page.png</arg>
<doc>Takes a screenshot of the current page and embeds it into a log file.</doc>
<status status="NOT RUN" start="2025-03-12T23:42:34.623699" elapsed="0.000036"/>
</kw>
<kw name="Click Element" owner="SeleniumLibrary">
<arg>//a[@id='navbarDropdownMenuLink']</arg>
<doc>Click the element identified by ``locator``.</doc>
<status status="NOT RUN" start="2025-03-12T23:42:34.623987" elapsed="0.000037"/>
</kw>
<kw name="Sleep" owner="BuiltIn">
<arg>2s</arg>
<doc>Pauses the test executed for the given time.</doc>
<status status="NOT RUN" start="2025-03-12T23:42:34.624285" elapsed="0.000038"/>
</kw>
<kw name="Go To" owner="SeleniumLibrary">
<arg>http://127.0.0.1:8000/lang/th</arg>
<doc>Navigates the current browser window to the provided ``url``.</doc>
<status status="NOT RUN" start="2025-03-12T23:42:34.624599" elapsed="0.000039"/>
</kw>
<kw name="Sleep" owner="BuiltIn">
<arg>5s</arg>
<doc>Pauses the test executed for the given time.</doc>
<status status="NOT RUN" start="2025-03-12T23:42:34.625203" elapsed="0.000049"/>
</kw>
<kw name="Page Should Contain" owner="SeleniumLibrary">
<arg>${EXPECTED_WORDS_USER_TH}[2]</arg>
<doc>Verifies that current page contains ``text``.</doc>
<status status="NOT RUN" start="2025-03-12T23:42:34.625539" elapsed="0.000041"/>
</kw>
<kw name="Page Should Contain" owner="SeleniumLibrary">
<arg>${EXPECTED_WORDS_USER_TH}[3]</arg>
<doc>Verifies that current page contains ``text``.</doc>
<status status="NOT RUN" start="2025-03-12T23:42:34.625939" elapsed="0.000048"/>
</kw>
<kw name="Page Should Contain" owner="SeleniumLibrary">
<arg>${EXPECTED_WORDS_USER_TH}[6]</arg>
<doc>Verifies that current page contains ``text``.</doc>
<status status="NOT RUN" start="2025-03-12T23:42:34.626314" elapsed="0.000050"/>
</kw>
<kw name="Page Should Contain" owner="SeleniumLibrary">
<arg>${EXPECTED_WORDS_USER_TH}[8]</arg>
<doc>Verifies that current page contains ``text``.</doc>
<status status="NOT RUN" start="2025-03-12T23:42:34.626687" elapsed="0.000042"/>
</kw>
<kw name="Capture Page Screenshot" owner="SeleniumLibrary">
<arg>researcher_page_thai.png</arg>
<doc>Takes a screenshot of the current page and embeds it into a log file.</doc>
<status status="NOT RUN" start="2025-03-12T23:42:34.626990" elapsed="0.000037"/>
</kw>
<for flavor="IN RANGE">
<iter>
<kw name="Execute Javascript" owner="SeleniumLibrary">
<arg>window.scrollBy(0, 1000)</arg>
<doc>Executes the given JavaScript code with possible arguments.</doc>
<status status="NOT RUN" start="2025-03-12T23:42:34.627545" elapsed="0.000031"/>
</kw>
<kw name="Sleep" owner="BuiltIn">
<arg>2s</arg>
<doc>Pauses the test executed for the given time.</doc>
<status status="NOT RUN" start="2025-03-12T23:42:34.627677" elapsed="0.000034"/>
</kw>
<kw name="Run Keyword If" owner="BuiltIn">
<arg>'${i}' == '9'</arg>
<arg>Page Should Contain Element</arg>
<arg>xpath=//div[contains(@class, 'researcher-item')]//h5[contains(normalize-space(.), 'Arfat Ahmad Khan')]</arg>
<doc>Runs the given keyword with the given arguments, if ``condition`` is true.</doc>
<status status="NOT RUN" start="2025-03-12T23:42:34.627824" elapsed="0.000027"/>
</kw>
<kw name="Run Keyword If" owner="BuiltIn">
<arg>'${i}' == '9'</arg>
<arg>Return From Keyword</arg>
<doc>Runs the given keyword with the given arguments, if ``condition`` is true.</doc>
<status status="NOT RUN" start="2025-03-12T23:42:34.627957" elapsed="0.000026"/>
</kw>
<var name="${i}"/>
<status status="NOT RUN" start="2025-03-12T23:42:34.627429" elapsed="0.000600"/>
</iter>
<var>${i}</var>
<value>0</value>
<value>5</value>
<status status="NOT RUN" start="2025-03-12T23:42:34.627248" elapsed="0.000835"/>
</for>
<kw name="Capture Page Screenshot" owner="SeleniumLibrary">
<arg>researcher_page_thai.png</arg>
<doc>Takes a screenshot of the current page and embeds it into a log file.</doc>
<status status="NOT RUN" start="2025-03-12T23:42:34.628354" elapsed="0.000036"/>
</kw>
<kw name="Close Browser" owner="SeleniumLibrary">
<doc>Closes the current browser.</doc>
<status status="NOT RUN" start="2025-03-12T23:42:34.628812" elapsed="0.000035"/>
</kw>
<doc>ทดสอบการเปิดหน้า "Researchers" และการเปลี่ยนภาษาเป็นไทย</doc>
<status status="FAIL" start="2025-03-12T23:42:34.598146" elapsed="0.030998">NoSuchDriverException: Message: Unable to obtain driver for chrome; For documentation on this error, please visit: https://www.selenium.dev/documentation/webdriver/troubleshooting/errors/driver_location
</status>
</test>
<test id="s1-t2" name="Test Open Researchers Profile Page" line="101">
<kw name="Open Browser" owner="SeleniumLibrary">
<msg time="2025-03-12T23:42:34.632561" level="WARN">exexcutable_path is being deprecated. Please use service to configure the driver's executable_path as per documentation.</msg>
<msg time="2025-03-12T23:42:34.633096" level="INFO">Opening browser 'chrome' to base url 'http://127.0.0.1:8000'.</msg>
<msg time="2025-03-12T23:42:34.633934" level="INFO">Cannot capture screenshot because no browser is open.</msg>
<msg time="2025-03-12T23:42:34.634083" level="FAIL">NoSuchDriverException: Message: Unable to obtain driver for chrome; For documentation on this error, please visit: https://www.selenium.dev/documentation/webdriver/troubleshooting/errors/driver_location
</msg>
<arg>${SERVER}</arg>
<arg>${BROWSER}</arg>
<arg>executable_path=${CHROME_DRIVER_PATH}</arg>
<doc>Opens a new browser instance to the optional ``url``.</doc>
<status status="FAIL" start="2025-03-12T23:42:34.632199" elapsed="0.005613">NoSuchDriverException: Message: Unable to obtain driver for chrome; For documentation on this error, please visit: https://www.selenium.dev/documentation/webdriver/troubleshooting/errors/driver_location
</status>
</kw>
<kw name="Sleep" owner="BuiltIn">
<arg>3s</arg>
<doc>Pauses the test executed for the given time.</doc>
<status status="NOT RUN" start="2025-03-12T23:42:34.638550" elapsed="0.000061"/>
</kw>
<kw name="Click Element" owner="SeleniumLibrary">
<arg>${RESEARCHER_MENU}</arg>
<doc>Click the element identified by ``locator``.</doc>
<status status="NOT RUN" start="2025-03-12T23:42:34.638941" elapsed="0.000037"/>
</kw>
<kw name="Sleep" owner="BuiltIn">
<arg>2s</arg>
<doc>Pauses the test executed for the given time.</doc>
<status status="NOT RUN" start="2025-03-12T23:42:34.639223" elapsed="0.000037"/>
</kw>
<kw name="Location Should Be" owner="SeleniumLibrary">
<arg>http://127.0.0.1:8000/researchers</arg>
<doc>Verifies that the current URL is exactly ``url``.</doc>
<status status="NOT RUN" start="2025-03-12T23:42:34.639517" elapsed="0.000038"/>
</kw>
<kw name="Capture Page Screenshot" owner="SeleniumLibrary">
<arg>researcher_page.png</arg>
<doc>Takes a screenshot of the current page and embeds it into a log file.</doc>
<status status="NOT RUN" start="2025-03-12T23:42:34.639773" elapsed="0.000031"/>
</kw>
<kw name="Go To" owner="SeleniumLibrary">
<arg>${RESEARCHER_PROFILE}</arg>
<doc>Navigates the current browser window to the provided ``url``.</doc>
<status status="NOT RUN" start="2025-03-12T23:42:34.640045" elapsed="0.000039"/>
</kw>
<kw name="Sleep" owner="BuiltIn">
<arg>2s</arg>
<doc>Pauses the test executed for the given time.</doc>
<status status="NOT RUN" start="2025-03-12T23:42:34.640293" elapsed="0.000034"/>
</kw>
<kw name="Location Should Be" owner="SeleniumLibrary">
<arg>http://127.0.0.1:8000/detail/eyJpdiI6IlJ1YThYaVB6SkNSVnZqYnp4b0xmU1E9PSIsInZhbHVlIjoidHE4bjNOQk5WazBXSmRHdHpnYjIvdz09IiwibWFjIjoiNGNkNjM1OWMyYmFjNWMwMDdiMzNlZjMxNzhkNThhODhkNmMwNzNiMWZlNzA2MWYyNzllNTgyMjBjNDI0YjdlMyIsInRhZyI6IiJ9</arg>
<doc>Verifies that the current URL is exactly ``url``.</doc>
<status status="NOT RUN" start="2025-03-12T23:42:34.640580" elapsed="0.000037"/>
</kw>
<kw name="Capture Page Screenshot" owner="SeleniumLibrary">
<arg>researcherprofile_page.png</arg>
<doc>Takes a screenshot of the current page and embeds it into a log file.</doc>
<status status="NOT RUN" start="2025-03-12T23:42:34.641195" elapsed="0.000049"/>
</kw>
<kw name="Click Element" owner="SeleniumLibrary">
<arg>//a[@id='navbarDropdownMenuLink']</arg>
<doc>Click the element identified by ``locator``.</doc>
<status status="NOT RUN" start="2025-03-12T23:42:34.641551" elapsed="0.000046"/>
</kw>
<kw name="Sleep" owner="BuiltIn">
<arg>2s</arg>
<doc>Pauses the test executed for the given time.</doc>
<status status="NOT RUN" start="2025-03-12T23:42:34.641961" elapsed="0.000055"/>
</kw>
<kw name="Go To" owner="SeleniumLibrary">
<arg>http://127.0.0.1:8000/lang/th</arg>
<doc>Navigates the current browser window to the provided ``url``.</doc>
<status status="NOT RUN" start="2025-03-12T23:42:34.642329" elapsed="0.000038"/>
</kw>
<kw name="Sleep" owner="BuiltIn">
<arg>5s</arg>
<doc>Pauses the test executed for the given time.</doc>
<status status="NOT RUN" start="2025-03-12T23:42:34.642639" elapsed="0.000039"/>
</kw>
<kw name="Page Should Contain Element" owner="SeleniumLibrary">
<arg>xpath=//h6[contains(normalize-space(.), '2526 วท.บ. (คณิตศาสตร์) - มหาวิทยาลัยขอนแก่น')]</arg>
<doc>Verifies that element ``locator`` is found on the current page.</doc>
<status status="NOT RUN" start="2025-03-12T23:42:34.643060" elapsed="0.000063"/>
</kw>
<kw name="Page Should Contain Element" owner="SeleniumLibrary">
<arg>xpath=//h6[contains(normalize-space(.), '2528 พบ.ม. (สถิติประยุกต์) - สถาบันบัณฑิตพัฒนบริหารศาสตร์')]</arg>
<doc>Verifies that element ``locator`` is found on the current page.</doc>
<status status="NOT RUN" start="2025-03-12T23:42:34.643427" elapsed="0.000045"/>
</kw>
<kw name="Page Should Contain Element" owner="SeleniumLibrary">
<arg>xpath=//h6[contains(normalize-space(.), '2544 วท.ด. (วิทยาการคอมพิวเตอร์) - สถาบันเทคโนโลยีแห่งเอเชีย ประเทศไทย')]</arg>
<doc>Verifies that element ``locator`` is found on the current page.</doc>
<status status="NOT RUN" start="2025-03-12T23:42:34.643903" elapsed="0.000063"/>
</kw>
<kw name="Page Should Contain Element" owner="SeleniumLibrary">
<arg>xpath=//h6[contains(normalize-space(.), 'ศาสตราจารย์')]</arg>
<doc>Verifies that element ``locator`` is found on the current page.</doc>
<status status="NOT RUN" start="2025-03-12T23:42:34.644585" elapsed="0.000048"/>
</kw>
<kw name="Capture Page Screenshot" owner="SeleniumLibrary">
<arg>researcherprofile_page_thai.png</arg>
<doc>Takes a screenshot of the current page and embeds it into a log file.</doc>
<status status="NOT RUN" start="2025-03-12T23:42:34.644859" elapsed="0.000033"/>
</kw>
<for flavor="IN RANGE">
<iter>
<kw name="Execute Javascript" owner="SeleniumLibrary">
<arg>window.scrollBy(0, 500)</arg>
<doc>Executes the given JavaScript code with possible arguments.</doc>
<status status="NOT RUN" start="2025-03-12T23:42:34.645274" elapsed="0.000050"/>
</kw>
<kw name="Sleep" owner="BuiltIn">
<arg>2s</arg>
<doc>Pauses the test executed for the given time.</doc>
<status status="NOT RUN" start="2025-03-12T23:42:34.645454" elapsed="0.000042"/>
</kw>
<kw name="Run Keyword If" owner="BuiltIn">
<arg>'${i}' == '9'</arg>
<arg>Page Should Contain Element</arg>
<arg>xpath=//td[contains(normalize-space(.), 'ประเภทเอกสาร')]</arg>
<doc>Runs the given keyword with the given arguments, if ``condition`` is true.</doc>
<status status="NOT RUN" start="2025-03-12T23:42:34.645619" elapsed="0.000029"/>
</kw>
<kw name="Run Keyword If" owner="BuiltIn">
<arg>'${i}' == '9'</arg>
<arg>Return From Keyword</arg>
<doc>Runs the given keyword with the given arguments, if ``condition`` is true.</doc>
<status status="NOT RUN" start="2025-03-12T23:42:34.645761" elapsed="0.000027"/>
</kw>
<var name="${i}"/>
<status status="NOT RUN" start="2025-03-12T23:42:34.645167" elapsed="0.000668"/>
</iter>
<var>${i}</var>
<value>0</value>
<value>2</value>
<status status="NOT RUN" start="2025-03-12T23:42:34.645040" elapsed="0.000865"/>
</for>
<kw name="Page Should Contain Element" owner="SeleniumLibrary">
<arg>xpath=//td[contains(normalize-space(.), 'วารสาร')]</arg>
<doc>Verifies that element ``locator`` is found on the current page.</doc>
<status status="NOT RUN" start="2025-03-12T23:42:34.646262" elapsed="0.000042"/>
</kw>
<kw name="Page Should Contain Element" owner="SeleniumLibrary">
<arg>xpath=//teacher[contains(normalize-space(.), 'ศาสตรา วงศ์ธนวสุ')]</arg>
<doc>Verifies that element ``locator`` is found on the current page.</doc>
<status status="NOT RUN" start="2025-03-12T23:42:34.646515" elapsed="0.000032"/>
</kw>
<kw name="Close Browser" owner="SeleniumLibrary">
<doc>Closes the current browser.</doc>
<status status="NOT RUN" start="2025-03-12T23:42:34.646719" elapsed="0.000029"/>
</kw>
<doc>ทดสอบการเปิดหน้า "Researchers" และการเปลี่ยนภาษาเป็นไทย</doc>
<status status="FAIL" start="2025-03-12T23:42:34.630559" elapsed="0.016450">NoSuchDriverException: Message: Unable to obtain driver for chrome; For documentation on this error, please visit: https://www.selenium.dev/documentation/webdriver/troubleshooting/errors/driver_location
</status>
</test>
<status status="FAIL" start="2025-03-12T23:42:34.154704" elapsed="0.493777"/>
</suite>
<statistics>
<total>
<stat pass="0" fail="2" skip="0">All Tests</stat>
</total>
<tag>
</tag>
<suite>
<stat pass="0" fail="2" skip="0" id="s1" name="UAT-researcherTH">UAT-researcherTH</stat>
</suite>
</statistics>
<errors>
<msg time="2025-03-12T23:42:34.600421" level="WARN">exexcutable_path is being deprecated. Please use service to configure the driver's executable_path as per documentation.</msg>
<msg time="2025-03-12T23:42:34.632561" level="WARN">exexcutable_path is being deprecated. Please use service to configure the driver's executable_path as per documentation.</msg>
</errors>
</robot>
