<?xml version="1.0" encoding="UTF-8"?>
<robot generator="Robot 7.1.1 (Python 3.10.11 on win32)" generated="2025-03-10T16:55:30.899250" rpa="false" schemaversion="5">
<suite id="s1" name="Test" source="C:\xampp\htdocs\git-group-repository-group-4\InitialProject\V.0\tests\test_home\test.robot">
<test id="s1-t1" name="ทดสอบการเปลี่ยนภาษาไทยเป็นอังกฤษ" line="12">
<kw name="เลือกภาษา">
<msg time="2025-03-10T16:55:31.133492" level="FAIL">No keyword with name 'เลือกภาษา' found.</msg>
<arg>ภาษาไทย</arg>
<status status="FAIL" start="2025-03-10T16:55:31.133492" elapsed="0.000000">No keyword with name 'เลือกภาษา' found.</status>
</kw>
<kw name="ตรวจสอบแบนเนอร์">
<arg>img/Banner1.png</arg>
<status status="NOT RUN" start="2025-03-10T16:55:31.133492" elapsed="0.000000"/>
</kw>
<kw name="เลือกภาษา">
<arg>English</arg>
<status status="NOT RUN" start="2025-03-10T16:55:31.133492" elapsed="0.000000"/>
</kw>
<kw name="ตรวจสอบแบนเนอร์">
<arg>img/Banner1En.png</arg>
<status status="NOT RUN" start="2025-03-10T16:55:31.133492" elapsed="0.000000"/>
</kw>
<tag>Language</tag>
<status status="FAIL" start="2025-03-10T16:55:31.133492" elapsed="0.000000">No keyword with name 'เลือกภาษา' found.</status>
</test>
<test id="s1-t2" name="ทดสอบการเปลี่ยนภาษาอังกฤษเป็นจีน" line="19">
<kw name="เลือกภาษา">
<msg time="2025-03-10T16:55:31.154631" level="FAIL">No keyword with name 'เลือกภาษา' found.</msg>
<arg>English</arg>
<status status="FAIL" start="2025-03-10T16:55:31.154631" elapsed="0.000000">No keyword with name 'เลือกภาษา' found.</status>
</kw>
<kw name="ตรวจสอบแบนเนอร์">
<arg>img/Banner1En.png</arg>
<status status="NOT RUN" start="2025-03-10T16:55:31.154631" elapsed="0.000000"/>
</kw>
<kw name="เลือกภาษา">
<arg>中文</arg>
<status status="NOT RUN" start="2025-03-10T16:55:31.154631" elapsed="0.000000"/>
</kw>
<kw name="ตรวจสอบแบนเนอร์">
<arg>img/Banner1Zh.png</arg>
<status status="NOT RUN" start="2025-03-10T16:55:31.154631" elapsed="0.000000"/>
</kw>
<tag>Language</tag>
<status status="FAIL" start="2025-03-10T16:55:31.147556" elapsed="0.007075">No keyword with name 'เลือกภาษา' found.</status>
</test>
<test id="s1-t3" name="ทดสอบการเปลี่ยนภาษาจีนเป็นไทย" line="26">
<kw name="เลือกภาษา">
<msg time="2025-03-10T16:55:31.161083" level="FAIL">No keyword with name 'เลือกภาษา' found.</msg>
<arg>中文</arg>
<status status="FAIL" start="2025-03-10T16:55:31.161083" elapsed="0.000000">No keyword with name 'เลือกภาษา' found.</status>
</kw>
<kw name="ตรวจสอบแบนเนอร์">
<arg>img/Banner1Zh.png</arg>
<status status="NOT RUN" start="2025-03-10T16:55:31.161083" elapsed="0.000000"/>
</kw>
<kw name="เลือกภาษา">
<arg>ภาษาไทย</arg>
<status status="NOT RUN" start="2025-03-10T16:55:31.161083" elapsed="0.000000"/>
</kw>
<kw name="ตรวจสอบแบนเนอร์">
<arg>img/Banner1.png</arg>
<status status="NOT RUN" start="2025-03-10T16:55:31.161083" elapsed="0.000000"/>
</kw>
<tag>Language</tag>
<status status="FAIL" start="2025-03-10T16:55:31.161083" elapsed="0.000000">No keyword with name 'เลือกภาษา' found.</status>
</test>
<test id="s1-t4" name="Test Thai Language Display" line="33">
<kw name="Open Browser" owner="SeleniumLibrary">
<msg time="2025-03-10T16:55:31.171354" level="INFO">Opening browser 'chrome' to base url 'https://cscp3530040467.cpkkuhost.com/'.</msg>
<arg>${URL}</arg>
<arg>chrome</arg>
<doc>Opens a new browser instance to the optional ``url``.</doc>
<status status="PASS" start="2025-03-10T16:55:31.171354" elapsed="6.039540"/>
</kw>
<kw name="Click Element" owner="SeleniumLibrary">
<msg time="2025-03-10T16:55:37.210894" level="INFO">Clicking element '//a[@id='navbarDropdownMenuLink']'.</msg>
<arg>//a[@id='navbarDropdownMenuLink']</arg>
<doc>Click the element identified by ``locator``.</doc>
<status status="PASS" start="2025-03-10T16:55:37.210894" elapsed="0.130225"/>
</kw>
<kw name="Click Element" owner="SeleniumLibrary">
<msg time="2025-03-10T16:55:37.341119" level="INFO">Clicking element '//a[@class='dropdown-item' and contains(., 'ภาษาไทย')]'.</msg>
<msg time="2025-03-10T16:55:37.701144" level="INFO" html="true">&lt;/td&gt;&lt;/tr&gt;&lt;tr&gt;&lt;td colspan="3"&gt;&lt;a href="selenium-screenshot-10.png"&gt;&lt;img src="selenium-screenshot-10.png" width="800px"&gt;&lt;/a&gt;</msg>
<msg time="2025-03-10T16:55:37.701144" level="FAIL">Element with locator '//a[@class='dropdown-item' and contains(., 'ภาษาไทย')]' not found.</msg>
<arg>//a[@class='dropdown-item' and contains(., '${THAI}')]</arg>
<doc>Click the element identified by ``locator``.</doc>
<status status="FAIL" start="2025-03-10T16:55:37.341119" elapsed="0.368041">Element with locator '//a[@class='dropdown-item' and contains(., 'ภาษาไทย')]' not found.</status>
</kw>
<kw name="Sleep" owner="BuiltIn">
<arg>2s</arg>
<doc>Pauses the test executed for the given time.</doc>
<status status="NOT RUN" start="2025-03-10T16:55:37.709704" elapsed="0.000000"/>
</kw>
<kw name="Capture Page Screenshot" owner="SeleniumLibrary">
<arg>thai_language.png</arg>
<doc>Takes a screenshot of the current page and embeds it into a log file.</doc>
<status status="NOT RUN" start="2025-03-10T16:55:37.709704" elapsed="0.000000"/>
</kw>
<kw name="Element Text Should Contain">
<arg>//div[@id='paper2']//p</arg>
<arg>Arch-int</arg>
<status status="NOT RUN" start="2025-03-10T16:55:37.709704" elapsed="0.000000"/>
</kw>
<kw name="Element Text Should Contain">
<arg>//div[@id='paper2']//p</arg>
<arg>Ho</arg>
<status status="NOT RUN" start="2025-03-10T16:55:37.709704" elapsed="0.000000"/>
</kw>
<kw name="Close Browser" owner="SeleniumLibrary">
<doc>Closes the current browser.</doc>
<status status="NOT RUN" start="2025-03-10T16:55:37.709704" elapsed="0.000000"/>
</kw>
<doc>ทดสอบว่าหน้าเว็บภาษาไทย แสดงชื่อนักวิจัยเป็นภาษาไทยและบทความเป็นภาษาอังกฤษ</doc>
<status status="FAIL" start="2025-03-10T16:55:31.167699" elapsed="6.542005">Element with locator '//a[@class='dropdown-item' and contains(., 'ภาษาไทย')]' not found.</status>
</test>
<test id="s1-t5" name="Test English Language Display" line="44">
<kw name="Open Browser" owner="SeleniumLibrary">
<msg time="2025-03-10T16:55:37.709704" level="INFO">Opening browser 'chrome' to base url 'https://cscp3530040467.cpkkuhost.com/'.</msg>
<arg>${URL}</arg>
<arg>chrome</arg>
<doc>Opens a new browser instance to the optional ``url``.</doc>
<status status="PASS" start="2025-03-10T16:55:37.709704" elapsed="3.080934"/>
</kw>
<kw name="Click Element" owner="SeleniumLibrary">
<msg time="2025-03-10T16:55:40.796128" level="INFO">Clicking element '//a[@id='navbarDropdownMenuLink']'.</msg>
<arg>//a[@id='navbarDropdownMenuLink']</arg>
<doc>Click the element identified by ``locator``.</doc>
<status status="PASS" start="2025-03-10T16:55:40.796128" elapsed="3.134776"/>
</kw>
<kw name="Click Element" owner="SeleniumLibrary">
<msg time="2025-03-10T16:55:43.943855" level="INFO">Clicking element '//a[@class='dropdown-item' and contains(., 'English')]'.</msg>
<msg time="2025-03-10T16:55:44.277151" level="INFO" html="true">&lt;/td&gt;&lt;/tr&gt;&lt;tr&gt;&lt;td colspan="3"&gt;&lt;a href="selenium-screenshot-11.png"&gt;&lt;img src="selenium-screenshot-11.png" width="800px"&gt;&lt;/a&gt;</msg>
<msg time="2025-03-10T16:55:44.277668" level="FAIL">Element with locator '//a[@class='dropdown-item' and contains(., 'English')]' not found.</msg>
<arg>//a[@class='dropdown-item' and contains(., '${ENGLISH}')]</arg>
<doc>Click the element identified by ``locator``.</doc>
<status status="FAIL" start="2025-03-10T16:55:43.939316" elapsed="0.338352">Element with locator '//a[@class='dropdown-item' and contains(., 'English')]' not found.</status>
</kw>
<kw name="Sleep" owner="BuiltIn">
<arg>2s</arg>
<doc>Pauses the test executed for the given time.</doc>
<status status="NOT RUN" start="2025-03-10T16:55:44.277668" elapsed="0.000000"/>
</kw>
<kw name="Capture Page Screenshot" owner="SeleniumLibrary">
<arg>english_language.png</arg>
<doc>Takes a screenshot of the current page and embeds it into a log file.</doc>
<status status="NOT RUN" start="2025-03-10T16:55:44.277668" elapsed="0.000000"/>
</kw>
<kw name="Element Text Should Contain">
<arg>//div[@id='paper2']//p</arg>
<arg>Arch-int</arg>
<status status="NOT RUN" start="2025-03-10T16:55:44.277668" elapsed="0.000000"/>
</kw>
<kw name="Element Text Should Contain">
<arg>//div[@id='paper2']//p</arg>
<arg>Ho</arg>
<status status="NOT RUN" start="2025-03-10T16:55:44.277668" elapsed="0.000000"/>
</kw>
<kw name="Close Browser" owner="SeleniumLibrary">
<doc>Closes the current browser.</doc>
<status status="NOT RUN" start="2025-03-10T16:55:44.283449" elapsed="0.000000"/>
</kw>
<doc>ทดสอบว่าหน้าเว็บภาษาอังกฤษ แสดงชื่อนักวิจัยและบทความเป็นภาษาอังกฤษ</doc>
<status status="FAIL" start="2025-03-10T16:55:37.709704" elapsed="6.575797">Element with locator '//a[@class='dropdown-item' and contains(., 'English')]' not found.</status>
</test>
<test id="s1-t6" name="Test Chinese Language Display" line="55">
<kw name="Open Browser" owner="SeleniumLibrary">
<msg time="2025-03-10T16:55:44.293807" level="INFO">Opening browser 'chrome' to base url 'https://cscp3530040467.cpkkuhost.com/'.</msg>
<arg>${URL}</arg>
<arg>chrome</arg>
<doc>Opens a new browser instance to the optional ``url``.</doc>
<status status="PASS" start="2025-03-10T16:55:44.293807" elapsed="6.349736"/>
</kw>
<kw name="Click Element" owner="SeleniumLibrary">
<msg time="2025-03-10T16:55:50.645190" level="INFO">Clicking element '//a[@id='navbarDropdownMenuLink']'.</msg>
<arg>//a[@id='navbarDropdownMenuLink']</arg>
<doc>Click the element identified by ``locator``.</doc>
<status status="PASS" start="2025-03-10T16:55:50.644584" elapsed="0.137708"/>
</kw>
<kw name="Click Element" owner="SeleniumLibrary">
<msg time="2025-03-10T16:55:50.782292" level="INFO">Clicking element '//a[@class='dropdown-item' and contains(., '中文')]'.</msg>
<arg>//a[@class='dropdown-item' and contains(., '${CHINESE}')]</arg>
<doc>Click the element identified by ``locator``.</doc>
<status status="PASS" start="2025-03-10T16:55:50.782292" elapsed="1.396912"/>
</kw>
<kw name="Sleep" owner="BuiltIn">
<msg time="2025-03-10T16:55:54.194282" level="INFO">Slept 2 seconds.</msg>
<arg>2s</arg>
<doc>Pauses the test executed for the given time.</doc>
<status status="PASS" start="2025-03-10T16:55:52.185271" elapsed="2.009011"/>
</kw>
<kw name="Capture Page Screenshot" owner="SeleniumLibrary">
<msg time="2025-03-10T16:55:54.366225" level="INFO" html="true">&lt;/td&gt;&lt;/tr&gt;&lt;tr&gt;&lt;td colspan="3"&gt;&lt;a href="chinese_language.png"&gt;&lt;img src="chinese_language.png" width="800px"&gt;&lt;/a&gt;</msg>
<arg>chinese_language.png</arg>
<doc>Takes a screenshot of the current page and embeds it into a log file.</doc>
<status status="PASS" start="2025-03-10T16:55:54.195108" elapsed="0.171117"/>
</kw>
<kw name="Element Text Should Contain">
<msg time="2025-03-10T16:55:54.397956" level="FAIL">No keyword with name 'Element Text Should Contain' found. Did you mean:
    SeleniumLibrary.Element Should Contain
    SeleniumLibrary.Element Should Not Contain</msg>
<arg>//div[@id='paper2']//p</arg>
<arg>Arch-int</arg>
<status status="FAIL" start="2025-03-10T16:55:54.391442" elapsed="0.006514">No keyword with name 'Element Text Should Contain' found. Did you mean:
    SeleniumLibrary.Element Should Contain
    SeleniumLibrary.Element Should Not Contain</status>
</kw>
<kw name="Element Text Should Contain">
<arg>//div[@id='paper2']//p</arg>
<arg>Ho</arg>
<status status="NOT RUN" start="2025-03-10T16:55:54.399874" elapsed="0.000000"/>
</kw>
<kw name="Close Browser" owner="SeleniumLibrary">
<doc>Closes the current browser.</doc>
<status status="NOT RUN" start="2025-03-10T16:55:54.400971" elapsed="0.000000"/>
</kw>
<doc>ทดสอบว่าหน้าเว็บภาษาจีน แสดงชื่อนักวิจัยเป็นภาษาอังกฤษและบทความเป็นภาษาอังกฤษ</doc>
<status status="FAIL" start="2025-03-10T16:55:44.287294" elapsed="10.114653">No keyword with name 'Element Text Should Contain' found. Did you mean:
    SeleniumLibrary.Element Should Contain
    SeleniumLibrary.Element Should Not Contain</status>
</test>
<status status="FAIL" start="2025-03-10T16:55:30.900966" elapsed="23.504767"/>
</suite>
<statistics>
<total>
<stat pass="0" fail="6" skip="0">All Tests</stat>
</total>
<tag>
<stat pass="0" fail="3" skip="0">Language</stat>
</tag>
<suite>
<stat pass="0" fail="6" skip="0" id="s1" name="Test">Test</stat>
</suite>
</statistics>
<errors>
</errors>
</robot>
