<?xml version="1.0" encoding="UTF-8"?>
<robot generator="Robot 7.2.2 (Python 3.10.11 on win32)" generated="2025-03-12T13:32:57.519201" rpa="false" schemaversion="5">
<suite id="s1" name="Test" source="C:\xampp\htdocs\git-group-repository-group-4\InitialProject\V.0\tests\test_robot\test.robot">
<test id="s1-t1" name="Test Open Browser" line="12">
<kw name="Open Browser" owner="SeleniumLibrary">
<msg time="2025-03-12T13:32:57.820918" level="WARN">exexcutable_path is being deprecated. Please use service to configure the driver's executable_path as per documentation.</msg>
<msg time="2025-03-12T13:32:57.820918" level="INFO">Opening browser 'chrome' to base url 'http://127.0.0.1:8000'.</msg>
<arg>${URL}</arg>
<arg>${BROWSER}</arg>
<arg>executable_path=${CHROME_DRIVER_PATH}</arg>
<doc>Opens a new browser instance to the optional ``url``.</doc>
<status status="PASS" start="2025-03-12T13:32:57.820918" elapsed="2.351229"/>
</kw>
<kw name="Maximize Browser Window" owner="SeleniumLibrary">
<doc>Maximizes current browser window.</doc>
<status status="PASS" start="2025-03-12T13:33:00.172147" elapsed="0.037935"/>
</kw>
<kw name="Title Should Be" owner="SeleniumLibrary">
<msg time="2025-03-12T13:33:00.409148" level="INFO" html="true">&lt;/td&gt;&lt;/tr&gt;&lt;tr&gt;&lt;td colspan="3"&gt;&lt;a href="selenium-screenshot-3.png"&gt;&lt;img src="selenium-screenshot-3.png" width="800px"&gt;&lt;/a&gt;</msg>
<msg time="2025-03-12T13:33:00.409148" level="FAIL">Title should have been 'ระบบข้อมูลงานวิจัยวิทยาลัยการคอมพิวเตอร์' but was 'ระบบข้อมูลงานวิจัย วิทยาลัยการคอมพิวเตอร์'.</msg>
<arg>ระบบข้อมูลงานวิจัยวิทยาลัยการคอมพิวเตอร์</arg>
<doc>Verifies that the current page title equals ``title``.</doc>
<status status="FAIL" start="2025-03-12T13:33:00.210082" elapsed="0.199066">Title should have been 'ระบบข้อมูลงานวิจัยวิทยาลัยการคอมพิวเตอร์' but was 'ระบบข้อมูลงานวิจัย วิทยาลัยการคอมพิวเตอร์'.</status>
</kw>
<kw name="Close Browser" owner="SeleniumLibrary" type="TEARDOWN">
<doc>Closes the current browser.</doc>
<status status="PASS" start="2025-03-12T13:33:00.413203" elapsed="2.140359"/>
</kw>
<doc>Open the website and check the page title</doc>
<status status="FAIL" start="2025-03-12T13:32:57.820918" elapsed="4.732644">Title should have been 'ระบบข้อมูลงานวิจัยวิทยาลัยการคอมพิวเตอร์' but was 'ระบบข้อมูลงานวิจัย วิทยาลัยการคอมพิวเตอร์'.</status>
</test>
<status status="FAIL" start="2025-03-12T13:32:57.526127" elapsed="5.027435"/>
</suite>
<statistics>
<total>
<stat pass="0" fail="1" skip="0">All Tests</stat>
</total>
<tag>
</tag>
<suite>
<stat name="Test" id="s1" pass="0" fail="1" skip="0">Test</stat>
</suite>
</statistics>
<errors>
<msg time="2025-03-12T13:32:57.820918" level="WARN">exexcutable_path is being deprecated. Please use service to configure the driver's executable_path as per documentation.</msg>
</errors>
</robot>
