<?xml version="1.0" encoding="UTF-8"?>
<robot generator="Robot 7.2.2 (Python 3.10.11 on win32)" generated="2025-03-10T15:51:53.644732" rpa="false" schemaversion="5">
<suite id="s1" name="Test" source="C:\xampp\htdocs\git-group-repository-group-4\InitialProject\V.0\tests\test.robot">
<test id="s1-t1" name="Open Chrome" line="9">
<kw name="Open Browser" owner="SeleniumLibrary">
<msg time="2025-03-10T15:51:53.896482" level="WARN">exexcutable_path is being deprecated. Please use service to configure the driver's executable_path as per documentation.</msg>
<msg time="2025-03-10T15:51:53.896482" level="INFO">Opening browser 'chrome' to base url 'https://www.google.com'.</msg>
<msg time="2025-03-10T15:52:46.554693" level="INFO">Cannot capture screenshot because no browser is open.</msg>
<arg>https://www.google.com</arg>
<arg>chrome</arg>
<arg>executable_path=C:/Program Files/Google/ChromeNew/chrome-win64/chrome.exe</arg>
<doc>Opens a new browser instance to the optional ``url``.</doc>
<status status="FAIL" start="2025-03-10T15:51:53.896482" elapsed="52.658211">Execution terminated by signal</status>
</kw>
<kw name="Close Browser" owner="SeleniumLibrary" type="TEARDOWN">
<doc>Closes the current browser.</doc>
<status status="PASS" start="2025-03-10T15:52:46.554693" elapsed="0.000000"/>
</kw>
<status status="FAIL" start="2025-03-10T15:51:53.896482" elapsed="52.658211">Execution terminated by signal</status>
</test>
<status status="FAIL" start="2025-03-10T15:51:53.644732" elapsed="52.909961"/>
</suite>
<statistics>
<total>
<stat pass="0" fail="1" skip="0">All Tests</stat>
</total>
<tag>
</tag>
<suite>
<stat name="Test" id="s1" pass="0" fail="1" skip="0">Test</stat>
</suite>
</statistics>
<errors>
<msg time="2025-03-10T15:51:53.896482" level="WARN">exexcutable_path is being deprecated. Please use service to configure the driver's executable_path as per documentation.</msg>
</errors>
</robot>
