<?xml version="1.0" encoding="UTF-8"?>
<robot generator="Robot 7.2.2 (Python 3.10.11 on win32)" generated="2025-03-13T02:11:53.446959" rpa="false" schemaversion="5">
<suite id="s1" name="UAT-projectTH" source="C:\xampp\htdocs\git-group-repository-group-4\InitialProject\V.0\tests\test_project\UAT-projectTH.robot">
<test id="s1-t1" name="Test Open Project Page" line="63">
<kw name="Open Browser" owner="SeleniumLibrary">
<msg time="2025-03-13T02:11:53.764688" level="WARN">exexcutable_path is being deprecated. Please use service to configure the driver's executable_path as per documentation.</msg>
<msg time="2025-03-13T02:11:53.764688" level="INFO">Opening browser 'chrome' to base url 'http://127.0.0.1:8000'.</msg>
<arg>${SERVER}</arg>
<arg>${BROWSER}</arg>
<arg>executable_path=${CHROME_DRIVER_PATH}</arg>
<doc>Opens a new browser instance to the optional ``url``.</doc>
<status status="PASS" start="2025-03-13T02:11:53.764688" elapsed="2.756526"/>
</kw>
<kw name="Sleep" owner="BuiltIn">
<msg time="2025-03-13T02:11:59.529656" level="INFO">Slept 3 seconds.</msg>
<arg>3s</arg>
<doc>Pauses the test executed for the given time.</doc>
<status status="PASS" start="2025-03-13T02:11:56.522725" elapsed="3.006931"/>
</kw>
<kw name="Click Element" owner="SeleniumLibrary">
<msg time="2025-03-13T02:11:59.529656" level="INFO">Clicking element '//a[@class='nav-link' and contains(text(), 'Research Project')]'.</msg>
<arg>${RESEARCHPROJECT_MENU}</arg>
<doc>Click the element identified by ``locator``.</doc>
<status status="PASS" start="2025-03-13T02:11:59.529656" elapsed="0.656116"/>
</kw>
<kw name="Sleep" owner="BuiltIn">
<msg time="2025-03-13T02:12:02.201072" level="INFO">Slept 2 seconds.</msg>
<arg>2s</arg>
<doc>Pauses the test executed for the given time.</doc>
<status status="PASS" start="2025-03-13T02:12:00.185772" elapsed="2.015300"/>
</kw>
<kw name="Location Should Be" owner="SeleniumLibrary">
<msg time="2025-03-13T02:12:02.217096" level="INFO">Current location is 'http://127.0.0.1:8000/researchproject'.</msg>
<arg>http://127.0.0.1:8000/researchproject</arg>
<doc>Verifies that the current URL is exactly ``url``.</doc>
<status status="PASS" start="2025-03-13T02:12:02.201072" elapsed="0.016024"/>
</kw>
<kw name="Capture Page Screenshot" owner="SeleniumLibrary">
<msg time="2025-03-13T02:12:02.424422" level="INFO" html="true">&lt;/td&gt;&lt;/tr&gt;&lt;tr&gt;&lt;td colspan="3"&gt;&lt;a href="project_page.png"&gt;&lt;img src="project_page.png" width="800px"&gt;&lt;/a&gt;</msg>
<arg>project_page.png</arg>
<doc>Takes a screenshot of the current page and embeds it into a log file.</doc>
<status status="PASS" start="2025-03-13T02:12:02.217096" elapsed="0.207326"/>
</kw>
<kw name="Click Element" owner="SeleniumLibrary">
<msg time="2025-03-13T02:12:02.425455" level="INFO">Clicking element '//a[@id='navbarDropdownMenuLink']'.</msg>
<arg>//a[@id='navbarDropdownMenuLink']</arg>
<doc>Click the element identified by ``locator``.</doc>
<status status="PASS" start="2025-03-13T02:12:02.424422" elapsed="0.058920"/>
</kw>
<kw name="Sleep" owner="BuiltIn">
<msg time="2025-03-13T02:12:04.500600" level="INFO">Slept 2 seconds.</msg>
<arg>2s</arg>
<doc>Pauses the test executed for the given time.</doc>
<status status="PASS" start="2025-03-13T02:12:02.484421" elapsed="2.016179"/>
</kw>
<kw name="Go To" owner="SeleniumLibrary">
<msg time="2025-03-13T02:12:04.500600" level="INFO">Opening url 'http://127.0.0.1:8000/lang/th'</msg>
<arg>http://127.0.0.1:8000/lang/th</arg>
<doc>Navigates the current browser window to the provided ``url``.</doc>
<status status="PASS" start="2025-03-13T02:12:04.500600" elapsed="0.630787"/>
</kw>
<kw name="Sleep" owner="BuiltIn">
<msg time="2025-03-13T02:12:10.135451" level="INFO">Slept 5 seconds.</msg>
<arg>5s</arg>
<doc>Pauses the test executed for the given time.</doc>
<status status="PASS" start="2025-03-13T02:12:05.131387" elapsed="5.004064"/>
</kw>
<kw name="Page Should Contain Element" owner="SeleniumLibrary">
<msg time="2025-03-13T02:12:10.171593" level="INFO">Current page contains element 'xpath=//span[contains(normalize-space(.), 'ระยะเวลาโครงการ')]'.</msg>
<arg>xpath=//span[contains(normalize-space(.), 'ระยะเวลาโครงการ')]</arg>
<doc>Verifies that element ``locator`` is found on the current page.</doc>
<status status="PASS" start="2025-03-13T02:12:10.135451" elapsed="0.036142"/>
</kw>
<kw name="Page Should Contain Element" owner="SeleniumLibrary">
<msg time="2025-03-13T02:12:10.199481" level="INFO">Current page contains element 'xpath=//span[contains(normalize-space(.), '1 สิงหาคม 2563 ถึง 19 สิงหาคม 2563')]'.</msg>
<arg>xpath=//span[contains(normalize-space(.), '1 สิงหาคม 2563 ถึง 19 สิงหาคม 2563')]</arg>
<doc>Verifies that element ``locator`` is found on the current page.</doc>
<status status="PASS" start="2025-03-13T02:12:10.171593" elapsed="0.027888"/>
</kw>
<kw name="Page Should Contain Element" owner="SeleniumLibrary">
<msg time="2025-03-13T02:12:10.231007" level="INFO">Current page contains element 'xpath=//span[contains(normalize-space(.), 'ประเภททุนวิจัย')]'.</msg>
<arg>xpath=//span[contains(normalize-space(.), 'ประเภททุนวิจัย')]</arg>
<doc>Verifies that element ``locator`` is found on the current page.</doc>
<status status="PASS" start="2025-03-13T02:12:10.199481" elapsed="0.031526"/>
</kw>
<kw name="Page Should Contain Element" owner="SeleniumLibrary">
<msg time="2025-03-13T02:12:10.278451" level="INFO">Current page contains element 'xpath=//span[contains(normalize-space(.), 'ทุนภายนอก')]'.</msg>
<arg>xpath=//span[contains(normalize-space(.), 'ทุนภายนอก')]</arg>
<doc>Verifies that element ``locator`` is found on the current page.</doc>
<status status="PASS" start="2025-03-13T02:12:10.246701" elapsed="0.031750"/>
</kw>
<kw name="Page Should Contain Element" owner="SeleniumLibrary">
<msg time="2025-03-13T02:12:10.310302" level="INFO">Current page contains element 'xpath=//span[contains(normalize-space(.), 'หน่วยงานที่สนับสนุนทุน')]'.</msg>
<arg>xpath=//span[contains(normalize-space(.), 'หน่วยงานที่สนับสนุนทุน')]</arg>
<doc>Verifies that element ``locator`` is found on the current page.</doc>
<status status="PASS" start="2025-03-13T02:12:10.279810" elapsed="0.030492"/>
</kw>
<kw name="Page Should Contain Element" owner="SeleniumLibrary">
<msg time="2025-03-13T02:12:10.342242" level="INFO">Current page contains element 'xpath=//span[contains(normalize-space(.), 'สำนักงานปลัดกระทรวงอุดมศึกษา วิทยาศาสตร์ วิจัยและนวัตกรรม')]'.</msg>
<arg>xpath=//span[contains(normalize-space(.), 'สำนักงานปลัดกระทรวงอุดมศึกษา วิทยาศาสตร์ วิจัยและนวัตกรรม')]</arg>
<doc>Verifies that element ``locator`` is found on the current page.</doc>
<status status="PASS" start="2025-03-13T02:12:10.310302" elapsed="0.031940"/>
</kw>
<kw name="Page Should Contain Element" owner="SeleniumLibrary">
<msg time="2025-03-13T02:12:10.374132" level="INFO">Current page contains element 'xpath=//span[contains(normalize-space(.), 'หน่วยงานที่รับผิดชอบ')]'.</msg>
<arg>xpath=//span[contains(normalize-space(.), 'หน่วยงานที่รับผิดชอบ')]</arg>
<doc>Verifies that element ``locator`` is found on the current page.</doc>
<status status="PASS" start="2025-03-13T02:12:10.342242" elapsed="0.031890"/>
</kw>
<kw name="Page Should Contain Element" owner="SeleniumLibrary">
<msg time="2025-03-13T02:12:10.413042" level="INFO">Current page contains element 'xpath=//span[contains(normalize-space(.), 'สาขาวิชาวิทยาการคอมพิวเตอร์')]'.</msg>
<arg>xpath=//span[contains(normalize-space(.), 'สาขาวิชาวิทยาการคอมพิวเตอร์')]</arg>
<doc>Verifies that element ``locator`` is found on the current page.</doc>
<status status="PASS" start="2025-03-13T02:12:10.374132" elapsed="0.038910"/>
</kw>
<kw name="Page Should Contain Element" owner="SeleniumLibrary">
<msg time="2025-03-13T02:12:10.438081" level="INFO">Current page contains element 'xpath=//span[contains(normalize-space(.), 'งบประมาณที่ได้รับจัดสรร')]'.</msg>
<arg>xpath=//span[contains(normalize-space(.), 'งบประมาณที่ได้รับจัดสรร')]</arg>
<doc>Verifies that element ``locator`` is found on the current page.</doc>
<status status="PASS" start="2025-03-13T02:12:10.413042" elapsed="0.025039"/>
</kw>
<kw name="Page Should Contain Element" owner="SeleniumLibrary">
<msg time="2025-03-13T02:12:10.469797" level="INFO">Current page contains element 'xpath=//span[contains(normalize-space(.), '90,000 บาท')]'.</msg>
<arg>xpath=//span[contains(normalize-space(.), '90,000 บาท')]</arg>
<doc>Verifies that element ``locator`` is found on the current page.</doc>
<status status="PASS" start="2025-03-13T02:12:10.438081" elapsed="0.031716"/>
</kw>
<kw name="Page Should Contain Element" owner="SeleniumLibrary">
<msg time="2025-03-13T02:12:10.501262" level="INFO">Current page contains element 'xpath=//span[contains(normalize-space(.), 'อ. ธนพล ตั้งชูพงศ์')]'.</msg>
<arg>xpath=//span[contains(normalize-space(.), 'อ. ธนพล ตั้งชูพงศ์')]</arg>
<doc>Verifies that element ``locator`` is found on the current page.</doc>
<status status="PASS" start="2025-03-13T02:12:10.469797" elapsed="0.031465"/>
</kw>
<kw name="Page Should Contain Element" owner="SeleniumLibrary">
<msg time="2025-03-13T02:12:10.548459" level="INFO">Current page contains element 'xpath=//span[contains(normalize-space(.), 'อ.ดร. วรัญญา วรรณศรี')]'.</msg>
<arg>xpath=//span[contains(normalize-space(.), 'อ.ดร. วรัญญา วรรณศรี')]</arg>
<doc>Verifies that element ``locator`` is found on the current page.</doc>
<status status="PASS" start="2025-03-13T02:12:10.516972" elapsed="0.031487"/>
</kw>
<kw name="Capture Page Screenshot" owner="SeleniumLibrary">
<msg time="2025-03-13T02:12:10.704984" level="INFO" html="true">&lt;/td&gt;&lt;/tr&gt;&lt;tr&gt;&lt;td colspan="3"&gt;&lt;a href="project_page_thai.png"&gt;&lt;img src="project_page_thai.png" width="800px"&gt;&lt;/a&gt;</msg>
<arg>project_page_thai.png</arg>
<doc>Takes a screenshot of the current page and embeds it into a log file.</doc>
<status status="PASS" start="2025-03-13T02:12:10.548459" elapsed="0.156525"/>
</kw>
<kw name="Close Browser" owner="SeleniumLibrary">
<doc>Closes the current browser.</doc>
<status status="PASS" start="2025-03-13T02:12:10.704984" elapsed="2.153115"/>
</kw>
<doc>ทดสอบการเปิดหน้า "Project" และการเปลี่ยนภาษาเป็นไทย</doc>
<status status="PASS" start="2025-03-13T02:11:53.764688" elapsed="19.093411"/>
</test>
<status status="PASS" start="2025-03-13T02:11:53.446959" elapsed="19.411140"/>
</suite>
<statistics>
<total>
<stat pass="1" fail="0" skip="0">All Tests</stat>
</total>
<tag>
</tag>
<suite>
<stat name="UAT-projectTH" id="s1" pass="1" fail="0" skip="0">UAT-projectTH</stat>
</suite>
</statistics>
<errors>
<msg time="2025-03-13T02:11:53.764688" level="WARN">exexcutable_path is being deprecated. Please use service to configure the driver's executable_path as per documentation.</msg>
</errors>
</robot>
