<?xml version="1.0" encoding="UTF-8"?>
<robot generator="Robot 7.1.1 (Python 3.13.1 on win32)" generated="2025-03-12T22:20:09.681340" rpa="false" schemaversion="5">
<suite id="s1" name="UAT-Project-013" source="D:\workspace\work\git-group-repository-group-4\InitialProject\V.0\tests\UAT-Project-013.robot">
<test id="s1-t1" name="Dashboard Page Switch Language To TH" line="148">
<kw name="Open Browser To Login Page">
<kw name="Evaluate" owner="BuiltIn">
<msg time="2025-03-12T22:20:10.188044" level="INFO">${chrome_options} = &lt;selenium.webdriver.chrome.options.Options object at 0x0000023A4588BE00&gt;</msg>
<var>${chrome_options}</var>
<arg>sys.modules['selenium.webdriver'].ChromeOptions()</arg>
<arg>sys</arg>
<doc>Evaluates the given expression in Python and returns the result.</doc>
<status status="PASS" start="2025-03-12T22:20:10.187775" elapsed="0.000305"/>
</kw>
<kw name="Call Method" owner="BuiltIn">
<arg>${chrome_options}</arg>
<arg>add_argument</arg>
<arg>--disable-gpu</arg>
<doc>Calls the named method of the given object with the provided arguments.</doc>
<status status="PASS" start="2025-03-12T22:20:10.188202" elapsed="0.000124"/>
</kw>
<kw name="Call Method" owner="BuiltIn">
<arg>${chrome_options}</arg>
<arg>add_argument</arg>
<arg>--no-sandbox</arg>
<doc>Calls the named method of the given object with the provided arguments.</doc>
<status status="PASS" start="2025-03-12T22:20:10.188441" elapsed="0.000106"/>
</kw>
<kw name="Call Method" owner="BuiltIn">
<arg>${chrome_options}</arg>
<arg>add_argument</arg>
<arg>--disable-dev-shm-usage</arg>
<doc>Calls the named method of the given object with the provided arguments.</doc>
<status status="PASS" start="2025-03-12T22:20:10.188635" elapsed="0.000106"/>
</kw>
<kw name="Call Method" owner="BuiltIn">
<arg>${chrome_options}</arg>
<arg>add_argument</arg>
<arg>--start-maximized</arg>
<doc>Calls the named method of the given object with the provided arguments.</doc>
<status status="PASS" start="2025-03-12T22:20:10.188824" elapsed="0.000097"/>
</kw>
<kw name="Call Method" owner="BuiltIn">
<arg>${chrome_options}</arg>
<arg>add_argument</arg>
<arg>--disable-extensions</arg>
<doc>Calls the named method of the given object with the provided arguments.</doc>
<status status="PASS" start="2025-03-12T22:20:10.189003" elapsed="0.000093"/>
</kw>
<kw name="Call Method" owner="BuiltIn">
<arg>${chrome_options}</arg>
<arg>add_argument</arg>
<arg>--disable-popup-blocking</arg>
<doc>Calls the named method of the given object with the provided arguments.</doc>
<status status="PASS" start="2025-03-12T22:20:10.189172" elapsed="0.000091"/>
</kw>
<kw name="Call Method" owner="BuiltIn">
<arg>${chrome_options}</arg>
<arg>add_argument</arg>
<arg>--disable-infobars</arg>
<doc>Calls the named method of the given object with the provided arguments.</doc>
<status status="PASS" start="2025-03-12T22:20:10.189338" elapsed="0.000091"/>
</kw>
<kw name="Set Variable" owner="BuiltIn">
<msg time="2025-03-12T22:20:10.189657" level="INFO">${chrome_options.binary_location} = C:/Program Files/Google/ChromeNew/chrome-win64/chrome.exe</msg>
<var>${chrome_options.binary_location}</var>
<arg>${CHROME_BROWSER_PATH}</arg>
<doc>Returns the given values which can then be assigned to a variables.</doc>
<status status="PASS" start="2025-03-12T22:20:10.189513" elapsed="0.000169"/>
</kw>
<kw name="Evaluate" owner="BuiltIn">
<msg time="2025-03-12T22:20:10.190463" level="INFO">${service} = &lt;selenium.webdriver.chrome.service.Service object at 0x0000023A4588BB60&gt;</msg>
<var>${service}</var>
<arg>sys.modules["selenium.webdriver.chrome.service"].Service(executable_path=r"${CHROME_DRIVER_PATH}")</arg>
<doc>Evaluates the given expression in Python and returns the result.</doc>
<status status="PASS" start="2025-03-12T22:20:10.189771" elapsed="0.000727"/>
</kw>
<kw name="Create Webdriver" owner="SeleniumLibrary">
<msg time="2025-03-12T22:20:10.190830" level="INFO">Creating an instance of the Chrome WebDriver.</msg>
<msg time="2025-03-12T22:20:10.191059" level="INFO">Cannot capture screenshot because no browser is open.</msg>
<msg time="2025-03-12T22:20:10.191160" level="FAIL">NoSuchDriverException: Message: Unable to obtain driver for chrome; For documentation on this error, please visit: https://www.selenium.dev/documentation/webdriver/troubleshooting/errors/driver_location
</msg>
<arg>Chrome</arg>
<arg>options=${chrome_options}</arg>
<arg>service=${service}</arg>
<doc>Creates an instance of Selenium WebDriver.</doc>
<status status="FAIL" start="2025-03-12T22:20:10.190627" elapsed="0.044446">NoSuchDriverException: Message: Unable to obtain driver for chrome; For documentation on this error, please visit: https://www.selenium.dev/documentation/webdriver/troubleshooting/errors/driver_location
</status>
</kw>
<kw name="Go To" owner="SeleniumLibrary">
<arg>${LOGIN URL}</arg>
<doc>Navigates the current browser window to the provided ``url``.</doc>
<status status="NOT RUN" start="2025-03-12T22:20:10.235274" elapsed="0.000031"/>
</kw>
<kw name="Login Page Should Be Open">
<status status="NOT RUN" start="2025-03-12T22:20:10.235455" elapsed="0.000028"/>
</kw>
<kw name="Maximize Browser Window" owner="SeleniumLibrary">
<doc>Maximizes current browser window.</doc>
<status status="NOT RUN" start="2025-03-12T22:20:10.235566" elapsed="0.000033"/>
</kw>
<status status="FAIL" start="2025-03-12T22:20:10.187077" elapsed="0.048644">NoSuchDriverException: Message: Unable to obtain driver for chrome; For documentation on this error, please visit: https://www.selenium.dev/documentation/webdriver/troubleshooting/errors/driver_location
</status>
</kw>
<kw name="Login Page Should Be Open">
<status status="NOT RUN" start="2025-03-12T22:20:10.236392" elapsed="0.000047"/>
</kw>
<kw name="User Login">
<status status="NOT RUN" start="2025-03-12T22:20:10.236760" elapsed="0.000032"/>
</kw>
<kw name="Sleep" owner="BuiltIn">
<arg>2s</arg>
<doc>Pauses the test executed for the given time.</doc>
<status status="NOT RUN" start="2025-03-12T22:20:10.237008" elapsed="0.000032"/>
</kw>
<kw name="Switch Language To">
<arg>th</arg>
<arg>ไทย</arg>
<status status="NOT RUN" start="2025-03-12T22:20:10.237392" elapsed="0.000033"/>
</kw>
<kw name="Get Source" owner="SeleniumLibrary">
<var>${html_source}</var>
<doc>Returns the entire HTML source of the current page or frame.</doc>
<status status="NOT RUN" start="2025-03-12T22:20:10.237654" elapsed="0.000031"/>
</kw>
<for flavor="IN">
<iter>
<kw name="Should Contain" owner="BuiltIn">
<arg>${html_source}</arg>
<arg>${word}</arg>
<doc>Fails if ``container`` does not contain ``item`` one or more times.</doc>
<status status="NOT RUN" start="2025-03-12T22:20:10.238284" elapsed="0.000041"/>
</kw>
<var name="${word}"/>
<status status="NOT RUN" start="2025-03-12T22:20:10.238129" elapsed="0.000263"/>
</iter>
<var>${word}</var>
<value>@{EXPECTED_WORDS_DASHBOARD_TH}</value>
<status status="NOT RUN" start="2025-03-12T22:20:10.237975" elapsed="0.000479"/>
</for>
<kw name="Close Browser" owner="SeleniumLibrary">
<doc>Closes the current browser.</doc>
<status status="NOT RUN" start="2025-03-12T22:20:10.238826" elapsed="0.000042"/>
</kw>
<tag>UAT001-OpenUserPage</tag>
<status status="FAIL" start="2025-03-12T22:20:10.186339" elapsed="0.052828">NoSuchDriverException: Message: Unable to obtain driver for chrome; For documentation on this error, please visit: https://www.selenium.dev/documentation/webdriver/troubleshooting/errors/driver_location
</status>
</test>
<test id="s1-t2" name="Profile Page Switch Language To TH" line="161">
<kw name="Open Browser To Login Page">
<kw name="Evaluate" owner="BuiltIn">
<msg time="2025-03-12T22:20:10.241170" level="INFO">${chrome_options} = &lt;selenium.webdriver.chrome.options.Options object at 0x0000023A45877390&gt;</msg>
<var>${chrome_options}</var>
<arg>sys.modules['selenium.webdriver'].ChromeOptions()</arg>
<arg>sys</arg>
<doc>Evaluates the given expression in Python and returns the result.</doc>
<status status="PASS" start="2025-03-12T22:20:10.240923" elapsed="0.000277"/>
</kw>
<kw name="Call Method" owner="BuiltIn">
<arg>${chrome_options}</arg>
<arg>add_argument</arg>
<arg>--disable-gpu</arg>
<doc>Calls the named method of the given object with the provided arguments.</doc>
<status status="PASS" start="2025-03-12T22:20:10.241502" elapsed="0.000140"/>
</kw>
<kw name="Call Method" owner="BuiltIn">
<arg>${chrome_options}</arg>
<arg>add_argument</arg>
<arg>--no-sandbox</arg>
<doc>Calls the named method of the given object with the provided arguments.</doc>
<status status="PASS" start="2025-03-12T22:20:10.241739" elapsed="0.000101"/>
</kw>
<kw name="Call Method" owner="BuiltIn">
<arg>${chrome_options}</arg>
<arg>add_argument</arg>
<arg>--disable-dev-shm-usage</arg>
<doc>Calls the named method of the given object with the provided arguments.</doc>
<status status="PASS" start="2025-03-12T22:20:10.241922" elapsed="0.000104"/>
</kw>
<kw name="Call Method" owner="BuiltIn">
<arg>${chrome_options}</arg>
<arg>add_argument</arg>
<arg>--start-maximized</arg>
<doc>Calls the named method of the given object with the provided arguments.</doc>
<status status="PASS" start="2025-03-12T22:20:10.242107" elapsed="0.000096"/>
</kw>
<kw name="Call Method" owner="BuiltIn">
<arg>${chrome_options}</arg>
<arg>add_argument</arg>
<arg>--disable-extensions</arg>
<doc>Calls the named method of the given object with the provided arguments.</doc>
<status status="PASS" start="2025-03-12T22:20:10.242296" elapsed="0.000098"/>
</kw>
<kw name="Call Method" owner="BuiltIn">
<arg>${chrome_options}</arg>
<arg>add_argument</arg>
<arg>--disable-popup-blocking</arg>
<doc>Calls the named method of the given object with the provided arguments.</doc>
<status status="PASS" start="2025-03-12T22:20:10.242473" elapsed="0.000096"/>
</kw>
<kw name="Call Method" owner="BuiltIn">
<arg>${chrome_options}</arg>
<arg>add_argument</arg>
<arg>--disable-infobars</arg>
<doc>Calls the named method of the given object with the provided arguments.</doc>
<status status="PASS" start="2025-03-12T22:20:10.242647" elapsed="0.000096"/>
</kw>
<kw name="Set Variable" owner="BuiltIn">
<msg time="2025-03-12T22:20:10.242967" level="INFO">${chrome_options.binary_location} = C:/Program Files/Google/ChromeNew/chrome-win64/chrome.exe</msg>
<var>${chrome_options.binary_location}</var>
<arg>${CHROME_BROWSER_PATH}</arg>
<doc>Returns the given values which can then be assigned to a variables.</doc>
<status status="PASS" start="2025-03-12T22:20:10.242826" elapsed="0.000164"/>
</kw>
<kw name="Evaluate" owner="BuiltIn">
<msg time="2025-03-12T22:20:10.243615" level="INFO">${service} = &lt;selenium.webdriver.chrome.service.Service object at 0x0000023A45877250&gt;</msg>
<var>${service}</var>
<arg>sys.modules["selenium.webdriver.chrome.service"].Service(executable_path=r"${CHROME_DRIVER_PATH}")</arg>
<doc>Evaluates the given expression in Python and returns the result.</doc>
<status status="PASS" start="2025-03-12T22:20:10.243069" elapsed="0.000580"/>
</kw>
<kw name="Create Webdriver" owner="SeleniumLibrary">
<msg time="2025-03-12T22:20:10.244242" level="INFO">Creating an instance of the Chrome WebDriver.</msg>
<msg time="2025-03-12T22:20:10.244512" level="INFO">Cannot capture screenshot because no browser is open.</msg>
<msg time="2025-03-12T22:20:10.244624" level="FAIL">NoSuchDriverException: Message: Unable to obtain driver for chrome; For documentation on this error, please visit: https://www.selenium.dev/documentation/webdriver/troubleshooting/errors/driver_location
</msg>
<arg>Chrome</arg>
<arg>options=${chrome_options}</arg>
<arg>service=${service}</arg>
<doc>Creates an instance of Selenium WebDriver.</doc>
<status status="FAIL" start="2025-03-12T22:20:10.243905" elapsed="0.003544">NoSuchDriverException: Message: Unable to obtain driver for chrome; For documentation on this error, please visit: https://www.selenium.dev/documentation/webdriver/troubleshooting/errors/driver_location
</status>
</kw>
<kw name="Go To" owner="SeleniumLibrary">
<arg>${LOGIN URL}</arg>
<doc>Navigates the current browser window to the provided ``url``.</doc>
<status status="NOT RUN" start="2025-03-12T22:20:10.247684" elapsed="0.000040"/>
</kw>
<kw name="Login Page Should Be Open">
<status status="NOT RUN" start="2025-03-12T22:20:10.247882" elapsed="0.000033"/>
</kw>
<kw name="Maximize Browser Window" owner="SeleniumLibrary">
<doc>Maximizes current browser window.</doc>
<status status="NOT RUN" start="2025-03-12T22:20:10.248019" elapsed="0.000030"/>
</kw>
<status status="FAIL" start="2025-03-12T22:20:10.240689" elapsed="0.007493">NoSuchDriverException: Message: Unable to obtain driver for chrome; For documentation on this error, please visit: https://www.selenium.dev/documentation/webdriver/troubleshooting/errors/driver_location
</status>
</kw>
<kw name="Login Page Should Be Open">
<status status="NOT RUN" start="2025-03-12T22:20:10.248539" elapsed="0.000037"/>
</kw>
<kw name="User Login">
<status status="NOT RUN" start="2025-03-12T22:20:10.248828" elapsed="0.000034"/>
</kw>
<kw name="Go To" owner="SeleniumLibrary">
<arg>${SERVER}/profile</arg>
<doc>Navigates the current browser window to the provided ``url``.</doc>
<status status="NOT RUN" start="2025-03-12T22:20:10.249182" elapsed="0.000048"/>
</kw>
<kw name="Sleep" owner="BuiltIn">
<arg>2s</arg>
<doc>Pauses the test executed for the given time.</doc>
<status status="NOT RUN" start="2025-03-12T22:20:10.249497" elapsed="0.000036"/>
</kw>
<kw name="Switch Language To">
<arg>th</arg>
<arg>ไทย</arg>
<status status="NOT RUN" start="2025-03-12T22:20:10.249870" elapsed="0.000031"/>
</kw>
<kw name="Get Source" owner="SeleniumLibrary">
<var>${html_source}</var>
<doc>Returns the entire HTML source of the current page or frame.</doc>
<status status="NOT RUN" start="2025-03-12T22:20:10.250094" elapsed="0.000029"/>
</kw>
<kw name="Should Contain" owner="BuiltIn">
<arg>${html_source}</arg>
<arg>บัญชีผู้ใช้</arg>
<doc>Fails if ``container`` does not contain ``item`` one or more times.</doc>
<status status="NOT RUN" start="2025-03-12T22:20:10.250311" elapsed="0.000027"/>
</kw>
<kw name="Should Contain" owner="BuiltIn">
<arg>${html_source}</arg>
<arg>รหัสผ่าน</arg>
<doc>Fails if ``container`` does not contain ``item`` one or more times.</doc>
<status status="NOT RUN" start="2025-03-12T22:20:10.250495" elapsed="0.000027"/>
</kw>
<kw name="Should Contain" owner="BuiltIn">
<arg>${html_source}</arg>
<arg>ความเชี่ยวชาญ</arg>
<doc>Fails if ``container`` does not contain ``item`` one or more times.</doc>
<status status="NOT RUN" start="2025-03-12T22:20:10.250817" elapsed="0.000028"/>
</kw>
<kw name="Should Contain" owner="BuiltIn">
<arg>${html_source}</arg>
<arg>การศึกษา</arg>
<doc>Fails if ``container`` does not contain ``item`` one or more times.</doc>
<status status="NOT RUN" start="2025-03-12T22:20:10.251019" elapsed="0.000029"/>
</kw>
<kw name="Click Element" owner="SeleniumLibrary">
<arg>xpath=//span[contains(@class, 'menu-title') and text()='บัญชีผู้ใช้']</arg>
<doc>Click the element identified by ``locator``.</doc>
<status status="NOT RUN" start="2025-03-12T22:20:10.251267" elapsed="0.000034"/>
</kw>
<kw name="Sleep" owner="BuiltIn">
<arg>2s</arg>
<doc>Pauses the test executed for the given time.</doc>
<status status="NOT RUN" start="2025-03-12T22:20:10.251505" elapsed="0.000030"/>
</kw>
<kw name="Get Source" owner="SeleniumLibrary">
<var>${html_source}</var>
<doc>Returns the entire HTML source of the current page or frame.</doc>
<status status="NOT RUN" start="2025-03-12T22:20:10.251855" elapsed="0.000050"/>
</kw>
<kw name="Should Contain" owner="BuiltIn">
<arg>${html_source}</arg>
<arg>การตั้งค่าโปรไฟล์</arg>
<doc>Fails if ``container`` does not contain ``item`` one or more times.</doc>
<status status="NOT RUN" start="2025-03-12T22:20:10.252272" elapsed="0.000057"/>
</kw>
<kw name="Should Contain" owner="BuiltIn">
<arg>${html_source}</arg>
<arg>คำนำหน้า</arg>
<doc>Fails if ``container`` does not contain ``item`` one or more times.</doc>
<status status="NOT RUN" start="2025-03-12T22:20:10.252775" elapsed="0.000061"/>
</kw>
<kw name="Should Contain" owner="BuiltIn">
<arg>${html_source}</arg>
<arg>ชื่อ (ภาษาอังกฤษ)</arg>
<doc>Fails if ``container`` does not contain ``item`` one or more times.</doc>
<status status="NOT RUN" start="2025-03-12T22:20:10.253434" elapsed="0.000055"/>
</kw>
<kw name="Should Contain" owner="BuiltIn">
<arg>${html_source}</arg>
<arg>นามสกุล (ภาษาอังกฤษ)</arg>
<doc>Fails if ``container`` does not contain ``item`` one or more times.</doc>
<status status="NOT RUN" start="2025-03-12T22:20:10.254264" elapsed="0.000066"/>
</kw>
<kw name="Click Element" owner="SeleniumLibrary">
<arg>xpath=//span[contains(@class, 'menu-title') and text()='รหัสผ่าน']</arg>
<doc>Click the element identified by ``locator``.</doc>
<status status="NOT RUN" start="2025-03-12T22:20:10.254707" elapsed="0.000050"/>
</kw>
<kw name="Sleep" owner="BuiltIn">
<arg>2s</arg>
<doc>Pauses the test executed for the given time.</doc>
<status status="NOT RUN" start="2025-03-12T22:20:10.255041" elapsed="0.000036"/>
</kw>
<kw name="Get Source" owner="SeleniumLibrary">
<var>${html_source}</var>
<doc>Returns the entire HTML source of the current page or frame.</doc>
<status status="NOT RUN" start="2025-03-12T22:20:10.255286" elapsed="0.000033"/>
</kw>
<kw name="Should Contain" owner="BuiltIn">
<arg>${html_source}</arg>
<arg>รหัสผ่านเก่า</arg>
<doc>Fails if ``container`` does not contain ``item`` one or more times.</doc>
<status status="NOT RUN" start="2025-03-12T22:20:10.255510" elapsed="0.000034"/>
</kw>
<kw name="Should Contain" owner="BuiltIn">
<arg>${html_source}</arg>
<arg>รหัสผ่านใหม่</arg>
<doc>Fails if ``container`` does not contain ``item`` one or more times.</doc>
<status status="NOT RUN" start="2025-03-12T22:20:10.255787" elapsed="0.000036"/>
</kw>
<kw name="Should Contain" owner="BuiltIn">
<arg>${html_source}</arg>
<arg>ยืนยันรหัสผ่านใหม่</arg>
<doc>Fails if ``container`` does not contain ``item`` one or more times.</doc>
<status status="NOT RUN" start="2025-03-12T22:20:10.256006" elapsed="0.000029"/>
</kw>
<kw name="Should Contain" owner="BuiltIn">
<arg>${html_source}</arg>
<arg>การตั้งค่ารหัสผ่าน</arg>
<doc>Fails if ``container`` does not contain ``item`` one or more times.</doc>
<status status="NOT RUN" start="2025-03-12T22:20:10.256225" elapsed="0.000028"/>
</kw>
<kw name="Get Element Attribute" owner="SeleniumLibrary">
<var>${placeholder_value}</var>
<arg>id=inputpassword</arg>
<arg>placeholder</arg>
<doc>Returns the value of ``attribute`` from the element ``locator``.</doc>
<status status="NOT RUN" start="2025-03-12T22:20:10.256587" elapsed="0.000040"/>
</kw>
<kw name="Should Be Equal" owner="BuiltIn">
<arg>${placeholder_value}</arg>
<arg>กรอกรหัสผ่านปัจจุบัน</arg>
<doc>Fails if the given objects are unequal.</doc>
<status status="NOT RUN" start="2025-03-12T22:20:10.256844" elapsed="0.000029"/>
</kw>
<kw name="Click Element" owner="SeleniumLibrary">
<arg>xpath=//span[contains(@class, 'menu-title') and text()='ความเชี่ยวชาญ']</arg>
<doc>Click the element identified by ``locator``.</doc>
<status status="NOT RUN" start="2025-03-12T22:20:10.257069" elapsed="0.000029"/>
</kw>
<kw name="Sleep" owner="BuiltIn">
<arg>2s</arg>
<doc>Pauses the test executed for the given time.</doc>
<status status="NOT RUN" start="2025-03-12T22:20:10.257282" elapsed="0.000028"/>
</kw>
<kw name="Get Source" owner="SeleniumLibrary">
<var>${html_source}</var>
<doc>Returns the entire HTML source of the current page or frame.</doc>
<status status="NOT RUN" start="2025-03-12T22:20:10.257495" elapsed="0.000028"/>
</kw>
<kw name="Should Contain" owner="BuiltIn">
<arg>${html_source}</arg>
<arg>ความเชี่ยวชาญ</arg>
<doc>Fails if ``container`` does not contain ``item`` one or more times.</doc>
<status status="NOT RUN" start="2025-03-12T22:20:10.257706" elapsed="0.000028"/>
</kw>
<kw name="Wait Until Element Is Visible" owner="SeleniumLibrary">
<arg>xpath=//button[contains(@data-target, '#crud-modal') and contains(., 'เพิ่มความเชี่ยวชาญ')]</arg>
<arg>2s</arg>
<doc>Waits until the element ``locator`` is visible.</doc>
<status status="NOT RUN" start="2025-03-12T22:20:10.257919" elapsed="0.000028"/>
</kw>
<kw name="Get Text" owner="SeleniumLibrary">
<var>${button_text}</var>
<arg>xpath=//button[contains(@data-target, '#crud-modal')]</arg>
<doc>Returns the text value of the element identified by ``locator``.</doc>
<status status="NOT RUN" start="2025-03-12T22:20:10.258126" elapsed="0.000027"/>
</kw>
<kw name="Should Contain" owner="BuiltIn">
<arg>${button_text}</arg>
<arg>เพิ่มความเชี่ยวชาญ</arg>
<doc>Fails if ``container`` does not contain ``item`` one or more times.</doc>
<status status="NOT RUN" start="2025-03-12T22:20:10.258506" elapsed="0.000028"/>
</kw>
<kw name="Click Element" owner="SeleniumLibrary">
<arg>xpath=//span[contains(@class, 'menu-title') and text()='การศึกษา']</arg>
<doc>Click the element identified by ``locator``.</doc>
<status status="NOT RUN" start="2025-03-12T22:20:10.258703" elapsed="0.000027"/>
</kw>
<kw name="Sleep" owner="BuiltIn">
<arg>2s</arg>
<doc>Pauses the test executed for the given time.</doc>
<status status="NOT RUN" start="2025-03-12T22:20:10.258968" elapsed="0.000043"/>
</kw>
<kw name="Get Source" owner="SeleniumLibrary">
<var>${html_source}</var>
<doc>Returns the entire HTML source of the current page or frame.</doc>
<status status="NOT RUN" start="2025-03-12T22:20:10.259410" elapsed="0.000053"/>
</kw>
<kw name="Should Contain" owner="BuiltIn">
<arg>${html_source}</arg>
<arg>ประวัติการศึกษา</arg>
<doc>Fails if ``container`` does not contain ``item`` one or more times.</doc>
<status status="NOT RUN" start="2025-03-12T22:20:10.259806" elapsed="0.000044"/>
</kw>
<kw name="Should Contain" owner="BuiltIn">
<arg>${html_source}</arg>
<arg>ปริญญาตรี</arg>
<doc>Fails if ``container`` does not contain ``item`` one or more times.</doc>
<status status="NOT RUN" start="2025-03-12T22:20:10.260098" elapsed="0.000030"/>
</kw>
<kw name="Should Contain" owner="BuiltIn">
<arg>${html_source}</arg>
<arg>ชื่อมหาวิทยาลัย</arg>
<doc>Fails if ``container`` does not contain ``item`` one or more times.</doc>
<status status="NOT RUN" start="2025-03-12T22:20:10.260300" elapsed="0.000029"/>
</kw>
<kw name="Should Contain" owner="BuiltIn">
<arg>${html_source}</arg>
<arg>ชื่อวุฒิปริญญา</arg>
<doc>Fails if ``container`` does not contain ``item`` one or more times.</doc>
<status status="NOT RUN" start="2025-03-12T22:20:10.260492" elapsed="0.000028"/>
</kw>
<kw name="Should Contain" owner="BuiltIn">
<arg>${html_source}</arg>
<arg>ปี พ.ศ. ที่จบ</arg>
<doc>Fails if ``container`` does not contain ``item`` one or more times.</doc>
<status status="NOT RUN" start="2025-03-12T22:20:10.260816" elapsed="0.000029"/>
</kw>
<kw name="Should Contain" owner="BuiltIn">
<arg>${html_source}</arg>
<arg>ปริญญาโท</arg>
<doc>Fails if ``container`` does not contain ``item`` one or more times.</doc>
<status status="NOT RUN" start="2025-03-12T22:20:10.261001" elapsed="0.000028"/>
</kw>
<kw name="Should Contain" owner="BuiltIn">
<arg>${html_source}</arg>
<arg>ปริญญาเอก</arg>
<doc>Fails if ``container`` does not contain ``item`` one or more times.</doc>
<status status="NOT RUN" start="2025-03-12T22:20:10.261184" elapsed="0.000029"/>
</kw>
<kw name="Close Browser" owner="SeleniumLibrary">
<doc>Closes the current browser.</doc>
<status status="NOT RUN" start="2025-03-12T22:20:10.261385" elapsed="0.000029"/>
</kw>
<tag>Profile</tag>
<status status="FAIL" start="2025-03-12T22:20:10.240255" elapsed="0.021530">NoSuchDriverException: Message: Unable to obtain driver for chrome; For documentation on this error, please visit: https://www.selenium.dev/documentation/webdriver/troubleshooting/errors/driver_location
</status>
</test>
<test id="s1-t3" name="Funds Page Switch Language To TH" line="213">
<kw name="Open Browser To Login Page">
<kw name="Evaluate" owner="BuiltIn">
<msg time="2025-03-12T22:20:10.263699" level="INFO">${chrome_options} = &lt;selenium.webdriver.chrome.options.Options object at 0x0000023A45877B10&gt;</msg>
<var>${chrome_options}</var>
<arg>sys.modules['selenium.webdriver'].ChromeOptions()</arg>
<arg>sys</arg>
<doc>Evaluates the given expression in Python and returns the result.</doc>
<status status="PASS" start="2025-03-12T22:20:10.263434" elapsed="0.000301"/>
</kw>
<kw name="Call Method" owner="BuiltIn">
<arg>${chrome_options}</arg>
<arg>add_argument</arg>
<arg>--disable-gpu</arg>
<doc>Calls the named method of the given object with the provided arguments.</doc>
<status status="PASS" start="2025-03-12T22:20:10.263841" elapsed="0.000124"/>
</kw>
<kw name="Call Method" owner="BuiltIn">
<arg>${chrome_options}</arg>
<arg>add_argument</arg>
<arg>--no-sandbox</arg>
<doc>Calls the named method of the given object with the provided arguments.</doc>
<status status="PASS" start="2025-03-12T22:20:10.264059" elapsed="0.000118"/>
</kw>
<kw name="Call Method" owner="BuiltIn">
<arg>${chrome_options}</arg>
<arg>add_argument</arg>
<arg>--disable-dev-shm-usage</arg>
<doc>Calls the named method of the given object with the provided arguments.</doc>
<status status="PASS" start="2025-03-12T22:20:10.264269" elapsed="0.000112"/>
</kw>
<kw name="Call Method" owner="BuiltIn">
<arg>${chrome_options}</arg>
<arg>add_argument</arg>
<arg>--start-maximized</arg>
<doc>Calls the named method of the given object with the provided arguments.</doc>
<status status="PASS" start="2025-03-12T22:20:10.264472" elapsed="0.000116"/>
</kw>
<kw name="Call Method" owner="BuiltIn">
<arg>${chrome_options}</arg>
<arg>add_argument</arg>
<arg>--disable-extensions</arg>
<doc>Calls the named method of the given object with the provided arguments.</doc>
<status status="PASS" start="2025-03-12T22:20:10.264681" elapsed="0.000125"/>
</kw>
<kw name="Call Method" owner="BuiltIn">
<arg>${chrome_options}</arg>
<arg>add_argument</arg>
<arg>--disable-popup-blocking</arg>
<doc>Calls the named method of the given object with the provided arguments.</doc>
<status status="PASS" start="2025-03-12T22:20:10.264892" elapsed="0.000106"/>
</kw>
<kw name="Call Method" owner="BuiltIn">
<arg>${chrome_options}</arg>
<arg>add_argument</arg>
<arg>--disable-infobars</arg>
<doc>Calls the named method of the given object with the provided arguments.</doc>
<status status="PASS" start="2025-03-12T22:20:10.265082" elapsed="0.000105"/>
</kw>
<kw name="Set Variable" owner="BuiltIn">
<msg time="2025-03-12T22:20:10.265414" level="INFO">${chrome_options.binary_location} = C:/Program Files/Google/ChromeNew/chrome-win64/chrome.exe</msg>
<var>${chrome_options.binary_location}</var>
<arg>${CHROME_BROWSER_PATH}</arg>
<doc>Returns the given values which can then be assigned to a variables.</doc>
<status status="PASS" start="2025-03-12T22:20:10.265274" elapsed="0.000185"/>
</kw>
<kw name="Evaluate" owner="BuiltIn">
<msg time="2025-03-12T22:20:10.266183" level="INFO">${service} = &lt;selenium.webdriver.chrome.service.Service object at 0x0000023A45877C50&gt;</msg>
<var>${service}</var>
<arg>sys.modules["selenium.webdriver.chrome.service"].Service(executable_path=r"${CHROME_DRIVER_PATH}")</arg>
<doc>Evaluates the given expression in Python and returns the result.</doc>
<status status="PASS" start="2025-03-12T22:20:10.265548" elapsed="0.000674"/>
</kw>
<kw name="Create Webdriver" owner="SeleniumLibrary">
<msg time="2025-03-12T22:20:10.266557" level="INFO">Creating an instance of the Chrome WebDriver.</msg>
<msg time="2025-03-12T22:20:10.266785" level="INFO">Cannot capture screenshot because no browser is open.</msg>
<msg time="2025-03-12T22:20:10.266883" level="FAIL">NoSuchDriverException: Message: Unable to obtain driver for chrome; For documentation on this error, please visit: https://www.selenium.dev/documentation/webdriver/troubleshooting/errors/driver_location
</msg>
<arg>Chrome</arg>
<arg>options=${chrome_options}</arg>
<arg>service=${service}</arg>
<doc>Creates an instance of Selenium WebDriver.</doc>
<status status="FAIL" start="2025-03-12T22:20:10.266363" elapsed="0.002620">NoSuchDriverException: Message: Unable to obtain driver for chrome; For documentation on this error, please visit: https://www.selenium.dev/documentation/webdriver/troubleshooting/errors/driver_location
</status>
</kw>
<kw name="Go To" owner="SeleniumLibrary">
<arg>${LOGIN URL}</arg>
<doc>Navigates the current browser window to the provided ``url``.</doc>
<status status="NOT RUN" start="2025-03-12T22:20:10.269164" elapsed="0.000027"/>
</kw>
<kw name="Login Page Should Be Open">
<status status="NOT RUN" start="2025-03-12T22:20:10.269315" elapsed="0.000026"/>
</kw>
<kw name="Maximize Browser Window" owner="SeleniumLibrary">
<doc>Maximizes current browser window.</doc>
<status status="NOT RUN" start="2025-03-12T22:20:10.269415" elapsed="0.000022"/>
</kw>
<status status="FAIL" start="2025-03-12T22:20:10.263185" elapsed="0.006343">NoSuchDriverException: Message: Unable to obtain driver for chrome; For documentation on this error, please visit: https://www.selenium.dev/documentation/webdriver/troubleshooting/errors/driver_location
</status>
</kw>
<kw name="Login Page Should Be Open">
<status status="NOT RUN" start="2025-03-12T22:20:10.269783" elapsed="0.000024"/>
</kw>
<kw name="User Login">
<status status="NOT RUN" start="2025-03-12T22:20:10.269980" elapsed="0.000021"/>
</kw>
<kw name="Go To" owner="SeleniumLibrary">
<arg>${SERVER}/funds</arg>
<doc>Navigates the current browser window to the provided ``url``.</doc>
<status status="NOT RUN" start="2025-03-12T22:20:10.270143" elapsed="0.000022"/>
</kw>
<kw name="Sleep" owner="BuiltIn">
<arg>2s</arg>
<doc>Pauses the test executed for the given time.</doc>
<status status="NOT RUN" start="2025-03-12T22:20:10.270312" elapsed="0.000022"/>
</kw>
<kw name="Switch Language To">
<arg>th</arg>
<arg>ไทย</arg>
<status status="NOT RUN" start="2025-03-12T22:20:10.270577" elapsed="0.000024"/>
</kw>
<kw name="Sleep" owner="BuiltIn">
<arg>2s</arg>
<doc>Pauses the test executed for the given time.</doc>
<status status="NOT RUN" start="2025-03-12T22:20:10.270747" elapsed="0.000022"/>
</kw>
<kw name="Get Source" owner="SeleniumLibrary">
<var>${html_source}</var>
<doc>Returns the entire HTML source of the current page or frame.</doc>
<status status="NOT RUN" start="2025-03-12T22:20:10.270927" elapsed="0.000020"/>
</kw>
<kw name="Should Contain" owner="BuiltIn">
<arg>${html_source}</arg>
<arg>ทุนวิจัย</arg>
<doc>Fails if ``container`` does not contain ``item`` one or more times.</doc>
<status status="NOT RUN" start="2025-03-12T22:20:10.271092" elapsed="0.000021"/>
</kw>
<kw name="Should Contain" owner="BuiltIn">
<arg>${html_source}</arg>
<arg>ชื่อทุน</arg>
<doc>Fails if ``container`` does not contain ``item`` one or more times.</doc>
<status status="NOT RUN" start="2025-03-12T22:20:10.271739" elapsed="0.000026"/>
</kw>
<kw name="Should Contain" owner="BuiltIn">
<arg>${html_source}</arg>
<arg>ประเภททุน</arg>
<doc>Fails if ``container`` does not contain ``item`` one or more times.</doc>
<status status="NOT RUN" start="2025-03-12T22:20:10.271884" elapsed="0.000020"/>
</kw>
<kw name="Should Contain" owner="BuiltIn">
<arg>${html_source}</arg>
<arg>ระดับทุน</arg>
<doc>Fails if ``container`` does not contain ``item`` one or more times.</doc>
<status status="NOT RUN" start="2025-03-12T22:20:10.272014" elapsed="0.000020"/>
</kw>
<kw name="Should Match Regexp" owner="BuiltIn">
<arg>${html_source}</arg>
<arg>.*Statistical Thai*.</arg>
<doc>Fails if ``string`` does not match ``pattern`` as a regular expression.</doc>
<status status="NOT RUN" start="2025-03-12T22:20:10.272146" elapsed="0.000020"/>
</kw>
<kw name="Should Contain" owner="BuiltIn">
<arg>${html_source}</arg>
<arg>ทุนภายใน</arg>
<doc>Fails if ``container`` does not contain ``item`` one or more times.</doc>
<status status="NOT RUN" start="2025-03-12T22:20:10.272405" elapsed="0.000023"/>
</kw>
<kw name="Should Contain" owner="BuiltIn">
<arg>${html_source}</arg>
<arg>ไม่ระบุ</arg>
<doc>Fails if ``container`` does not contain ``item`` one or more times.</doc>
<status status="NOT RUN" start="2025-03-12T22:20:10.272553" elapsed="0.000021"/>
</kw>
<kw name="Click Element" owner="SeleniumLibrary">
<arg>${ADD_BUTTON_XPATH}</arg>
<doc>Click the element identified by ``locator``.</doc>
<status status="NOT RUN" start="2025-03-12T22:20:10.272708" elapsed="0.000020"/>
</kw>
<kw name="Sleep" owner="BuiltIn">
<arg>2s</arg>
<doc>Pauses the test executed for the given time.</doc>
<status status="NOT RUN" start="2025-03-12T22:20:10.272842" elapsed="0.000020"/>
</kw>
<kw name="Get Source" owner="SeleniumLibrary">
<var>${html_source}</var>
<doc>Returns the entire HTML source of the current page or frame.</doc>
<status status="NOT RUN" start="2025-03-12T22:20:10.273041" elapsed="0.000021"/>
</kw>
<kw name="Should Contain" owner="BuiltIn">
<arg>${html_source}</arg>
<arg>เพิ่มทุนวิจัย</arg>
<doc>Fails if ``container`` does not contain ``item`` one or more times.</doc>
<status status="NOT RUN" start="2025-03-12T22:20:10.273174" elapsed="0.000020"/>
</kw>
<kw name="Should Contain" owner="BuiltIn">
<arg>${html_source}</arg>
<arg>กรอกรายละเอียดทุนวิจัย</arg>
<doc>Fails if ``container`` does not contain ``item`` one or more times.</doc>
<status status="NOT RUN" start="2025-03-12T22:20:10.273305" elapsed="0.000021"/>
</kw>
<kw name="Should Contain" owner="BuiltIn">
<arg>${html_source}</arg>
<arg>ประเภททุนวิจัย</arg>
<doc>Fails if ``container`` does not contain ``item`` one or more times.</doc>
<status status="NOT RUN" start="2025-03-12T22:20:10.273435" elapsed="0.000020"/>
</kw>
<kw name="Should Contain" owner="BuiltIn">
<arg>${html_source}</arg>
<arg>ระดับทุน</arg>
<doc>Fails if ``container`` does not contain ``item`` one or more times.</doc>
<status status="NOT RUN" start="2025-03-12T22:20:10.273565" elapsed="0.000020"/>
</kw>
<kw name="Should Contain" owner="BuiltIn">
<arg>${html_source}</arg>
<arg>ชื่อทุน</arg>
<doc>Fails if ``container`` does not contain ``item`` one or more times.</doc>
<status status="NOT RUN" start="2025-03-12T22:20:10.273695" elapsed="0.000020"/>
</kw>
<kw name="Should Contain" owner="BuiltIn">
<arg>${html_source}</arg>
<arg>หน่วยงานที่สนับสนุน / โครงการวิจัย</arg>
<doc>Fails if ``container`` does not contain ``item`` one or more times.</doc>
<status status="NOT RUN" start="2025-03-12T22:20:10.273832" elapsed="0.000020"/>
</kw>
<kw name="Set Variable" owner="BuiltIn">
<var>${DROPDOWN_XPATH}</var>
<arg>//select[@id="fund_type"]</arg>
<doc>Returns the given values which can then be assigned to a variables.</doc>
<status status="NOT RUN" start="2025-03-12T22:20:10.274342" elapsed="0.000056"/>
</kw>
<kw name="Get List Items" owner="SeleniumLibrary">
<var>${options}</var>
<arg>${DROPDOWN_XPATH}</arg>
<doc>Returns all labels or values of selection list ``locator``.</doc>
<status status="NOT RUN" start="2025-03-12T22:20:10.274809" elapsed="0.000050"/>
</kw>
<kw name="Should Contain" owner="BuiltIn">
<arg>${options}</arg>
<arg>โปรดระบุประเภททุน</arg>
<doc>Fails if ``container`` does not contain ``item`` one or more times.</doc>
<status status="NOT RUN" start="2025-03-12T22:20:10.275126" elapsed="0.000042"/>
</kw>
<kw name="Should Contain" owner="BuiltIn">
<arg>${options}</arg>
<arg>ทุนภายใน</arg>
<doc>Fails if ``container`` does not contain ``item`` one or more times.</doc>
<status status="NOT RUN" start="2025-03-12T22:20:10.275391" elapsed="0.000035"/>
</kw>
<kw name="Should Contain" owner="BuiltIn">
<arg>${options}</arg>
<arg>ทุนภายนอก</arg>
<doc>Fails if ``container`` does not contain ``item`` one or more times.</doc>
<status status="NOT RUN" start="2025-03-12T22:20:10.275626" elapsed="0.000036"/>
</kw>
<kw name="Set Variable" owner="BuiltIn">
<var>${DROPDOWN_XPATH}</var>
<arg>//select[@name="fund_level"]</arg>
<doc>Returns the given values which can then be assigned to a variables.</doc>
<status status="NOT RUN" start="2025-03-12T22:20:10.275842" elapsed="0.000029"/>
</kw>
<kw name="Get List Items" owner="SeleniumLibrary">
<var>${options}</var>
<arg>${DROPDOWN_XPATH}</arg>
<doc>Returns all labels or values of selection list ``locator``.</doc>
<status status="NOT RUN" start="2025-03-12T22:20:10.276044" elapsed="0.000030"/>
</kw>
<kw name="Should Contain" owner="BuiltIn">
<arg>${options}</arg>
<arg>โปรดระบุระดับทุน</arg>
<doc>Fails if ``container`` does not contain ``item`` one or more times.</doc>
<status status="NOT RUN" start="2025-03-12T22:20:10.276239" elapsed="0.000029"/>
</kw>
<kw name="Should Contain" owner="BuiltIn">
<arg>${options}</arg>
<arg>ไม่ระบุ</arg>
<doc>Fails if ``container`` does not contain ``item`` one or more times.</doc>
<status status="NOT RUN" start="2025-03-12T22:20:10.276431" elapsed="0.000028"/>
</kw>
<kw name="Should Contain" owner="BuiltIn">
<arg>${options}</arg>
<arg>สูง</arg>
<doc>Fails if ``container`` does not contain ``item`` one or more times.</doc>
<status status="NOT RUN" start="2025-03-12T22:20:10.276704" elapsed="0.000029"/>
</kw>
<kw name="Should Contain" owner="BuiltIn">
<arg>${options}</arg>
<arg>กลาง</arg>
<doc>Fails if ``container`` does not contain ``item`` one or more times.</doc>
<status status="NOT RUN" start="2025-03-12T22:20:10.276876" elapsed="0.000024"/>
</kw>
<kw name="Should Contain" owner="BuiltIn">
<arg>${options}</arg>
<arg>ต่ำ</arg>
<doc>Fails if ``container`` does not contain ``item`` one or more times.</doc>
<status status="NOT RUN" start="2025-03-12T22:20:10.277038" elapsed="0.000025"/>
</kw>
<kw name="Go To" owner="SeleniumLibrary">
<arg>${SERVER}/funds</arg>
<doc>Navigates the current browser window to the provided ``url``.</doc>
<status status="NOT RUN" start="2025-03-12T22:20:10.277207" elapsed="0.000025"/>
</kw>
<kw name="Sleep" owner="BuiltIn">
<arg>1s</arg>
<doc>Pauses the test executed for the given time.</doc>
<status status="NOT RUN" start="2025-03-12T22:20:10.277366" elapsed="0.000026"/>
</kw>
<kw name="Wait Until Element Is Visible" owner="SeleniumLibrary">
<arg>${VIEW_BUTTON_XPATH}</arg>
<arg>timeout=1s</arg>
<doc>Waits until the element ``locator`` is visible.</doc>
<status status="NOT RUN" start="2025-03-12T22:20:10.277533" elapsed="0.000025"/>
</kw>
<kw name="Click Element" owner="SeleniumLibrary">
<arg>${VIEW_BUTTON_XPATH}</arg>
<doc>Click the element identified by ``locator``.</doc>
<status status="NOT RUN" start="2025-03-12T22:20:10.277705" elapsed="0.000025"/>
</kw>
<kw name="Sleep" owner="BuiltIn">
<arg>2s</arg>
<doc>Pauses the test executed for the given time.</doc>
<status status="NOT RUN" start="2025-03-12T22:20:10.277854" elapsed="0.000023"/>
</kw>
<kw name="Get Source" owner="SeleniumLibrary">
<var>${html_source}</var>
<doc>Returns the entire HTML source of the current page or frame.</doc>
<status status="NOT RUN" start="2025-03-12T22:20:10.278068" elapsed="0.000023"/>
</kw>
<kw name="Should Contain" owner="BuiltIn">
<arg>${html_source}</arg>
<arg>รายละเอียดทุน</arg>
<doc>Fails if ``container`` does not contain ``item`` one or more times.</doc>
<status status="NOT RUN" start="2025-03-12T22:20:10.278222" elapsed="0.000024"/>
</kw>
<kw name="Should Contain" owner="BuiltIn">
<arg>${html_source}</arg>
<arg>ชื่อทุน</arg>
<doc>Fails if ``container`` does not contain ``item`` one or more times.</doc>
<status status="NOT RUN" start="2025-03-12T22:20:10.278375" elapsed="0.000153"/>
</kw>
<kw name="Should Contain" owner="BuiltIn">
<arg>${html_source}</arg>
<arg>รายละเอียดทุน</arg>
<doc>Fails if ``container`` does not contain ``item`` one or more times.</doc>
<status status="NOT RUN" start="2025-03-12T22:20:10.278672" elapsed="0.000023"/>
</kw>
<kw name="Should Contain" owner="BuiltIn">
<arg>${html_source}</arg>
<arg>หน่วยงานที่ให้ทุน</arg>
<doc>Fails if ``container`` does not contain ``item`` one or more times.</doc>
<status status="NOT RUN" start="2025-03-12T22:20:10.278824" elapsed="0.000022"/>
</kw>
<kw name="Should Contain" owner="BuiltIn">
<arg>${html_source}</arg>
<arg>เพิ่มรายละเอียดโดย</arg>
<doc>Fails if ``container`` does not contain ``item`` one or more times.</doc>
<status status="NOT RUN" start="2025-03-12T22:20:10.278976" elapsed="0.000023"/>
</kw>
<kw name="Should Contain" owner="BuiltIn">
<arg>${html_source}</arg>
<arg>ย้อนกลับ</arg>
<doc>Fails if ``container`` does not contain ``item`` one or more times.</doc>
<status status="NOT RUN" start="2025-03-12T22:20:10.279128" elapsed="0.000023"/>
</kw>
<kw name="Get Text" owner="SeleniumLibrary">
<var>${fund_type}</var>
<arg>xpath=//p[contains(@class, 'card-text col-sm-9') and contains(text(), 'ทุนภายใน')]</arg>
<doc>Returns the text value of the element identified by ``locator``.</doc>
<status status="NOT RUN" start="2025-03-12T22:20:10.279285" elapsed="0.000023"/>
</kw>
<kw name="Should Be Equal As Strings" owner="BuiltIn">
<arg>${fund_type}</arg>
<arg>ทุนภายใน</arg>
<doc>Fails if objects are unequal after converting them to strings.</doc>
<status status="NOT RUN" start="2025-03-12T22:20:10.279515" elapsed="0.000027"/>
</kw>
<kw name="Get Text" owner="SeleniumLibrary">
<var>${added_by}</var>
<arg>xpath=//p[contains(@class, 'card-text col-sm-9') and contains(text(), 'พุธษดี ศิริแสงตระกูล')]</arg>
<doc>Returns the text value of the element identified by ``locator``.</doc>
<status status="NOT RUN" start="2025-03-12T22:20:10.279686" elapsed="0.000024"/>
</kw>
<kw name="Should Be Equal As Strings" owner="BuiltIn">
<arg>${added_by}</arg>
<arg>พุธษดี ศิริแสงตระกูล</arg>
<doc>Fails if objects are unequal after converting them to strings.</doc>
<status status="NOT RUN" start="2025-03-12T22:20:10.279840" elapsed="0.000022"/>
</kw>
<kw name="Go To" owner="SeleniumLibrary">
<arg>${SERVER}/funds</arg>
<doc>Navigates the current browser window to the provided ``url``.</doc>
<status status="NOT RUN" start="2025-03-12T22:20:10.279987" elapsed="0.000022"/>
</kw>
<kw name="Sleep" owner="BuiltIn">
<arg>2s</arg>
<doc>Pauses the test executed for the given time.</doc>
<status status="NOT RUN" start="2025-03-12T22:20:10.280126" elapsed="0.000022"/>
</kw>
<kw name="Wait Until Element Is Visible" owner="SeleniumLibrary">
<arg>${EDIT_BUTTON_XPATH}</arg>
<arg>timeout=2s</arg>
<doc>Waits until the element ``locator`` is visible.</doc>
<status status="NOT RUN" start="2025-03-12T22:20:10.280277" elapsed="0.000023"/>
</kw>
<kw name="Click Element" owner="SeleniumLibrary">
<arg>${EDIT_BUTTON_XPATH}</arg>
<doc>Click the element identified by ``locator``.</doc>
<status status="NOT RUN" start="2025-03-12T22:20:10.280442" elapsed="0.000025"/>
</kw>
<kw name="Get Source" owner="SeleniumLibrary">
<var>${html_source}</var>
<doc>Returns the entire HTML source of the current page or frame.</doc>
<status status="NOT RUN" start="2025-03-12T22:20:10.280597" elapsed="0.000022"/>
</kw>
<kw name="Should Contain" owner="BuiltIn">
<arg>${html_source}</arg>
<arg>แก้ไขกองทุน</arg>
<doc>Fails if ``container`` does not contain ``item`` one or more times.</doc>
<status status="NOT RUN" start="2025-03-12T22:20:10.280832" elapsed="0.000028"/>
</kw>
<kw name="Should Contain" owner="BuiltIn">
<arg>${html_source}</arg>
<arg>ประเภททุนวิจัย</arg>
<doc>Fails if ``container`` does not contain ``item`` one or more times.</doc>
<status status="NOT RUN" start="2025-03-12T22:20:10.281014" elapsed="0.000027"/>
</kw>
<kw name="Should Contain" owner="BuiltIn">
<arg>${html_source}</arg>
<arg>ระดับทุน</arg>
<doc>Fails if ``container`` does not contain ``item`` one or more times.</doc>
<status status="NOT RUN" start="2025-03-12T22:20:10.281191" elapsed="0.000027"/>
</kw>
<kw name="Should Contain" owner="BuiltIn">
<arg>${html_source}</arg>
<arg>ชื่อทุน</arg>
<doc>Fails if ``container`` does not contain ``item`` one or more times.</doc>
<status status="NOT RUN" start="2025-03-12T22:20:10.281366" elapsed="0.000027"/>
</kw>
<kw name="Should Contain" owner="BuiltIn">
<arg>${html_source}</arg>
<arg>หน่วยงานที่ให้ทุน</arg>
<doc>Fails if ``container`` does not contain ``item`` one or more times.</doc>
<status status="NOT RUN" start="2025-03-12T22:20:10.281540" elapsed="0.000028"/>
</kw>
<kw name="Sleep" owner="BuiltIn">
<arg>2s</arg>
<doc>Pauses the test executed for the given time.</doc>
<status status="NOT RUN" start="2025-03-12T22:20:10.281714" elapsed="0.000028"/>
</kw>
<kw name="Set Variable" owner="BuiltIn">
<var>${DROPDOWN_XPATH}</var>
<arg>//select[@id="fund_type"]</arg>
<doc>Returns the given values which can then be assigned to a variables.</doc>
<status status="NOT RUN" start="2025-03-12T22:20:10.281888" elapsed="0.000026"/>
</kw>
<kw name="Get List Items" owner="SeleniumLibrary">
<var>${options}</var>
<arg>${DROPDOWN_XPATH}</arg>
<doc>Returns all labels or values of selection list ``locator``.</doc>
<status status="NOT RUN" start="2025-03-12T22:20:10.282071" elapsed="0.000026"/>
</kw>
<kw name="Should Contain" owner="BuiltIn">
<arg>${options}</arg>
<arg>ทุนภายใน</arg>
<doc>Fails if ``container`` does not contain ``item`` one or more times.</doc>
<status status="NOT RUN" start="2025-03-12T22:20:10.282316" elapsed="0.000028"/>
</kw>
<kw name="Should Contain" owner="BuiltIn">
<arg>${options}</arg>
<arg>ทุนภายนอก</arg>
<doc>Fails if ``container`` does not contain ``item`` one or more times.</doc>
<status status="NOT RUN" start="2025-03-12T22:20:10.282488" elapsed="0.000026"/>
</kw>
<kw name="Set Variable" owner="BuiltIn">
<var>${DROPDOWN_XPATH}</var>
<arg>//select[@name="fund_level"]</arg>
<doc>Returns the given values which can then be assigned to a variables.</doc>
<status status="NOT RUN" start="2025-03-12T22:20:10.282661" elapsed="0.000026"/>
</kw>
<kw name="Get List Items" owner="SeleniumLibrary">
<var>${options}</var>
<arg>${DROPDOWN_XPATH}</arg>
<doc>Returns all labels or values of selection list ``locator``.</doc>
<status status="NOT RUN" start="2025-03-12T22:20:10.282841" elapsed="0.000026"/>
</kw>
<kw name="Should Contain" owner="BuiltIn">
<arg>${options}</arg>
<arg>ไม่ระบุ</arg>
<doc>Fails if ``container`` does not contain ``item`` one or more times.</doc>
<status status="NOT RUN" start="2025-03-12T22:20:10.283013" elapsed="0.000026"/>
</kw>
<kw name="Should Contain" owner="BuiltIn">
<arg>${options}</arg>
<arg>สูง</arg>
<doc>Fails if ``container`` does not contain ``item`` one or more times.</doc>
<status status="NOT RUN" start="2025-03-12T22:20:10.283185" elapsed="0.000027"/>
</kw>
<kw name="Should Contain" owner="BuiltIn">
<arg>${options}</arg>
<arg>กลาง</arg>
<doc>Fails if ``container`` does not contain ``item`` one or more times.</doc>
<status status="NOT RUN" start="2025-03-12T22:20:10.283361" elapsed="0.000027"/>
</kw>
<kw name="Should Contain" owner="BuiltIn">
<arg>${options}</arg>
<arg>ต่ำ</arg>
<doc>Fails if ``container`` does not contain ``item`` one or more times.</doc>
<status status="NOT RUN" start="2025-03-12T22:20:10.283540" elapsed="0.000029"/>
</kw>
<kw name="Close Browser" owner="SeleniumLibrary">
<doc>Closes the current browser.</doc>
<status status="NOT RUN" start="2025-03-12T22:20:10.284262" elapsed="0.000053"/>
</kw>
<tag>Fund</tag>
<status status="FAIL" start="2025-03-12T22:20:10.262721" elapsed="0.021963">NoSuchDriverException: Message: Unable to obtain driver for chrome; For documentation on this error, please visit: https://www.selenium.dev/documentation/webdriver/troubleshooting/errors/driver_location
</status>
</test>
<test id="s1-t4" name="Research Projects Page Switch Language To TH" line="308">
<kw name="Open Browser To Login Page">
<kw name="Evaluate" owner="BuiltIn">
<msg time="2025-03-12T22:20:10.287226" level="INFO">${chrome_options} = &lt;selenium.webdriver.chrome.options.Options object at 0x0000023A45867E10&gt;</msg>
<var>${chrome_options}</var>
<arg>sys.modules['selenium.webdriver'].ChromeOptions()</arg>
<arg>sys</arg>
<doc>Evaluates the given expression in Python and returns the result.</doc>
<status status="PASS" start="2025-03-12T22:20:10.286916" elapsed="0.000351"/>
</kw>
<kw name="Call Method" owner="BuiltIn">
<arg>${chrome_options}</arg>
<arg>add_argument</arg>
<arg>--disable-gpu</arg>
<doc>Calls the named method of the given object with the provided arguments.</doc>
<status status="PASS" start="2025-03-12T22:20:10.287408" elapsed="0.000163"/>
</kw>
<kw name="Call Method" owner="BuiltIn">
<arg>${chrome_options}</arg>
<arg>add_argument</arg>
<arg>--no-sandbox</arg>
<doc>Calls the named method of the given object with the provided arguments.</doc>
<status status="PASS" start="2025-03-12T22:20:10.287685" elapsed="0.000139"/>
</kw>
<kw name="Call Method" owner="BuiltIn">
<arg>${chrome_options}</arg>
<arg>add_argument</arg>
<arg>--disable-dev-shm-usage</arg>
<doc>Calls the named method of the given object with the provided arguments.</doc>
<status status="PASS" start="2025-03-12T22:20:10.287927" elapsed="0.000147"/>
</kw>
<kw name="Call Method" owner="BuiltIn">
<arg>${chrome_options}</arg>
<arg>add_argument</arg>
<arg>--start-maximized</arg>
<doc>Calls the named method of the given object with the provided arguments.</doc>
<status status="PASS" start="2025-03-12T22:20:10.288190" elapsed="0.000132"/>
</kw>
<kw name="Call Method" owner="BuiltIn">
<arg>${chrome_options}</arg>
<arg>add_argument</arg>
<arg>--disable-extensions</arg>
<doc>Calls the named method of the given object with the provided arguments.</doc>
<status status="PASS" start="2025-03-12T22:20:10.288431" elapsed="0.000133"/>
</kw>
<kw name="Call Method" owner="BuiltIn">
<arg>${chrome_options}</arg>
<arg>add_argument</arg>
<arg>--disable-popup-blocking</arg>
<doc>Calls the named method of the given object with the provided arguments.</doc>
<status status="PASS" start="2025-03-12T22:20:10.288674" elapsed="0.000137"/>
</kw>
<kw name="Call Method" owner="BuiltIn">
<arg>${chrome_options}</arg>
<arg>add_argument</arg>
<arg>--disable-infobars</arg>
<doc>Calls the named method of the given object with the provided arguments.</doc>
<status status="PASS" start="2025-03-12T22:20:10.288924" elapsed="0.000146"/>
</kw>
<kw name="Set Variable" owner="BuiltIn">
<msg time="2025-03-12T22:20:10.289502" level="INFO">${chrome_options.binary_location} = C:/Program Files/Google/ChromeNew/chrome-win64/chrome.exe</msg>
<var>${chrome_options.binary_location}</var>
<arg>${CHROME_BROWSER_PATH}</arg>
<doc>Returns the given values which can then be assigned to a variables.</doc>
<status status="PASS" start="2025-03-12T22:20:10.289238" elapsed="0.000305"/>
</kw>
<kw name="Evaluate" owner="BuiltIn">
<msg time="2025-03-12T22:20:10.290619" level="INFO">${service} = &lt;selenium.webdriver.chrome.service.Service object at 0x0000023A45867A80&gt;</msg>
<var>${service}</var>
<arg>sys.modules["selenium.webdriver.chrome.service"].Service(executable_path=r"${CHROME_DRIVER_PATH}")</arg>
<doc>Evaluates the given expression in Python and returns the result.</doc>
<status status="PASS" start="2025-03-12T22:20:10.289706" elapsed="0.000978"/>
</kw>
<kw name="Create Webdriver" owner="SeleniumLibrary">
<msg time="2025-03-12T22:20:10.291166" level="INFO">Creating an instance of the Chrome WebDriver.</msg>
<msg time="2025-03-12T22:20:10.291457" level="INFO">Cannot capture screenshot because no browser is open.</msg>
<msg time="2025-03-12T22:20:10.291582" level="FAIL">NoSuchDriverException: Message: Unable to obtain driver for chrome; For documentation on this error, please visit: https://www.selenium.dev/documentation/webdriver/troubleshooting/errors/driver_location
</msg>
<arg>Chrome</arg>
<arg>options=${chrome_options}</arg>
<arg>service=${service}</arg>
<doc>Creates an instance of Selenium WebDriver.</doc>
<status status="FAIL" start="2025-03-12T22:20:10.290887" elapsed="0.003726">NoSuchDriverException: Message: Unable to obtain driver for chrome; For documentation on this error, please visit: https://www.selenium.dev/documentation/webdriver/troubleshooting/errors/driver_location
</status>
</kw>
<kw name="Go To" owner="SeleniumLibrary">
<arg>${LOGIN URL}</arg>
<doc>Navigates the current browser window to the provided ``url``.</doc>
<status status="NOT RUN" start="2025-03-12T22:20:10.294874" elapsed="0.000043"/>
</kw>
<kw name="Login Page Should Be Open">
<status status="NOT RUN" start="2025-03-12T22:20:10.295093" elapsed="0.000035"/>
</kw>
<kw name="Maximize Browser Window" owner="SeleniumLibrary">
<doc>Maximizes current browser window.</doc>
<status status="NOT RUN" start="2025-03-12T22:20:10.295245" elapsed="0.000035"/>
</kw>
<status status="FAIL" start="2025-03-12T22:20:10.286611" elapsed="0.008801">NoSuchDriverException: Message: Unable to obtain driver for chrome; For documentation on this error, please visit: https://www.selenium.dev/documentation/webdriver/troubleshooting/errors/driver_location
</status>
</kw>
<kw name="Login Page Should Be Open">
<status status="NOT RUN" start="2025-03-12T22:20:10.295790" elapsed="0.000040"/>
</kw>
<kw name="User Login">
<status status="NOT RUN" start="2025-03-12T22:20:10.296101" elapsed="0.000034"/>
</kw>
<kw name="Go To" owner="SeleniumLibrary">
<arg>${SERVER}/researchProjects</arg>
<doc>Navigates the current browser window to the provided ``url``.</doc>
<status status="NOT RUN" start="2025-03-12T22:20:10.296334" elapsed="0.000035"/>
</kw>
<kw name="Sleep" owner="BuiltIn">
<arg>2s</arg>
<doc>Pauses the test executed for the given time.</doc>
<status status="NOT RUN" start="2025-03-12T22:20:10.296557" elapsed="0.000037"/>
</kw>
<kw name="Switch Language To">
<arg>th</arg>
<arg>ไทย</arg>
<status status="NOT RUN" start="2025-03-12T22:20:10.296932" elapsed="0.000039"/>
</kw>
<kw name="Get Source" owner="SeleniumLibrary">
<var>${html_source}</var>
<doc>Returns the entire HTML source of the current page or frame.</doc>
<status status="NOT RUN" start="2025-03-12T22:20:10.297179" elapsed="0.000046"/>
</kw>
<kw name="Should Contain" owner="BuiltIn">
<arg>${html_source}</arg>
<arg>โครงการวิจัย</arg>
<doc>Fails if ``container`` does not contain ``item`` one or more times.</doc>
<status status="NOT RUN" start="2025-03-12T22:20:10.297404" elapsed="0.000033"/>
</kw>
<kw name="Should Contain" owner="BuiltIn">
<arg>${html_source}</arg>
<arg>ปี</arg>
<doc>Fails if ``container`` does not contain ``item`` one or more times.</doc>
<status status="NOT RUN" start="2025-03-12T22:20:10.297620" elapsed="0.000033"/>
</kw>
<kw name="Should Contain" owner="BuiltIn">
<arg>${html_source}</arg>
<arg>ชื่อโครงการ</arg>
<doc>Fails if ``container`` does not contain ``item`` one or more times.</doc>
<status status="NOT RUN" start="2025-03-12T22:20:10.297910" elapsed="0.000029"/>
</kw>
<kw name="Should Contain" owner="BuiltIn">
<arg>${html_source}</arg>
<arg>หัวหน้ากลุ่มวิจัย</arg>
<doc>Fails if ``container`` does not contain ``item`` one or more times.</doc>
<status status="NOT RUN" start="2025-03-12T22:20:10.298095" elapsed="0.000033"/>
</kw>
<kw name="Should Contain" owner="BuiltIn">
<arg>${html_source}</arg>
<arg>สมาชิก</arg>
<doc>Fails if ``container`` does not contain ``item`` one or more times.</doc>
<status status="NOT RUN" start="2025-03-12T22:20:10.298291" elapsed="0.000112"/>
</kw>
<kw name="Should Contain" owner="BuiltIn">
<arg>${html_source}</arg>
<arg>การกระทำ</arg>
<doc>Fails if ``container`` does not contain ``item`` one or more times.</doc>
<status status="NOT RUN" start="2025-03-12T22:20:10.298579" elapsed="0.000029"/>
</kw>
<kw name="Should Contain" owner="BuiltIn">
<arg>${html_source}</arg>
<arg>ค้นหา</arg>
<doc>Fails if ``container`` does not contain ``item`` one or more times.</doc>
<status status="NOT RUN" start="2025-03-12T22:20:10.298771" elapsed="0.000034"/>
</kw>
<kw name="Click Element" owner="SeleniumLibrary">
<arg>${ADD_BUTTON_XPATH}</arg>
<doc>Click the element identified by ``locator``.</doc>
<status status="NOT RUN" start="2025-03-12T22:20:10.298978" elapsed="0.000030"/>
</kw>
<kw name="Get Source" owner="SeleniumLibrary">
<var>${html_source}</var>
<doc>Returns the entire HTML source of the current page or frame.</doc>
<status status="NOT RUN" start="2025-03-12T22:20:10.299171" elapsed="0.000029"/>
</kw>
<kw name="Should Contain" owner="BuiltIn">
<arg>${html_source}</arg>
<arg>เพิ่มข้อมูลโครงการวิจัย</arg>
<doc>Fails if ``container`` does not contain ``item`` one or more times.</doc>
<status status="NOT RUN" start="2025-03-12T22:20:10.299359" elapsed="0.000030"/>
</kw>
<kw name="Should Contain" owner="BuiltIn">
<arg>${html_source}</arg>
<arg>กรอกข้อมูลรายละเอียดโครงการวิจัย</arg>
<doc>Fails if ``container`` does not contain ``item`` one or more times.</doc>
<status status="NOT RUN" start="2025-03-12T22:20:10.299638" elapsed="0.000030"/>
</kw>
<kw name="Should Contain" owner="BuiltIn">
<arg>${html_source}</arg>
<arg>ชื่อโครงการวิจัย</arg>
<doc>Fails if ``container`` does not contain ``item`` one or more times.</doc>
<status status="NOT RUN" start="2025-03-12T22:20:10.299829" elapsed="0.000027"/>
</kw>
<kw name="Should Contain" owner="BuiltIn">
<arg>${html_source}</arg>
<arg>วันที่เริ่มต้น</arg>
<doc>Fails if ``container`` does not contain ``item`` one or more times.</doc>
<status status="NOT RUN" start="2025-03-12T22:20:10.300009" elapsed="0.000027"/>
</kw>
<kw name="Should Contain" owner="BuiltIn">
<arg>${html_source}</arg>
<arg>วันที่สิ้นสุด</arg>
<doc>Fails if ``container`` does not contain ``item`` one or more times.</doc>
<status status="NOT RUN" start="2025-03-12T22:20:10.300188" elapsed="0.000028"/>
</kw>
<kw name="Should Contain" owner="BuiltIn">
<arg>${html_source}</arg>
<arg>เลือกทุน</arg>
<doc>Fails if ``container`` does not contain ``item`` one or more times.</doc>
<status status="NOT RUN" start="2025-03-12T22:20:10.300566" elapsed="0.000058"/>
</kw>
<kw name="Should Contain" owner="BuiltIn">
<arg>${html_source}</arg>
<arg>ปีที่ยื่น (ค.ศ.)</arg>
<doc>Fails if ``container`` does not contain ``item`` one or more times.</doc>
<status status="NOT RUN" start="2025-03-12T22:20:10.300989" elapsed="0.000046"/>
</kw>
<kw name="Should Contain" owner="BuiltIn">
<arg>${html_source}</arg>
<arg>งบประมาณ</arg>
<doc>Fails if ``container`` does not contain ``item`` one or more times.</doc>
<status status="NOT RUN" start="2025-03-12T22:20:10.301250" elapsed="0.000032"/>
</kw>
<kw name="Should Contain" owner="BuiltIn">
<arg>${html_source}</arg>
<arg>หน่วยงานที่รับผิดชอบ</arg>
<doc>Fails if ``container`` does not contain ``item`` one or more times.</doc>
<status status="NOT RUN" start="2025-03-12T22:20:10.301479" elapsed="0.000033"/>
</kw>
<kw name="Should Contain" owner="BuiltIn">
<arg>${html_source}</arg>
<arg>รายละเอียดโครงการ</arg>
<doc>Fails if ``container`` does not contain ``item`` one or more times.</doc>
<status status="NOT RUN" start="2025-03-12T22:20:10.301780" elapsed="0.000035"/>
</kw>
<kw name="Should Contain" owner="BuiltIn">
<arg>${html_source}</arg>
<arg>status</arg>
<doc>Fails if ``container`` does not contain ``item`` one or more times.</doc>
<status status="NOT RUN" start="2025-03-12T22:20:10.302001" elapsed="0.000032"/>
</kw>
<kw name="Should Contain" owner="BuiltIn">
<arg>${html_source}</arg>
<arg>ผู้รับผิดชอบโครงการ</arg>
<doc>Fails if ``container`` does not contain ``item`` one or more times.</doc>
<status status="NOT RUN" start="2025-03-12T22:20:10.302213" elapsed="0.000032"/>
</kw>
<kw name="Should Contain" owner="BuiltIn">
<arg>${html_source}</arg>
<arg>ผู้รับผิดชอบโครงการ (ร่วม) ภายใน</arg>
<doc>Fails if ``container`` does not contain ``item`` one or more times.</doc>
<status status="NOT RUN" start="2025-03-12T22:20:10.302427" elapsed="0.000032"/>
</kw>
<kw name="Should Contain" owner="BuiltIn">
<arg>${html_source}</arg>
<arg>ผู้รับผิดชอบโครงการ (ร่วม) ภายนอก</arg>
<doc>Fails if ``container`` does not contain ``item`` one or more times.</doc>
<status status="NOT RUN" start="2025-03-12T22:20:10.302638" elapsed="0.000033"/>
</kw>
<kw name="Click Element" owner="SeleniumLibrary">
<arg>xpath=//*[@id="fund"]</arg>
<doc>Click the element identified by ``locator``.</doc>
<status status="NOT RUN" start="2025-03-12T22:20:10.302859" elapsed="0.000041"/>
</kw>
<kw name="Sleep" owner="BuiltIn">
<arg>1s</arg>
<doc>Pauses the test executed for the given time.</doc>
<status status="NOT RUN" start="2025-03-12T22:20:10.303059" elapsed="0.000029"/>
</kw>
<kw name="Click Element" owner="SeleniumLibrary">
<arg>xpath=//*[@id="dep"]</arg>
<doc>Click the element identified by ``locator``.</doc>
<status status="NOT RUN" start="2025-03-12T22:20:10.303253" elapsed="0.000028"/>
</kw>
<kw name="Sleep" owner="BuiltIn">
<arg>1s</arg>
<doc>Pauses the test executed for the given time.</doc>
<status status="NOT RUN" start="2025-03-12T22:20:10.303518" elapsed="0.000029"/>
</kw>
<kw name="Scroll Element Into View" owner="SeleniumLibrary">
<arg>//select[@class="custom-select my-select" and @id="status"]</arg>
<doc>Scrolls the element identified by ``locator`` into view.</doc>
<status status="NOT RUN" start="2025-03-12T22:20:10.303710" elapsed="0.000029"/>
</kw>
<kw name="Click Element" owner="SeleniumLibrary">
<arg>//select[@class="custom-select my-select" and @id="status"]</arg>
<doc>Click the element identified by ``locator``.</doc>
<status status="NOT RUN" start="2025-03-12T22:20:10.303901" elapsed="0.000026"/>
</kw>
<kw name="Sleep" owner="BuiltIn">
<arg>1s</arg>
<doc>Pauses the test executed for the given time.</doc>
<status status="NOT RUN" start="2025-03-12T22:20:10.304078" elapsed="0.000029"/>
</kw>
<kw name="Scroll Element Into View" owner="SeleniumLibrary">
<arg>//span[@id="select2-head0-container"]</arg>
<doc>Scrolls the element identified by ``locator`` into view.</doc>
<status status="NOT RUN" start="2025-03-12T22:20:10.304265" elapsed="0.000030"/>
</kw>
<kw name="Click Element" owner="SeleniumLibrary">
<arg>//span[@id="select2-head0-container"]</arg>
<doc>Click the element identified by ``locator``.</doc>
<status status="NOT RUN" start="2025-03-12T22:20:10.304451" elapsed="0.000034"/>
</kw>
<kw name="Element Should Contain" owner="SeleniumLibrary">
<arg>//span[@id="select2-head0-container"]</arg>
<arg>เลือกผู้ใช้</arg>
<doc>Verifies that element ``locator`` contains text ``expected``.</doc>
<status status="NOT RUN" start="2025-03-12T22:20:10.305005" elapsed="0.000051"/>
</kw>
<kw name="Should Contain" owner="BuiltIn">
<arg>${html_source}</arg>
<arg>อดิศร</arg>
<doc>Fails if ``container`` does not contain ``item`` one or more times.</doc>
<status status="NOT RUN" start="2025-03-12T22:20:10.305335" elapsed="0.000033"/>
</kw>
<kw name="Sleep" owner="BuiltIn">
<arg>1s</arg>
<doc>Pauses the test executed for the given time.</doc>
<status status="NOT RUN" start="2025-03-12T22:20:10.305716" elapsed="0.000030"/>
</kw>
<kw name="Scroll Element Into View" owner="SeleniumLibrary">
<arg>//span[@id="select2-selUser0-container"]</arg>
<doc>Scrolls the element identified by ``locator`` into view.</doc>
<status status="NOT RUN" start="2025-03-12T22:20:10.305914" elapsed="0.000029"/>
</kw>
<kw name="Click Element" owner="SeleniumLibrary">
<arg>//span[@id="select2-selUser0-container"]</arg>
<doc>Click the element identified by ``locator``.</doc>
<status status="NOT RUN" start="2025-03-12T22:20:10.306105" elapsed="0.000028"/>
</kw>
<kw name="Element Should Contain" owner="SeleniumLibrary">
<arg>//span[@id="select2-selUser0-container"]</arg>
<arg>เลือกผู้ใช้</arg>
<doc>Verifies that element ``locator`` contains text ``expected``.</doc>
<status status="NOT RUN" start="2025-03-12T22:20:10.306295" elapsed="0.000032"/>
</kw>
<kw name="Should Contain" owner="BuiltIn">
<arg>${html_source}</arg>
<arg>อดิศร</arg>
<doc>Fails if ``container`` does not contain ``item`` one or more times.</doc>
<status status="NOT RUN" start="2025-03-12T22:20:10.306491" elapsed="0.000030"/>
</kw>
<kw name="Go To" owner="SeleniumLibrary">
<arg>${SERVER}/researchProjects</arg>
<doc>Navigates the current browser window to the provided ``url``.</doc>
<status status="NOT RUN" start="2025-03-12T22:20:10.306799" elapsed="0.000041"/>
</kw>
<kw name="Wait Until Element Is Visible" owner="SeleniumLibrary">
<arg>${VIEW_BUTTON_XPATH}</arg>
<arg>timeout=10s</arg>
<doc>Waits until the element ``locator`` is visible.</doc>
<status status="NOT RUN" start="2025-03-12T22:20:10.307058" elapsed="0.000032"/>
</kw>
<kw name="Click Element" owner="SeleniumLibrary">
<arg>${VIEW_BUTTON_XPATH}</arg>
<doc>Click the element identified by ``locator``.</doc>
<status status="NOT RUN" start="2025-03-12T22:20:10.307306" elapsed="0.000036"/>
</kw>
<kw name="Sleep" owner="BuiltIn">
<arg>2s</arg>
<doc>Pauses the test executed for the given time.</doc>
<status status="NOT RUN" start="2025-03-12T22:20:10.307844" elapsed="0.000051"/>
</kw>
<kw name="Get Source" owner="SeleniumLibrary">
<var>${html_source}</var>
<doc>Returns the entire HTML source of the current page or frame.</doc>
<status status="NOT RUN" start="2025-03-12T22:20:10.308143" elapsed="0.000043"/>
</kw>
<kw name="Should Contain" owner="BuiltIn">
<arg>${html_source}</arg>
<arg>รายละเอียดโครงการวิจัย</arg>
<doc>Fails if ``container`` does not contain ``item`` one or more times.</doc>
<status status="NOT RUN" start="2025-03-12T22:20:10.308404" elapsed="0.000034"/>
</kw>
<kw name="Should Contain" owner="BuiltIn">
<arg>${html_source}</arg>
<arg>ชื่อโครงการ</arg>
<doc>Fails if ``container`` does not contain ``item`` one or more times.</doc>
<status status="NOT RUN" start="2025-03-12T22:20:10.308637" elapsed="0.000034"/>
</kw>
<kw name="Should Contain" owner="BuiltIn">
<arg>${html_source}</arg>
<arg>วันที่เริ่มต้น</arg>
<doc>Fails if ``container`` does not contain ``item`` one or more times.</doc>
<status status="NOT RUN" start="2025-03-12T22:20:10.308865" elapsed="0.000043"/>
</kw>
<kw name="Should Contain" owner="BuiltIn">
<arg>${html_source}</arg>
<arg>วันที่สิ้นสุด</arg>
<doc>Fails if ``container`` does not contain ``item`` one or more times.</doc>
<status status="NOT RUN" start="2025-03-12T22:20:10.309096" elapsed="0.000032"/>
</kw>
<kw name="Should Contain" owner="BuiltIn">
<arg>${html_source}</arg>
<arg>แหล่งทุนวิจัย</arg>
<doc>Fails if ``container`` does not contain ``item`` one or more times.</doc>
<status status="NOT RUN" start="2025-03-12T22:20:10.309311" elapsed="0.000033"/>
</kw>
<kw name="Should Contain" owner="BuiltIn">
<arg>${html_source}</arg>
<arg>จำนวนเงิน</arg>
<doc>Fails if ``container`` does not contain ``item`` one or more times.</doc>
<status status="NOT RUN" start="2025-03-12T22:20:10.309627" elapsed="0.000043"/>
</kw>
<kw name="Should Contain" owner="BuiltIn">
<arg>${html_source}</arg>
<arg>รายละเอียดโครงการ</arg>
<doc>Fails if ``container`` does not contain ``item`` one or more times.</doc>
<status status="NOT RUN" start="2025-03-12T22:20:10.310005" elapsed="0.000035"/>
</kw>
<kw name="Should Contain" owner="BuiltIn">
<arg>${html_source}</arg>
<arg>สถานะโครงการ</arg>
<doc>Fails if ``container`` does not contain ``item`` one or more times.</doc>
<status status="NOT RUN" start="2025-03-12T22:20:10.310218" elapsed="0.000030"/>
</kw>
<kw name="Should Contain" owner="BuiltIn">
<arg>${html_source}</arg>
<arg>ปิดโครงการ</arg>
<doc>Fails if ``container`` does not contain ``item`` one or more times.</doc>
<status status="NOT RUN" start="2025-03-12T22:20:10.310421" elapsed="0.000033"/>
</kw>
<kw name="Should Contain" owner="BuiltIn">
<arg>${html_source}</arg>
<arg>ผู้จัดการโครงการ</arg>
<doc>Fails if ``container`` does not contain ``item`` one or more times.</doc>
<status status="NOT RUN" start="2025-03-12T22:20:10.310634" elapsed="0.000030"/>
</kw>
<kw name="Should Contain" owner="BuiltIn">
<arg>${html_source}</arg>
<arg>ผศ.ดร. พุธษดี ศิริแสงตระกูล</arg>
<doc>Fails if ``container`` does not contain ``item`` one or more times.</doc>
<status status="NOT RUN" start="2025-03-12T22:20:10.310849" elapsed="0.000028"/>
</kw>
<kw name="Should Contain" owner="BuiltIn">
<arg>${html_source}</arg>
<arg>สมาชิก</arg>
<doc>Fails if ``container`` does not contain ``item`` one or more times.</doc>
<status status="NOT RUN" start="2025-03-12T22:20:10.311092" elapsed="0.000031"/>
</kw>
<kw name="Go To" owner="SeleniumLibrary">
<arg>${SERVER}/researchProjects</arg>
<doc>Navigates the current browser window to the provided ``url``.</doc>
<status status="NOT RUN" start="2025-03-12T22:20:10.311387" elapsed="0.000036"/>
</kw>
<kw name="Sleep" owner="BuiltIn">
<arg>2s</arg>
<doc>Pauses the test executed for the given time.</doc>
<status status="NOT RUN" start="2025-03-12T22:20:10.311848" elapsed="0.000077"/>
</kw>
<kw name="Wait Until Element Is Visible" owner="SeleniumLibrary">
<arg>${EDIT_BUTTON_XPATH}</arg>
<arg>timeout=2s</arg>
<doc>Waits until the element ``locator`` is visible.</doc>
<status status="NOT RUN" start="2025-03-12T22:20:10.312417" elapsed="0.000051"/>
</kw>
<kw name="Click Element" owner="SeleniumLibrary">
<arg>${EDIT_BUTTON_XPATH}</arg>
<doc>Click the element identified by ``locator``.</doc>
<status status="NOT RUN" start="2025-03-12T22:20:10.312735" elapsed="0.000035"/>
</kw>
<kw name="Get Source" owner="SeleniumLibrary">
<var>${html_source}</var>
<doc>Returns the entire HTML source of the current page or frame.</doc>
<status status="NOT RUN" start="2025-03-12T22:20:10.312972" elapsed="0.000028"/>
</kw>
<kw name="Should Contain" owner="BuiltIn">
<arg>${html_source}</arg>
<arg>แก้ไขข้อมูลโครงการวิจัย</arg>
<doc>Fails if ``container`` does not contain ``item`` one or more times.</doc>
<status status="NOT RUN" start="2025-03-12T22:20:10.313193" elapsed="0.000030"/>
</kw>
<kw name="Should Contain" owner="BuiltIn">
<arg>${html_source}</arg>
<arg>กรอกข้อมูลเพื่อแก้ไขรายละเอียดโครงการวิจัย</arg>
<doc>Fails if ``container`` does not contain ``item`` one or more times.</doc>
<status status="NOT RUN" start="2025-03-12T22:20:10.313394" elapsed="0.000032"/>
</kw>
<kw name="Should Contain" owner="BuiltIn">
<arg>${html_source}</arg>
<arg>ชื่อโครงการ</arg>
<doc>Fails if ``container`` does not contain ``item`` one or more times.</doc>
<status status="NOT RUN" start="2025-03-12T22:20:10.313596" elapsed="0.000028"/>
</kw>
<kw name="Should Contain" owner="BuiltIn">
<arg>${html_source}</arg>
<arg>วันที่เริ่มต้น</arg>
<doc>Fails if ``container`` does not contain ``item`` one or more times.</doc>
<status status="NOT RUN" start="2025-03-12T22:20:10.313896" elapsed="0.000031"/>
</kw>
<kw name="Should Contain" owner="BuiltIn">
<arg>${html_source}</arg>
<arg>วันที่สิ้นสุด</arg>
<doc>Fails if ``container`` does not contain ``item`` one or more times.</doc>
<status status="NOT RUN" start="2025-03-12T22:20:10.314141" elapsed="0.000031"/>
</kw>
<kw name="Should Contain" owner="BuiltIn">
<arg>${html_source}</arg>
<arg>เลือกทุน</arg>
<doc>Fails if ``container`` does not contain ``item`` one or more times.</doc>
<status status="NOT RUN" start="2025-03-12T22:20:10.314615" elapsed="0.000047"/>
</kw>
<kw name="Should Contain" owner="BuiltIn">
<arg>${html_source}</arg>
<arg>ปีที่ยื่น</arg>
<doc>Fails if ``container`` does not contain ``item`` one or more times.</doc>
<status status="NOT RUN" start="2025-03-12T22:20:10.314911" elapsed="0.000033"/>
</kw>
<kw name="Should Contain" owner="BuiltIn">
<arg>${html_source}</arg>
<arg>งบประมาณ</arg>
<doc>Fails if ``container`` does not contain ``item`` one or more times.</doc>
<status status="NOT RUN" start="2025-03-12T22:20:10.315177" elapsed="0.000037"/>
</kw>
<kw name="Should Contain" owner="BuiltIn">
<arg>${html_source}</arg>
<arg>หน่วยงานที่รับผิดชอบ</arg>
<doc>Fails if ``container`` does not contain ``item`` one or more times.</doc>
<status status="NOT RUN" start="2025-03-12T22:20:10.315403" elapsed="0.000031"/>
</kw>
<kw name="Should Contain" owner="BuiltIn">
<arg>${html_source}</arg>
<arg>รายละเอียดโครงการ</arg>
<doc>Fails if ``container`` does not contain ``item`` one or more times.</doc>
<status status="NOT RUN" start="2025-03-12T22:20:10.315656" elapsed="0.000032"/>
</kw>
<kw name="Should Contain" owner="BuiltIn">
<arg>${html_source}</arg>
<arg>สถานะ</arg>
<doc>Fails if ``container`` does not contain ``item`` one or more times.</doc>
<status status="NOT RUN" start="2025-03-12T22:20:10.315945" elapsed="0.000036"/>
</kw>
<kw name="Should Contain" owner="BuiltIn">
<arg>${html_source}</arg>
<arg>ผู้รับผิดชอบโครงการ</arg>
<doc>Fails if ``container`` does not contain ``item`` one or more times.</doc>
<status status="NOT RUN" start="2025-03-12T22:20:10.316226" elapsed="0.000033"/>
</kw>
<kw name="Should Contain" owner="BuiltIn">
<arg>${html_source}</arg>
<arg>ผู้รับผิดชอบโครงการ (ร่วม) ภายใน</arg>
<doc>Fails if ``container`` does not contain ``item`` one or more times.</doc>
<status status="NOT RUN" start="2025-03-12T22:20:10.316439" elapsed="0.000029"/>
</kw>
<kw name="Set Variable" owner="BuiltIn">
<var>${DROPDOWN_XPATH}</var>
<arg>//select[@name="responsible_department"]</arg>
<doc>Returns the given values which can then be assigned to a variables.</doc>
<status status="NOT RUN" start="2025-03-12T22:20:10.316730" elapsed="0.000030"/>
</kw>
<kw name="Get List Items" owner="SeleniumLibrary">
<var>${options}</var>
<arg>${DROPDOWN_XPATH}</arg>
<doc>Returns all labels or values of selection list ``locator``.</doc>
<status status="NOT RUN" start="2025-03-12T22:20:10.316936" elapsed="0.000027"/>
</kw>
<kw name="Should Contain" owner="BuiltIn">
<arg>${options}</arg>
<arg>สาขาวิชาวิทยาการคอมพิวเตอร์</arg>
<doc>Fails if ``container`` does not contain ``item`` one or more times.</doc>
<status status="NOT RUN" start="2025-03-12T22:20:10.317110" elapsed="0.000026"/>
</kw>
<kw name="Set Variable" owner="BuiltIn">
<var>${DROPDOWN_XPATH}</var>
<arg>//select[@name="status"]</arg>
<doc>Returns the given values which can then be assigned to a variables.</doc>
<status status="NOT RUN" start="2025-03-12T22:20:10.317287" elapsed="0.000027"/>
</kw>
<kw name="Get List Items" owner="SeleniumLibrary">
<var>${options}</var>
<arg>${DROPDOWN_XPATH}</arg>
<doc>Returns all labels or values of selection list ``locator``.</doc>
<status status="NOT RUN" start="2025-03-12T22:20:10.317463" elapsed="0.000026"/>
</kw>
<kw name="Should Contain" owner="BuiltIn">
<arg>${options}</arg>
<arg>ปิดโครงการ</arg>
<doc>Fails if ``container`` does not contain ``item`` one or more times.</doc>
<status status="NOT RUN" start="2025-03-12T22:20:10.317636" elapsed="0.000027"/>
</kw>
<kw name="Should Contain" owner="BuiltIn">
<arg>${options}</arg>
<arg>ดำเนินการ</arg>
<doc>Fails if ``container`` does not contain ``item`` one or more times.</doc>
<status status="NOT RUN" start="2025-03-12T22:20:10.317807" elapsed="0.000026"/>
</kw>
<kw name="Should Contain" owner="BuiltIn">
<arg>${options}</arg>
<arg>ยื่นขอ</arg>
<doc>Fails if ``container`` does not contain ``item`` one or more times.</doc>
<status status="NOT RUN" start="2025-03-12T22:20:10.317973" elapsed="0.000024"/>
</kw>
<kw name="Close Browser" owner="SeleniumLibrary">
<doc>Closes the current browser.</doc>
<status status="NOT RUN" start="2025-03-12T22:20:10.318202" elapsed="0.000025"/>
</kw>
<tag>ResearchProjects</tag>
<status status="FAIL" start="2025-03-12T22:20:10.285995" elapsed="0.032435">NoSuchDriverException: Message: Unable to obtain driver for chrome; For documentation on this error, please visit: https://www.selenium.dev/documentation/webdriver/troubleshooting/errors/driver_location
</status>
</test>
<test id="s1-t5" name="Research Groups Page Switch Language To TH" line="420">
<kw name="Open Browser To Login Page">
<kw name="Evaluate" owner="BuiltIn">
<msg time="2025-03-12T22:20:10.320742" level="INFO">${chrome_options} = &lt;selenium.webdriver.chrome.options.Options object at 0x0000023A45865BA0&gt;</msg>
<var>${chrome_options}</var>
<arg>sys.modules['selenium.webdriver'].ChromeOptions()</arg>
<arg>sys</arg>
<doc>Evaluates the given expression in Python and returns the result.</doc>
<status status="PASS" start="2025-03-12T22:20:10.320446" elapsed="0.000336"/>
</kw>
<kw name="Call Method" owner="BuiltIn">
<arg>${chrome_options}</arg>
<arg>add_argument</arg>
<arg>--disable-gpu</arg>
<doc>Calls the named method of the given object with the provided arguments.</doc>
<status status="PASS" start="2025-03-12T22:20:10.320906" elapsed="0.000133"/>
</kw>
<kw name="Call Method" owner="BuiltIn">
<arg>${chrome_options}</arg>
<arg>add_argument</arg>
<arg>--no-sandbox</arg>
<doc>Calls the named method of the given object with the provided arguments.</doc>
<status status="PASS" start="2025-03-12T22:20:10.321140" elapsed="0.000126"/>
</kw>
<kw name="Call Method" owner="BuiltIn">
<arg>${chrome_options}</arg>
<arg>add_argument</arg>
<arg>--disable-dev-shm-usage</arg>
<doc>Calls the named method of the given object with the provided arguments.</doc>
<status status="PASS" start="2025-03-12T22:20:10.321371" elapsed="0.000127"/>
</kw>
<kw name="Call Method" owner="BuiltIn">
<arg>${chrome_options}</arg>
<arg>add_argument</arg>
<arg>--start-maximized</arg>
<doc>Calls the named method of the given object with the provided arguments.</doc>
<status status="PASS" start="2025-03-12T22:20:10.321621" elapsed="0.000124"/>
</kw>
<kw name="Call Method" owner="BuiltIn">
<arg>${chrome_options}</arg>
<arg>add_argument</arg>
<arg>--disable-extensions</arg>
<doc>Calls the named method of the given object with the provided arguments.</doc>
<status status="PASS" start="2025-03-12T22:20:10.321852" elapsed="0.000127"/>
</kw>
<kw name="Call Method" owner="BuiltIn">
<arg>${chrome_options}</arg>
<arg>add_argument</arg>
<arg>--disable-popup-blocking</arg>
<doc>Calls the named method of the given object with the provided arguments.</doc>
<status status="PASS" start="2025-03-12T22:20:10.322081" elapsed="0.000143"/>
</kw>
<kw name="Call Method" owner="BuiltIn">
<arg>${chrome_options}</arg>
<arg>add_argument</arg>
<arg>--disable-infobars</arg>
<doc>Calls the named method of the given object with the provided arguments.</doc>
<status status="PASS" start="2025-03-12T22:20:10.322351" elapsed="0.000160"/>
</kw>
<kw name="Set Variable" owner="BuiltIn">
<msg time="2025-03-12T22:20:10.323038" level="INFO">${chrome_options.binary_location} = C:/Program Files/Google/ChromeNew/chrome-win64/chrome.exe</msg>
<var>${chrome_options.binary_location}</var>
<arg>${CHROME_BROWSER_PATH}</arg>
<doc>Returns the given values which can then be assigned to a variables.</doc>
<status status="PASS" start="2025-03-12T22:20:10.322791" elapsed="0.000284"/>
</kw>
<kw name="Evaluate" owner="BuiltIn">
<msg time="2025-03-12T22:20:10.324025" level="INFO">${service} = &lt;selenium.webdriver.chrome.service.Service object at 0x0000023A45866EA0&gt;</msg>
<var>${service}</var>
<arg>sys.modules["selenium.webdriver.chrome.service"].Service(executable_path=r"${CHROME_DRIVER_PATH}")</arg>
<doc>Evaluates the given expression in Python and returns the result.</doc>
<status status="PASS" start="2025-03-12T22:20:10.323213" elapsed="0.000864"/>
</kw>
<kw name="Create Webdriver" owner="SeleniumLibrary">
<msg time="2025-03-12T22:20:10.324514" level="INFO">Creating an instance of the Chrome WebDriver.</msg>
<msg time="2025-03-12T22:20:10.324775" level="INFO">Cannot capture screenshot because no browser is open.</msg>
<msg time="2025-03-12T22:20:10.324900" level="FAIL">NoSuchDriverException: Message: Unable to obtain driver for chrome; For documentation on this error, please visit: https://www.selenium.dev/documentation/webdriver/troubleshooting/errors/driver_location
</msg>
<arg>Chrome</arg>
<arg>options=${chrome_options}</arg>
<arg>service=${service}</arg>
<doc>Creates an instance of Selenium WebDriver.</doc>
<status status="FAIL" start="2025-03-12T22:20:10.324255" elapsed="0.003633">NoSuchDriverException: Message: Unable to obtain driver for chrome; For documentation on this error, please visit: https://www.selenium.dev/documentation/webdriver/troubleshooting/errors/driver_location
</status>
</kw>
<kw name="Go To" owner="SeleniumLibrary">
<arg>${LOGIN URL}</arg>
<doc>Navigates the current browser window to the provided ``url``.</doc>
<status status="NOT RUN" start="2025-03-12T22:20:10.328161" elapsed="0.000053"/>
</kw>
<kw name="Login Page Should Be Open">
<status status="NOT RUN" start="2025-03-12T22:20:10.328409" elapsed="0.000042"/>
</kw>
<kw name="Maximize Browser Window" owner="SeleniumLibrary">
<doc>Maximizes current browser window.</doc>
<status status="NOT RUN" start="2025-03-12T22:20:10.328573" elapsed="0.000032"/>
</kw>
[...]
<status status="NOT RUN" start="2025-03-12T22:20:10.707017" elapsed="0.000033"/>
</kw>
<kw name="Click Element" owner="SeleniumLibrary">
<arg>xpath=//span[contains(text(), 'Manage Publications')]</arg>
<doc>Click the element identified by ``locator``.</doc>
<status status="NOT RUN" start="2025-03-12T22:20:10.707246" elapsed="0.000033"/>
</kw>
<kw name="Wait Until Element Is Visible" owner="SeleniumLibrary">
<arg>xpath=//a[contains(@href, '/patents') and contains(text(), 'Patents')]</arg>
<arg>timeout=2s</arg>
<doc>Waits until the element ``locator`` is visible.</doc>
<status status="NOT RUN" start="2025-03-12T22:20:10.707464" elapsed="0.000033"/>
</kw>
<kw name="Click Element" owner="SeleniumLibrary">
<arg>xpath=//a[contains(@href, '/patents') and contains(text(), 'Patents')]</arg>
<doc>Click the element identified by ``locator``.</doc>
<status status="NOT RUN" start="2025-03-12T22:20:10.707672" elapsed="0.000029"/>
</kw>
<kw name="Get Source" owner="SeleniumLibrary">
<var>${html_source}</var>
<doc>Returns the entire HTML source of the current page or frame.</doc>
<status status="NOT RUN" start="2025-03-12T22:20:10.707866" elapsed="0.000029"/>
</kw>
<kw name="Should Contain" owner="BuiltIn">
<arg>${html_source}</arg>
<arg>Other Academic Works</arg>
<doc>Fails if ``container`` does not contain ``item`` one or more times.</doc>
<status status="NOT RUN" start="2025-03-12T22:20:10.708056" elapsed="0.000029"/>
</kw>
<kw name="Should Contain" owner="BuiltIn">
<arg>${html_source}</arg>
<arg>Show</arg>
<doc>Fails if ``container`` does not contain ``item`` one or more times.</doc>
<status status="NOT RUN" start="2025-03-12T22:20:10.708339" elapsed="0.000038"/>
</kw>
<kw name="Wait Until Element Is Visible" owner="SeleniumLibrary">
<arg>xpath=//a[contains(@class, 'btn-primary') and contains(., 'Add')]</arg>
<arg>2s</arg>
<doc>Waits until the element ``locator`` is visible.</doc>
<status status="NOT RUN" start="2025-03-12T22:20:10.708883" elapsed="0.000046"/>
</kw>
<kw name="Get Text" owner="SeleniumLibrary">
<var>${button_text}</var>
<arg>xpath=//a[contains(@class, 'btn-primary')]</arg>
<doc>Returns the text value of the element identified by ``locator``.</doc>
<status status="NOT RUN" start="2025-03-12T22:20:10.709239" elapsed="0.000041"/>
</kw>
<kw name="Should Contain" owner="BuiltIn">
<arg>${button_text}</arg>
<arg>Add</arg>
<doc>Fails if ``container`` does not contain ``item`` one or more times.</doc>
<status status="NOT RUN" start="2025-03-12T22:20:10.709471" elapsed="0.000030"/>
</kw>
<kw name="Should Contain" owner="BuiltIn">
<arg>${html_source}</arg>
<arg>Name</arg>
<doc>Fails if ``container`` does not contain ``item`` one or more times.</doc>
<status status="NOT RUN" start="2025-03-12T22:20:10.709742" elapsed="0.000030"/>
</kw>
<kw name="Should Contain" owner="BuiltIn">
<arg>${html_source}</arg>
<arg>No.</arg>
<doc>Fails if ``container`` does not contain ``item`` one or more times.</doc>
<status status="NOT RUN" start="2025-03-12T22:20:10.709925" elapsed="0.000027"/>
</kw>
<kw name="Should Contain" owner="BuiltIn">
<arg>${html_source}</arg>
<arg>Type</arg>
<doc>Fails if ``container`` does not contain ``item`` one or more times.</doc>
<status status="NOT RUN" start="2025-03-12T22:20:10.710195" elapsed="0.000041"/>
</kw>
<kw name="Get Text" owner="SeleniumLibrary">
<var>${text}</var>
<arg>xpath=//th[contains(text(), 'Registration Date')]</arg>
<doc>Returns the text value of the element identified by ``locator``.</doc>
<status status="NOT RUN" start="2025-03-12T22:20:10.710452" elapsed="0.000034"/>
</kw>
<kw name="Should Contain" owner="BuiltIn">
<arg>${text}</arg>
<arg>Registration Date</arg>
<doc>Fails if ``container`` does not contain ``item`` one or more times.</doc>
<status status="NOT RUN" start="2025-03-12T22:20:10.710695" elapsed="0.000035"/>
</kw>
<kw name="Get Text" owner="SeleniumLibrary">
<var>${text}</var>
<arg>xpath=//th[contains(text(), 'Registration Number')]</arg>
<doc>Returns the text value of the element identified by ``locator``.</doc>
<status status="NOT RUN" start="2025-03-12T22:20:10.711049" elapsed="0.000033"/>
</kw>
<kw name="Should Contain" owner="BuiltIn">
<arg>${text}</arg>
<arg>Registration Number</arg>
<doc>Fails if ``container`` does not contain ``item`` one or more times.</doc>
<status status="NOT RUN" start="2025-03-12T22:20:10.711305" elapsed="0.000033"/>
</kw>
<kw name="Get Text" owner="SeleniumLibrary">
<var>${text}</var>
<arg>xpath=//th[contains(text(), 'Creator')]</arg>
<doc>Returns the text value of the element identified by ``locator``.</doc>
<status status="NOT RUN" start="2025-03-12T22:20:10.711568" elapsed="0.000039"/>
</kw>
<kw name="Should Contain" owner="BuiltIn">
<arg>${text}</arg>
<arg>Creator</arg>
<doc>Fails if ``container`` does not contain ``item`` one or more times.</doc>
<status status="NOT RUN" start="2025-03-12T22:20:10.711870" elapsed="0.000042"/>
</kw>
<kw name="Should Contain" owner="BuiltIn">
<arg>${html_source}</arg>
<arg>Action</arg>
<doc>Fails if ``container`` does not contain ``item`` one or more times.</doc>
<status status="NOT RUN" start="2025-03-12T22:20:10.712176" elapsed="0.000039"/>
</kw>
<kw name="Execute Javascript" owner="SeleniumLibrary">
<var>${full_text}</var>
<arg>return document.querySelector("td:nth-child(2)").textContent.trim();</arg>
<doc>Executes the given JavaScript code with possible arguments.</doc>
<status status="NOT RUN" start="2025-03-12T22:20:10.712510" elapsed="0.000040"/>
</kw>
<kw name="Log" owner="BuiltIn">
<arg>${full_text}</arg>
<doc>Logs the given message with the given level.</doc>
<status status="NOT RUN" start="2025-03-12T22:20:10.712785" elapsed="0.000038"/>
</kw>
<kw name="Should Contain" owner="BuiltIn">
<arg>${full_text}</arg>
<arg>เอกสารประกอบการสอนการเขียนโปรแกรมเบื้องต้น</arg>
<doc>Fails if ``container`` does not contain ``item`` one or more times.</doc>
<status status="NOT RUN" start="2025-03-12T22:20:10.713059" elapsed="0.000037"/>
</kw>
<kw name="Get Text" owner="SeleniumLibrary">
<var>${text}</var>
<arg>xpath=//td[contains(text(), 'Copyright')]</arg>
<doc>Returns the text value of the element identified by ``locator``.</doc>
<status status="NOT RUN" start="2025-03-12T22:20:10.713446" elapsed="0.000038"/>
</kw>
<kw name="Should Contain" owner="BuiltIn">
<arg>${text}</arg>
<arg>Copyright</arg>
<doc>Fails if ``container`` does not contain ``item`` one or more times.</doc>
<status status="NOT RUN" start="2025-03-12T22:20:10.713834" elapsed="0.000056"/>
</kw>
<kw name="Click Element" owner="SeleniumLibrary">
<arg>${ADD_BUTTON_XPATH}</arg>
<doc>Click the element identified by ``locator``.</doc>
<status status="NOT RUN" start="2025-03-12T22:20:10.714194" elapsed="0.000052"/>
</kw>
<kw name="Get Source" owner="SeleniumLibrary">
<var>${html_source}</var>
<doc>Returns the entire HTML source of the current page or frame.</doc>
<status status="NOT RUN" start="2025-03-12T22:20:10.714484" elapsed="0.000036"/>
</kw>
<kw name="Should Contain" owner="BuiltIn">
<arg>${html_source}</arg>
<arg>Add</arg>
<doc>Fails if ``container`` does not contain ``item`` one or more times.</doc>
<status status="NOT RUN" start="2025-03-12T22:20:10.714707" elapsed="0.000033"/>
</kw>
<kw name="Should Contain" owner="BuiltIn">
<arg>${html_source}</arg>
<arg>Enter details of patents, utility models, or copyrights</arg>
<doc>Fails if ``container`` does not contain ``item`` one or more times.</doc>
<status status="NOT RUN" start="2025-03-12T22:20:10.714919" elapsed="0.000032"/>
</kw>
<kw name="Should Contain" owner="BuiltIn">
<arg>${html_source}</arg>
<arg>Name</arg>
<doc>Fails if ``container`` does not contain ``item`` one or more times.</doc>
<status status="NOT RUN" start="2025-03-12T22:20:10.715131" elapsed="0.000032"/>
</kw>
<kw name="Should Contain" owner="BuiltIn">
<arg>${html_source}</arg>
<arg>Type</arg>
<doc>Fails if ``container`` does not contain ``item`` one or more times.</doc>
<status status="NOT RUN" start="2025-03-12T22:20:10.715342" elapsed="0.000035"/>
</kw>
<kw name="Should Contain" owner="BuiltIn">
<arg>${html_source}</arg>
<arg>Registration Date</arg>
<doc>Fails if ``container`` does not contain ``item`` one or more times.</doc>
<status status="NOT RUN" start="2025-03-12T22:20:10.715776" elapsed="0.000052"/>
</kw>
<kw name="Should Contain" owner="BuiltIn">
<arg>${html_source}</arg>
<arg>Registration Number</arg>
<doc>Fails if ``container`` does not contain ``item`` one or more times.</doc>
<status status="NOT RUN" start="2025-03-12T22:20:10.716090" elapsed="0.000036"/>
</kw>
<kw name="Should Contain" owner="BuiltIn">
<arg>${html_source}</arg>
<arg>Internal Authors</arg>
<doc>Fails if ``container`` does not contain ``item`` one or more times.</doc>
<status status="NOT RUN" start="2025-03-12T22:20:10.716369" elapsed="0.000039"/>
</kw>
<kw name="Should Contain" owner="BuiltIn">
<arg>${html_source}</arg>
<arg>External Authors</arg>
<doc>Fails if ``container`` does not contain ``item`` one or more times.</doc>
<status status="NOT RUN" start="2025-03-12T22:20:10.716700" elapsed="0.000040"/>
</kw>
<kw name="Click Element" owner="SeleniumLibrary">
<arg>//button[@id='add-btn2']</arg>
<doc>Click the element identified by ``locator``.</doc>
<status status="NOT RUN" start="2025-03-12T22:20:10.716991" elapsed="0.000042"/>
</kw>
<kw name="Set Variable" owner="BuiltIn">
<var>${DROPDOWN_XPATH}</var>
<arg>//select[@class="form-control"]</arg>
<doc>Returns the given values which can then be assigned to a variables.</doc>
<status status="NOT RUN" start="2025-03-12T22:20:10.717301" elapsed="0.000041"/>
</kw>
<kw name="Get List Items" owner="SeleniumLibrary">
<var>${options}</var>
<arg>${DROPDOWN_XPATH}</arg>
<doc>Returns all labels or values of selection list ``locator``.</doc>
<status status="NOT RUN" start="2025-03-12T22:20:10.717723" elapsed="0.000056"/>
</kw>
<kw name="Should Contain" owner="BuiltIn">
<arg>${options}</arg>
<arg>watchara sritonwong</arg>
<doc>Fails if ``container`` does not contain ``item`` one or more times.</doc>
<status status="NOT RUN" start="2025-03-12T22:20:10.718237" elapsed="0.000058"/>
</kw>
<kw name="Capture Page Screenshot" owner="SeleniumLibrary">
<doc>Takes a screenshot of the current page and embeds it into a log file.</doc>
<status status="NOT RUN" start="2025-03-12T22:20:10.718865" elapsed="0.000057"/>
</kw>
<kw name="Go To" owner="SeleniumLibrary">
<arg>${SERVER}/patents</arg>
<doc>Navigates the current browser window to the provided ``url``.</doc>
<status status="NOT RUN" start="2025-03-12T22:20:10.719202" elapsed="0.000042"/>
</kw>
<kw name="Wait Until Element Is Visible" owner="SeleniumLibrary">
<arg>${VIEW_BUTTON_XPATH}</arg>
<arg>timeout=3s</arg>
<doc>Waits until the element ``locator`` is visible.</doc>
<status status="NOT RUN" start="2025-03-12T22:20:10.719594" elapsed="0.000044"/>
</kw>
<kw name="Click Element" owner="SeleniumLibrary">
<arg>${VIEW_BUTTON_XPATH}</arg>
<doc>Click the element identified by ``locator``.</doc>
<status status="NOT RUN" start="2025-03-12T22:20:10.719885" elapsed="0.000038"/>
</kw>
<kw name="Sleep" owner="BuiltIn">
<arg>3s</arg>
<doc>Pauses the test executed for the given time.</doc>
<status status="NOT RUN" start="2025-03-12T22:20:10.720131" elapsed="0.000038"/>
</kw>
<kw name="Get Source" owner="SeleniumLibrary">
<var>${html_source}</var>
<doc>Returns the entire HTML source of the current page or frame.</doc>
<status status="NOT RUN" start="2025-03-12T22:20:10.720424" elapsed="0.000043"/>
</kw>
<kw name="Should Contain" owner="BuiltIn">
<arg>${html_source}</arg>
<arg>Other Academic Works (Patents, Utility Models, Copyrights)</arg>
<doc>Fails if ``container`` does not contain ``item`` one or more times.</doc>
<status status="NOT RUN" start="2025-03-12T22:20:10.720677" elapsed="0.000033"/>
</kw>
<kw name="Should Contain" owner="BuiltIn">
<arg>${html_source}</arg>
<arg>Enter details of patents, utility models, or copyrights</arg>
<doc>Fails if ``container`` does not contain ``item`` one or more times.</doc>
<status status="NOT RUN" start="2025-03-12T22:20:10.720893" elapsed="0.000032"/>
</kw>
<kw name="Should Contain" owner="BuiltIn">
<arg>${html_source}</arg>
<arg>Name</arg>
<doc>Fails if ``container`` does not contain ``item`` one or more times.</doc>
<status status="NOT RUN" start="2025-03-12T22:20:10.721206" elapsed="0.000032"/>
</kw>
<kw name="Should Contain" owner="BuiltIn">
<arg>${html_source}</arg>
<arg>Type</arg>
<doc>Fails if ``container`` does not contain ``item`` one or more times.</doc>
<status status="NOT RUN" start="2025-03-12T22:20:10.721412" elapsed="0.000032"/>
</kw>
<kw name="Should Contain" owner="BuiltIn">
<arg>${html_source}</arg>
<arg>Registration Date</arg>
<doc>Fails if ``container`` does not contain ``item`` one or more times.</doc>
<status status="NOT RUN" start="2025-03-12T22:20:10.721616" elapsed="0.000028"/>
</kw>
<kw name="Should Contain" owner="BuiltIn">
<arg>${html_source}</arg>
<arg>Registration Number</arg>
<doc>Fails if ``container`` does not contain ``item`` one or more times.</doc>
<status status="NOT RUN" start="2025-03-12T22:20:10.721798" elapsed="0.000028"/>
</kw>
<kw name="Should Contain" owner="BuiltIn">
<arg>${html_source}</arg>
<arg>Creator</arg>
<doc>Fails if ``container`` does not contain ``item`` one or more times.</doc>
<status status="NOT RUN" start="2025-03-12T22:20:10.721990" elapsed="0.000027"/>
</kw>
<kw name="Should Contain" owner="BuiltIn">
<arg>${html_source}</arg>
<arg>Co-Creator</arg>
<doc>Fails if ``container`` does not contain ``item`` one or more times.</doc>
<status status="NOT RUN" start="2025-03-12T22:20:10.722171" elapsed="0.000028"/>
</kw>
<kw name="Should Contain" owner="BuiltIn">
<arg>${html_source}</arg>
<arg>Book</arg>
<doc>Fails if ``container`` does not contain ``item`` one or more times.</doc>
<status status="NOT RUN" start="2025-03-12T22:20:10.722352" elapsed="0.000028"/>
</kw>
<kw name="Should Contain" owner="BuiltIn">
<arg>${html_source}</arg>
<arg>No</arg>
<doc>Fails if ``container`` does not contain ``item`` one or more times.</doc>
<status status="NOT RUN" start="2025-03-12T22:20:10.722535" elapsed="0.000027"/>
</kw>
<kw name="Should Contain" owner="BuiltIn">
<arg>${html_source}</arg>
<arg>Pusadee Seresangtakul</arg>
<doc>Fails if ``container`` does not contain ``item`` one or more times.</doc>
<status status="NOT RUN" start="2025-03-12T22:20:10.722773" elapsed="0.000025"/>
</kw>
<kw name="Go To" owner="SeleniumLibrary">
<arg>${SERVER}/patents</arg>
<doc>Navigates the current browser window to the provided ``url``.</doc>
<status status="NOT RUN" start="2025-03-12T22:20:10.723108" elapsed="0.000049"/>
</kw>
<kw name="Sleep" owner="BuiltIn">
<arg>2s</arg>
<doc>Pauses the test executed for the given time.</doc>
<status status="NOT RUN" start="2025-03-12T22:20:10.723408" elapsed="0.000035"/>
</kw>
<kw name="Wait Until Element Is Visible" owner="SeleniumLibrary">
<arg>//a[contains(@class, 'btn-outline-success') and @title='Edit']</arg>
<arg>timeout=2s</arg>
<doc>Waits until the element ``locator`` is visible.</doc>
<status status="NOT RUN" start="2025-03-12T22:20:10.723728" elapsed="0.000042"/>
</kw>
<kw name="Click Element" owner="SeleniumLibrary">
<arg>//a[contains(@class, 'btn-outline-success') and @title='Edit']</arg>
<doc>Click the element identified by ``locator``.</doc>
<status status="NOT RUN" start="2025-03-12T22:20:10.723984" elapsed="0.000035"/>
</kw>
<kw name="Get Source" owner="SeleniumLibrary">
<var>${html_source}</var>
<doc>Returns the entire HTML source of the current page or frame.</doc>
<status status="NOT RUN" start="2025-03-12T22:20:10.724321" elapsed="0.000042"/>
</kw>
<kw name="Should Contain" owner="BuiltIn">
<arg>${html_source}</arg>
<arg>Edit Other Academic Work Details</arg>
<doc>Fails if ``container`` does not contain ``item`` one or more times.</doc>
<status status="NOT RUN" start="2025-03-12T22:20:10.724609" elapsed="0.000036"/>
</kw>
<kw name="Should Contain" owner="BuiltIn">
<arg>${html_source}</arg>
<arg>Enter details of patents, utility models, or copyrights</arg>
<doc>Fails if ``container`` does not contain ``item`` one or more times.</doc>
<status status="NOT RUN" start="2025-03-12T22:20:10.724883" elapsed="0.000038"/>
</kw>
<kw name="Should Contain" owner="BuiltIn">
<arg>${html_source}</arg>
<arg>Name</arg>
<doc>Fails if ``container`` does not contain ``item`` one or more times.</doc>
<status status="NOT RUN" start="2025-03-12T22:20:10.725344" elapsed="0.000053"/>
</kw>
<kw name="Should Contain" owner="BuiltIn">
<arg>${html_source}</arg>
<arg>Type</arg>
<doc>Fails if ``container`` does not contain ``item`` one or more times.</doc>
<status status="NOT RUN" start="2025-03-12T22:20:10.725674" elapsed="0.000041"/>
</kw>
<kw name="Should Contain" owner="BuiltIn">
<arg>${html_source}</arg>
<arg>Registration Date</arg>
<doc>Fails if ``container`` does not contain ``item`` one or more times.</doc>
<status status="NOT RUN" start="2025-03-12T22:20:10.726117" elapsed="0.000045"/>
</kw>
<kw name="Should Contain" owner="BuiltIn">
<arg>${html_source}</arg>
<arg>Registration Number</arg>
<doc>Fails if ``container`` does not contain ``item`` one or more times.</doc>
<status status="NOT RUN" start="2025-03-12T22:20:10.726419" elapsed="0.000036"/>
</kw>
<kw name="Should Contain" owner="BuiltIn">
<arg>${html_source}</arg>
<arg>Internal Authors</arg>
<doc>Fails if ``container`` does not contain ``item`` one or more times.</doc>
<status status="NOT RUN" start="2025-03-12T22:20:10.726680" elapsed="0.000037"/>
</kw>
<kw name="Should Contain" owner="BuiltIn">
<arg>${html_source}</arg>
<arg>External Authors</arg>
<doc>Fails if ``container`` does not contain ``item`` one or more times.</doc>
<status status="NOT RUN" start="2025-03-12T22:20:10.726946" elapsed="0.000033"/>
</kw>
<kw name="Click Element" owner="SeleniumLibrary">
<arg>//span[@id="select2-selUser0-container"]</arg>
<doc>Click the element identified by ``locator``.</doc>
<status status="NOT RUN" start="2025-03-12T22:20:10.727180" elapsed="0.000034"/>
</kw>
<kw name="Element Should Contain" owner="SeleniumLibrary">
<arg>//span[@id="select2-selUser0-container"]</arg>
<arg>Pusadee Seresangtakul</arg>
<doc>Verifies that element ``locator`` contains text ``expected``.</doc>
<status status="NOT RUN" start="2025-03-12T22:20:10.727405" elapsed="0.000043"/>
</kw>
<kw name="Click Element" owner="SeleniumLibrary">
<arg>//span[@id="select2-selUser0-container"]</arg>
<doc>Click the element identified by ``locator``.</doc>
<status status="NOT RUN" start="2025-03-12T22:20:10.727915" elapsed="0.000048"/>
</kw>
<kw name="Close Browser" owner="SeleniumLibrary">
<doc>Closes the current browser.</doc>
<status status="NOT RUN" start="2025-03-12T22:20:10.728345" elapsed="0.000037"/>
</kw>
<tag>researchPublications_EN</tag>
<status status="FAIL" start="2025-03-12T22:20:10.602742" elapsed="0.125903">NoSuchDriverException: Message: Unable to obtain driver for chrome; For documentation on this error, please visit: https://www.selenium.dev/documentation/webdriver/troubleshooting/errors/driver_location
</status>
</test>
<status status="FAIL" start="2025-03-12T22:20:09.683482" elapsed="1.046255"/>
</suite>
<statistics>
<total>
<stat pass="0" fail="11" skip="0">All Tests</stat>
</total>
<tag>
<stat pass="0" fail="1" skip="0">Fund</stat>
<stat pass="0" fail="1" skip="0">Fund_EN</stat>
<stat pass="0" fail="1" skip="0">Profile</stat>
<stat pass="0" fail="1" skip="0">Profile_ENG</stat>
<stat pass="0" fail="1" skip="0">research</stat>
<stat pass="0" fail="1" skip="0">researchGroups</stat>
<stat pass="0" fail="1" skip="0">researchGroups_EN</stat>
<stat pass="0" fail="1" skip="0">ResearchProjects</stat>
<stat pass="0" fail="1" skip="0">ResearchProjects_EN</stat>
<stat pass="0" fail="1" skip="0">researchPublications_EN</stat>
<stat pass="0" fail="1" skip="0">UAT001-OpenUserPage</stat>
</tag>
<suite>
<stat pass="0" fail="11" skip="0" id="s1" name="UAT-Project-013">UAT-Project-013</stat>
</suite>
</statistics>
<errors>
</errors>
</robot>
