<?xml version="1.0" encoding="UTF-8"?>
<robot generator="Robot 7.2.2 (Python 3.10.11 on win32)" generated="2025-03-13T01:05:12.998973" rpa="false" schemaversion="5">
<suite id="s1" name="UAT-stdZH" source="C:\xampp\htdocs\git-group-repository-group-4\InitialProject\V.0\tests\test_student\UAT-stdZH.robot">
<test id="s1-t1" name="Test log in Page" line="68">
<kw name="Open Browser" owner="SeleniumLibrary">
<msg time="2025-03-13T01:05:13.283819" level="INFO">Opening browser 'chrome' to base url 'http://127.0.0.1:8000/login'.</msg>
<arg>${LOGIN URL}</arg>
<arg>${BROWSER}</arg>
<doc>Opens a new browser instance to the optional ``url``.</doc>
<status status="PASS" start="2025-03-13T01:05:13.283819" elapsed="1.790278"/>
</kw>
<kw name="Wait Until Element Is Visible" owner="SeleniumLibrary">
<arg>id=navbarDropdownMenuLink</arg>
<arg>20s</arg>
<doc>Waits until the element ``locator`` is visible.</doc>
<status status="PASS" start="2025-03-13T01:05:15.074097" elapsed="0.028428"/>
</kw>
<kw name="Click Element" owner="SeleniumLibrary">
<msg time="2025-03-13T01:05:15.103535" level="INFO">Clicking element 'id=navbarDropdownMenuLink'.</msg>
<arg>id=navbarDropdownMenuLink</arg>
<doc>Click the element identified by ``locator``.</doc>
<status status="PASS" start="2025-03-13T01:05:15.102525" elapsed="0.117287"/>
</kw>
<kw name="Wait Until Element Is Visible" owner="SeleniumLibrary">
<arg>xpath=//div[contains(@class, "dropdown-menu show")]</arg>
<arg>20s</arg>
<doc>Waits until the element ``locator`` is visible.</doc>
<status status="PASS" start="2025-03-13T01:05:15.220998" elapsed="0.034808"/>
</kw>
<kw name="Click Element" owner="SeleniumLibrary">
<msg time="2025-03-13T01:05:15.255806" level="INFO">Clicking element 'xpath=//a[contains(@href, "/lang/zh")]'.</msg>
<arg>xpath=//a[contains(@href, "/lang/zh")]</arg>
<doc>Click the element identified by ``locator``.</doc>
<status status="PASS" start="2025-03-13T01:05:15.255806" elapsed="0.488617"/>
</kw>
<kw name="Sleep" owner="BuiltIn">
<msg time="2025-03-13T01:05:20.746147" level="INFO">Slept 5 seconds.</msg>
<arg>5s</arg>
<doc>Pauses the test executed for the given time.</doc>
<status status="PASS" start="2025-03-13T01:05:15.744423" elapsed="5.001724"/>
</kw>
<kw name="Input Text" owner="SeleniumLibrary">
<msg time="2025-03-13T01:05:20.746147" level="INFO">Typing text 'watchara@kkumail.com' into text field 'id=username'.</msg>
<arg>id=username</arg>
<arg>${USER_USERNAME}</arg>
<doc>Types the given ``text`` into the text field identified by ``locator``.</doc>
<status status="PASS" start="2025-03-13T01:05:20.746147" elapsed="0.267930"/>
</kw>
<kw name="Input Text" owner="SeleniumLibrary">
<msg time="2025-03-13T01:05:21.014077" level="INFO">Typing text '123' into text field 'id=password'.</msg>
<arg>id=password</arg>
<arg>${USER_PASSWORD}</arg>
<doc>Types the given ``text`` into the text field identified by ``locator``.</doc>
<status status="PASS" start="2025-03-13T01:05:21.014077" elapsed="0.059321"/>
</kw>
<kw name="Click Button" owner="SeleniumLibrary">
<msg time="2025-03-13T01:05:21.073398" level="INFO">Clicking button 'xpath=//button[@type='submit']'.</msg>
<arg>xpath=//button[@type='submit']</arg>
<doc>Clicks the button identified by ``locator``.</doc>
<status status="PASS" start="2025-03-13T01:05:21.073398" elapsed="0.051475"/>
</kw>
<kw name="Sleep" owner="BuiltIn">
<msg time="2025-03-13T01:05:23.138108" level="INFO">Slept 2 seconds.</msg>
<arg>2s</arg>
<doc>Pauses the test executed for the given time.</doc>
<status status="PASS" start="2025-03-13T01:05:21.131007" elapsed="2.007101"/>
</kw>
<kw name="Location Should Be" owner="SeleniumLibrary">
<msg time="2025-03-13T01:05:23.161442" level="INFO">Current location is 'http://127.0.0.1:8000/dashboard'.</msg>
<arg>${USER URL}</arg>
<doc>Verifies that the current URL is exactly ``url``.</doc>
<status status="PASS" start="2025-03-13T01:05:23.139133" elapsed="0.022309"/>
</kw>
<kw name="Page Should Contain" owner="SeleniumLibrary">
<msg time="2025-03-13T01:05:23.209233" level="INFO">Current page contains text '欢迎进入计算机科学系的研究数据管理系统'.</msg>
<arg>欢迎进入计算机科学系的研究数据管理系统</arg>
<doc>Verifies that current page contains ``text``.</doc>
<status status="PASS" start="2025-03-13T01:05:23.162394" elapsed="0.046839"/>
</kw>
<kw name="Page Should Contain" owner="SeleniumLibrary">
<msg time="2025-03-13T01:05:23.262345" level="INFO">Current page contains text 'watchara sritonwong'.</msg>
<arg>watchara sritonwong</arg>
<doc>Verifies that current page contains ``text``.</doc>
<status status="PASS" start="2025-03-13T01:05:23.214882" elapsed="0.048807"/>
</kw>
<doc>Test admin login and navigate to each page after language change from English to Thai.</doc>
<status status="PASS" start="2025-03-13T01:05:13.283819" elapsed="9.980871"/>
</test>
<test id="s1-t2" name="Test Navigate To User Profile" line="97">
<kw name="Click Element" owner="SeleniumLibrary">
<msg time="2025-03-13T01:05:23.269643" level="INFO">Clicking element 'xpath=//span[contains(text(), '用户资料')]'.</msg>
<arg>xpath=//span[contains(text(), '用户资料')]</arg>
<doc>Click the element identified by ``locator``.</doc>
<status status="PASS" start="2025-03-13T01:05:23.269643" elapsed="0.654372"/>
</kw>
<kw name="Location Should Be" owner="SeleniumLibrary">
<msg time="2025-03-13T01:05:23.931050" level="INFO">Current location is 'http://127.0.0.1:8000/profile'.</msg>
<arg>${SERVER}/profile</arg>
<doc>Verifies that the current URL is exactly ``url``.</doc>
<status status="PASS" start="2025-03-13T01:05:23.924015" elapsed="0.007035"/>
</kw>
<kw name="Page Should Contain" owner="SeleniumLibrary">
<msg time="2025-03-13T01:05:23.946372" level="INFO">Current page contains text '账户'.</msg>
<arg>账户</arg>
<doc>Verifies that current page contains ``text``.</doc>
<status status="PASS" start="2025-03-13T01:05:23.932280" elapsed="0.014092"/>
</kw>
<kw name="Click Element" owner="SeleniumLibrary">
<msg time="2025-03-13T01:05:23.947470" level="INFO">Clicking element 'xpath=//a[@id='account-tab' and contains(@class, 'nav-link')]'.</msg>
<arg>xpath=//a[@id='account-tab' and contains(@class, 'nav-link')]</arg>
<doc>Click the element identified by ``locator``.</doc>
<status status="PASS" start="2025-03-13T01:05:23.947470" elapsed="0.056952"/>
</kw>
<kw name="Sleep" owner="BuiltIn">
<msg time="2025-03-13T01:05:27.015851" level="INFO">Slept 3 seconds.</msg>
<arg>3s</arg>
<doc>Pauses the test executed for the given time.</doc>
<status status="PASS" start="2025-03-13T01:05:24.004422" elapsed="3.011429"/>
</kw>
<kw name="Click Element" owner="SeleniumLibrary">
<msg time="2025-03-13T01:05:27.015851" level="INFO">Clicking element 'xpath=//a[@id='password-tab' and contains(@class, 'nav-link')]'.</msg>
<arg>xpath=//a[@id='password-tab' and contains(@class, 'nav-link')]</arg>
<doc>Click the element identified by ``locator``.</doc>
<status status="PASS" start="2025-03-13T01:05:27.015851" elapsed="0.059172"/>
</kw>
<kw name="Sleep" owner="BuiltIn">
<msg time="2025-03-13T01:05:30.078198" level="INFO">Slept 3 seconds.</msg>
<arg>3s</arg>
<doc>Pauses the test executed for the given time.</doc>
<status status="PASS" start="2025-03-13T01:05:27.076025" elapsed="3.002173"/>
</kw>
<doc>Test that clicking "โปรไฟล์ผู้ใช้" to the User Profile page without re-login.</doc>
<status status="PASS" start="2025-03-13T01:05:23.266646" elapsed="6.811552"/>
</test>
<status status="PASS" start="2025-03-13T01:05:12.998973" elapsed="17.079225"/>
</suite>
<statistics>
<total>
<stat pass="2" fail="0" skip="0">All Tests</stat>
</total>
<tag>
</tag>
<suite>
<stat name="UAT-stdZH" id="s1" pass="2" fail="0" skip="0">UAT-stdZH</stat>
</suite>
</statistics>
<errors>
</errors>
</robot>
