<?xml version="1.0" encoding="UTF-8"?>
<robot generator="Robot 7.2.2 (Python 3.10.11 on win32)" generated="2025-03-13T02:13:30.183713" rpa="false" schemaversion="5">
<suite id="s1" name="Test" source="C:\xampp\htdocs\git-group-repository-group-4\InitialProject\V.0\tests\test_researcher_dashboard\test.robot">
<test id="s1-t1" name="Test log in Page" line="66">
<kw name="Open Browser" owner="SeleniumLibrary">
<msg time="2025-03-13T02:13:30.477493" level="INFO">Opening browser 'chrome' to base url 'http://127.0.0.1:8000/login'.</msg>
<arg>${LOGIN URL}</arg>
<arg>${BROWSER}</arg>
<doc>Opens a new browser instance to the optional ``url``.</doc>
<status status="PASS" start="2025-03-13T02:13:30.477493" elapsed="3.248419"/>
</kw>
<kw name="Wait Until Element Is Visible" owner="SeleniumLibrary">
<arg>id=navbarDropdownMenuLink</arg>
<arg>20s</arg>
<doc>Waits until the element ``locator`` is visible.</doc>
<status status="PASS" start="2025-03-13T02:13:33.725912" elapsed="0.053206"/>
</kw>
<kw name="Click Element" owner="SeleniumLibrary">
<msg time="2025-03-13T02:13:33.779118" level="INFO">Clicking element 'id=navbarDropdownMenuLink'.</msg>
<arg>id=navbarDropdownMenuLink</arg>
<doc>Click the element identified by ``locator``.</doc>
<status status="PASS" start="2025-03-13T02:13:33.779118" elapsed="0.120470"/>
</kw>
<kw name="Wait Until Element Is Visible" owner="SeleniumLibrary">
<arg>xpath=//div[contains(@class, "dropdown-menu show")]</arg>
<arg>20s</arg>
<doc>Waits until the element ``locator`` is visible.</doc>
<status status="PASS" start="2025-03-13T02:13:33.901595" elapsed="0.043221"/>
</kw>
<kw name="Click Element" owner="SeleniumLibrary">
<msg time="2025-03-13T02:13:33.944816" level="INFO">Clicking element 'xpath=//a[contains(@href, "/lang/th")]'.</msg>
<arg>xpath=//a[contains(@href, "/lang/th")]</arg>
<doc>Click the element identified by ``locator``.</doc>
<status status="PASS" start="2025-03-13T02:13:33.944816" elapsed="0.491505"/>
</kw>
<kw name="Sleep" owner="BuiltIn">
<msg time="2025-03-13T02:13:39.448618" level="INFO">Slept 5 seconds.</msg>
<arg>5s</arg>
<doc>Pauses the test executed for the given time.</doc>
<status status="PASS" start="2025-03-13T02:13:34.436858" elapsed="5.011760"/>
</kw>
<kw name="Input Text" owner="SeleniumLibrary">
<msg time="2025-03-13T02:13:39.448618" level="INFO">Typing text 'chakso@kku.ac.th' into text field 'id=username'.</msg>
<arg>id=username</arg>
<arg>${USER_USERNAME}</arg>
<doc>Types the given ``text`` into the text field identified by ``locator``.</doc>
<status status="PASS" start="2025-03-13T02:13:39.448618" elapsed="0.239637"/>
</kw>
<kw name="Input Text" owner="SeleniumLibrary">
<msg time="2025-03-13T02:13:39.688255" level="INFO">Typing text '123456789' into text field 'id=password'.</msg>
<arg>id=password</arg>
<arg>${USER_PASSWORD}</arg>
<doc>Types the given ``text`` into the text field identified by ``locator``.</doc>
<status status="PASS" start="2025-03-13T02:13:39.688255" elapsed="0.050752"/>
</kw>
<kw name="Click Button" owner="SeleniumLibrary">
<msg time="2025-03-13T02:13:39.739007" level="INFO">Clicking button 'xpath=//button[@type='submit']'.</msg>
<arg>xpath=//button[@type='submit']</arg>
<doc>Clicks the button identified by ``locator``.</doc>
<status status="PASS" start="2025-03-13T02:13:39.739007" elapsed="2.302296"/>
</kw>
<kw name="Sleep" owner="BuiltIn">
<msg time="2025-03-13T02:13:44.047366" level="INFO">Slept 2 seconds.</msg>
<arg>2s</arg>
<doc>Pauses the test executed for the given time.</doc>
<status status="PASS" start="2025-03-13T02:13:42.044674" elapsed="2.002692"/>
</kw>
<kw name="Location Should Be" owner="SeleniumLibrary">
<msg time="2025-03-13T02:13:44.047366" level="INFO">Current location is 'http://127.0.0.1:8000/dashboard'.</msg>
<arg>${USER URL}</arg>
<doc>Verifies that the current URL is exactly ``url``.</doc>
<status status="PASS" start="2025-03-13T02:13:44.047366" elapsed="0.000000"/>
</kw>
<kw name="Page Should Contain" owner="SeleniumLibrary">
<msg time="2025-03-13T02:13:44.071418" level="INFO">Current page contains text 'ยินดีต้อนรับเข้าสู่ระบบจัดการข้อมูลวิจัยของสาขาวิชาวิทยาการคอมพิวเตอร์'.</msg>
<arg>ยินดีต้อนรับเข้าสู่ระบบจัดการข้อมูลวิจัยของสาขาวิชาวิทยาการคอมพิวเตอร์</arg>
<doc>Verifies that current page contains ``text``.</doc>
<status status="PASS" start="2025-03-13T02:13:44.047366" elapsed="0.024052"/>
</kw>
<doc>Test admin login and navigate to each page after language change from English to Thai.</doc>
<status status="PASS" start="2025-03-13T02:13:30.477493" elapsed="13.598596"/>
</test>
<test id="s1-t2" name="Test Navigate To User Profile" line="93">
<kw name="Click Element" owner="SeleniumLibrary">
<msg time="2025-03-13T02:13:44.076089" level="INFO">Clicking element 'xpath=//span[contains(text(), 'โปรไฟล์ผู้ใช้')]'.</msg>
<arg>xpath=//span[contains(text(), 'โปรไฟล์ผู้ใช้')]</arg>
<doc>Click the element identified by ``locator``.</doc>
<status status="PASS" start="2025-03-13T02:13:44.076089" elapsed="0.949421"/>
</kw>
<kw name="Location Should Be" owner="SeleniumLibrary">
<msg time="2025-03-13T02:13:45.037884" level="INFO">Current location is 'http://127.0.0.1:8000/profile'.</msg>
<arg>${SERVER}/profile</arg>
<doc>Verifies that the current URL is exactly ``url``.</doc>
<status status="PASS" start="2025-03-13T02:13:45.025510" elapsed="0.012374"/>
</kw>
<kw name="Page Should Contain" owner="SeleniumLibrary">
<msg time="2025-03-13T02:13:45.055316" level="INFO">Current page contains text 'บัญชี'.</msg>
<arg>บัญชี</arg>
<doc>Verifies that current page contains ``text``.</doc>
<status status="PASS" start="2025-03-13T02:13:45.037884" elapsed="0.017432"/>
</kw>
<kw name="Click Element" owner="SeleniumLibrary">
<msg time="2025-03-13T02:13:45.056315" level="INFO">Clicking element 'xpath=//a[@id='account-tab' and contains(@class, 'nav-link') and contains(., 'บัญชี')]'.</msg>
<arg>xpath=//a[@id='account-tab' and contains(@class, 'nav-link') and contains(., 'บัญชี')]</arg>
<doc>Click the element identified by ``locator``.</doc>
<status status="PASS" start="2025-03-13T02:13:45.056315" elapsed="0.104216"/>
</kw>
<kw name="Sleep" owner="BuiltIn">
<msg time="2025-03-13T02:13:48.164436" level="INFO">Slept 3 seconds.</msg>
<arg>3s</arg>
<doc>Pauses the test executed for the given time.</doc>
<status status="PASS" start="2025-03-13T02:13:45.161527" elapsed="3.002909"/>
</kw>
<kw name="Click Element" owner="SeleniumLibrary">
<msg time="2025-03-13T02:13:48.166458" level="INFO">Clicking element 'xpath=//a[@id='password-tab' and contains(@class, 'nav-link') and contains(., 'รหัสผ่าน')]'.</msg>
<arg>xpath=//a[@id='password-tab' and contains(@class, 'nav-link') and contains(., 'รหัสผ่าน')]</arg>
<doc>Click the element identified by ``locator``.</doc>
<status status="PASS" start="2025-03-13T02:13:48.166458" elapsed="0.219375"/>
</kw>
<kw name="Sleep" owner="BuiltIn">
<msg time="2025-03-13T02:13:51.395235" level="INFO">Slept 3 seconds.</msg>
<arg>3s</arg>
<doc>Pauses the test executed for the given time.</doc>
<status status="PASS" start="2025-03-13T02:13:48.387224" elapsed="3.008011"/>
</kw>
<kw name="Click Element" owner="SeleniumLibrary">
<msg time="2025-03-13T02:13:51.395235" level="INFO">Clicking element 'xpath=//a[@id='expertise-tab' and contains(@class, 'nav-link') and contains(., 'ความเชี่ยวชาญ')]'.</msg>
<arg>xpath=//a[@id='expertise-tab' and contains(@class, 'nav-link') and contains(., 'ความเชี่ยวชาญ')]</arg>
<doc>Click the element identified by ``locator``.</doc>
<status status="PASS" start="2025-03-13T02:13:51.395235" elapsed="0.214872"/>
</kw>
<kw name="Sleep" owner="BuiltIn">
<msg time="2025-03-13T02:13:54.618649" level="INFO">Slept 3 seconds.</msg>
<arg>3s</arg>
<doc>Pauses the test executed for the given time.</doc>
<status status="PASS" start="2025-03-13T02:13:51.611098" elapsed="3.007551"/>
</kw>
<kw name="Click Element" owner="SeleniumLibrary">
<msg time="2025-03-13T02:13:54.618649" level="INFO">Clicking element 'xpath=//a[@id='education-tab' and contains(@class, 'nav-link') and contains(., 'การศึกษา')]'.</msg>
<arg>xpath=//a[@id='education-tab' and contains(@class, 'nav-link') and contains(., 'การศึกษา')]</arg>
<doc>Click the element identified by ``locator``.</doc>
<status status="PASS" start="2025-03-13T02:13:54.618649" elapsed="0.199160"/>
</kw>
<kw name="Sleep" owner="BuiltIn">
<msg time="2025-03-13T02:13:57.827294" level="INFO">Slept 3 seconds.</msg>
<arg>3s</arg>
<doc>Pauses the test executed for the given time.</doc>
<status status="PASS" start="2025-03-13T02:13:54.819809" elapsed="3.007485"/>
</kw>
<doc>Test that clicking "โปรไฟล์ผู้ใช้" to the User Profile page without re-login.</doc>
<status status="PASS" start="2025-03-13T02:13:44.076089" elapsed="13.751205"/>
</test>
<test id="s1-t3" name="Test Navigate To Funds Management" line="120">
<kw name="Click Element" owner="SeleniumLibrary">
<msg time="2025-03-13T02:13:57.827294" level="INFO">Clicking element 'xpath=//span[contains(text(), 'จัดการกองทุน')]'.</msg>
<arg>xpath=//span[contains(text(), 'จัดการกองทุน')]</arg>
<doc>Click the element identified by ``locator``.</doc>
<status status="PASS" start="2025-03-13T02:13:57.827294" elapsed="0.809063"/>
</kw>
<kw name="Location Should Be" owner="SeleniumLibrary">
<msg time="2025-03-13T02:13:58.642360" level="INFO">Current location is 'http://127.0.0.1:8000/funds'.</msg>
<arg>${SERVER}/funds</arg>
<doc>Verifies that the current URL is exactly ``url``.</doc>
<status status="PASS" start="2025-03-13T02:13:58.636357" elapsed="0.006003"/>
</kw>
<kw name="Page Should Contain" owner="SeleniumLibrary">
<msg time="2025-03-13T02:13:58.658951" level="INFO">Current page contains text 'ทุนวิจัย'.</msg>
<arg>ทุนวิจัย</arg>
<doc>Verifies that current page contains ``text``.</doc>
<status status="PASS" start="2025-03-13T02:13:58.642360" elapsed="0.016591"/>
</kw>
<kw name="Page Should Contain" owner="SeleniumLibrary">
<msg time="2025-03-13T02:13:58.751977" level="INFO" html="true">&lt;/td&gt;&lt;/tr&gt;&lt;tr&gt;&lt;td colspan="3"&gt;&lt;a href="selenium-screenshot-11.png"&gt;&lt;img src="selenium-screenshot-11.png" width="800px"&gt;&lt;/a&gt;</msg>
<msg time="2025-03-13T02:13:58.752483" level="FAIL">Page should have contained text 'ทุนภายใน' but did not.</msg>
<arg>ทุนภายใน</arg>
<doc>Verifies that current page contains ``text``.</doc>
<status status="FAIL" start="2025-03-13T02:13:58.658951" elapsed="0.094975">Page should have contained text 'ทุนภายใน' but did not.</status>
</kw>
<doc>Test that clicking "จัดการกองทุน" navigates to the funds management page.</doc>
<status status="FAIL" start="2025-03-13T02:13:57.827294" elapsed="0.926632">Page should have contained text 'ทุนภายใน' but did not.</status>
</test>
<test id="s1-t4" name="Test Navigate To Research Projects" line="134">
<kw name="Click Element" owner="SeleniumLibrary">
<msg time="2025-03-13T02:13:58.755118" level="INFO">Clicking element 'xpath=//span[contains(text(), 'โครงการวิจัย')]'.</msg>
<arg>xpath=//span[contains(text(), 'โครงการวิจัย')]</arg>
<doc>Click the element identified by ``locator``.</doc>
<status status="PASS" start="2025-03-13T02:13:58.755118" elapsed="0.420943"/>
</kw>
<kw name="Location Should Be" owner="SeleniumLibrary">
<msg time="2025-03-13T02:13:59.184990" level="INFO">Current location is 'http://127.0.0.1:8000/researchProjects'.</msg>
<arg>${SERVER}/researchProjects</arg>
<doc>Verifies that the current URL is exactly ``url``.</doc>
<status status="PASS" start="2025-03-13T02:13:59.176478" elapsed="0.008512"/>
</kw>
<kw name="Element Should Contain" owner="SeleniumLibrary">
<msg time="2025-03-13T02:13:59.204485" level="INFO">Element 'xpath=//tr[@role='row']//td[4]' contains text 'จักรชัย'.</msg>
<arg>xpath=//tr[@role='row']//td[4]</arg>
<arg>จักรชัย</arg>
<doc>Verifies that element ``locator`` contains text ``expected``.</doc>
<status status="PASS" start="2025-03-13T02:13:59.184990" elapsed="0.019495"/>
</kw>
<doc>Test that clicking "โครงการวิจัย" navigates to the research projects page.</doc>
<status status="PASS" start="2025-03-13T02:13:58.755118" elapsed="0.449367"/>
</test>
<test id="s1-t5" name="Test Navigate To Research Groups" line="146">
<kw name="Click Element" owner="SeleniumLibrary">
<msg time="2025-03-13T02:13:59.212365" level="INFO">Clicking element 'xpath=//span[contains(text(), 'กลุ่มวิจัย')]'.</msg>
<arg>xpath=//span[contains(text(), 'กลุ่มวิจัย')]</arg>
<doc>Click the element identified by ``locator``.</doc>
<status status="PASS" start="2025-03-13T02:13:59.212365" elapsed="0.442477"/>
</kw>
<kw name="Location Should Be" owner="SeleniumLibrary">
<msg time="2025-03-13T02:13:59.666286" level="INFO">Current location is 'http://127.0.0.1:8000/researchGroups'.</msg>
<arg>${SERVER}/researchGroups</arg>
<doc>Verifies that the current URL is exactly ``url``.</doc>
<status status="PASS" start="2025-03-13T02:13:59.654842" elapsed="0.011444"/>
</kw>
<kw name="Element Should Contain" owner="SeleniumLibrary">
<msg time="2025-03-13T02:13:59.684352" level="INFO">Element 'xpath=//tr[@role='row']//td[3]' contains text 'วาสนา'.</msg>
<arg>xpath=//tr[@role='row']//td[3]</arg>
<arg>วาสนา</arg>
<doc>Verifies that element ``locator`` contains text ``expected``.</doc>
<status status="PASS" start="2025-03-13T02:13:59.666286" elapsed="0.018066"/>
</kw>
<doc>Test that clicking "กลุ่มวิจัย" navigates to the research groups page.</doc>
<status status="PASS" start="2025-03-13T02:13:59.211750" elapsed="0.479149"/>
</test>
<test id="s1-t6" name="Test Navigate To Manage Publications" line="158">
<kw name="Click Element" owner="SeleniumLibrary">
<msg time="2025-03-13T02:13:59.691905" level="INFO">Clicking element 'xpath=//span[contains(text(), 'จัดการสิ่งพิมพ์')]'.</msg>
<arg>xpath=//span[contains(text(), 'จัดการสิ่งพิมพ์')]</arg>
<doc>Click the element identified by ``locator``.</doc>
<status status="PASS" start="2025-03-13T02:13:59.691905" elapsed="0.060694"/>
</kw>
<kw name="Click Element" owner="SeleniumLibrary">
<msg time="2025-03-13T02:13:59.754419" level="INFO">Clicking element 'xpath=//li/a[contains(text(), 'งานวิจัยที่เผยแพร่')]'.</msg>
<arg>xpath=//li/a[contains(text(), 'งานวิจัยที่เผยแพร่')]</arg>
<doc>Click the element identified by ``locator``.</doc>
<status status="PASS" start="2025-03-13T02:13:59.753339" elapsed="0.819544"/>
</kw>
<kw name="Location Should Be" owner="SeleniumLibrary">
<msg time="2025-03-13T02:14:00.580798" level="INFO">Current location is 'http://127.0.0.1:8000/papers'.</msg>
<arg>${SERVER}/papers</arg>
<doc>Verifies that the current URL is exactly ``url``.</doc>
<status status="PASS" start="2025-03-13T02:14:00.574339" elapsed="0.006459"/>
</kw>
<kw name="Element Should Contain" owner="SeleniumLibrary">
<msg time="2025-03-13T02:14:00.602319" level="INFO">Element 'xpath=//tr[@role='row']//td[3]' contains text 'วารสาร'.</msg>
<arg>xpath=//tr[@role='row']//td[3]</arg>
<arg>วารสาร</arg>
<doc>Verifies that element ``locator`` contains text ``expected``.</doc>
<status status="PASS" start="2025-03-13T02:14:00.581800" elapsed="0.020519"/>
</kw>
<doc>Test that clicking "จัดการสิ่งพิมพ์" navigates to the research groups page.</doc>
<status status="PASS" start="2025-03-13T02:13:59.690899" elapsed="0.911420"/>
</test>
<test id="s1-t7" name="Test Navigate To Manage Publications" line="169">
<kw name="Click Element" owner="SeleniumLibrary">
<msg time="2025-03-13T02:14:00.602319" level="INFO">Clicking element 'xpath=//span[contains(text(), 'จัดการสิ่งพิมพ์')]'.</msg>
<arg>xpath=//span[contains(text(), 'จัดการสิ่งพิมพ์')]</arg>
<doc>Click the element identified by ``locator``.</doc>
<status status="PASS" start="2025-03-13T02:14:00.602319" elapsed="0.073885"/>
</kw>
<kw name="Click Element" owner="SeleniumLibrary">
<msg time="2025-03-13T02:14:00.676714" level="INFO">Clicking element 'xpath=//li/a[contains(text(), 'งานวิจัยที่เผยแพร่')]'.</msg>
<arg>xpath=//li/a[contains(text(), 'งานวิจัยที่เผยแพร่')]</arg>
<doc>Click the element identified by ``locator``.</doc>
<status status="PASS" start="2025-03-13T02:14:00.676204" elapsed="0.574538"/>
</kw>
<kw name="Location Should Be" owner="SeleniumLibrary">
<msg time="2025-03-13T02:14:01.257351" level="INFO">Current location is 'http://127.0.0.1:8000/papers'.</msg>
<arg>${SERVER}/papers</arg>
<doc>Verifies that the current URL is exactly ``url``.</doc>
<status status="PASS" start="2025-03-13T02:14:01.251177" elapsed="0.006174"/>
</kw>
<kw name="Element Should Contain" owner="SeleniumLibrary">
<msg time="2025-03-13T02:14:01.276062" level="INFO">Element 'xpath=//tr[@role='row']//td[3]' contains text 'วารสาร'.</msg>
<arg>xpath=//tr[@role='row']//td[3]</arg>
<arg>วารสาร</arg>
<doc>Verifies that element ``locator`` contains text ``expected``.</doc>
<status status="PASS" start="2025-03-13T02:14:01.257351" elapsed="0.018711"/>
</kw>
<kw name="Click Element" owner="SeleniumLibrary">
<msg time="2025-03-13T02:14:01.277050" level="INFO">Clicking element 'xpath=//li/a[contains(text(), 'หนังสือ')]'.</msg>
<arg>xpath=//li/a[contains(text(), 'หนังสือ')]</arg>
<doc>Click the element identified by ``locator``.</doc>
<status status="PASS" start="2025-03-13T02:14:01.277050" elapsed="0.532553"/>
</kw>
<kw name="Location Should Be" owner="SeleniumLibrary">
<msg time="2025-03-13T02:14:01.826093" level="INFO">Current location is 'http://127.0.0.1:8000/books'.</msg>
<arg>${SERVER}/books</arg>
<doc>Verifies that the current URL is exactly ``url``.</doc>
<status status="PASS" start="2025-03-13T02:14:01.810653" elapsed="0.016168"/>
</kw>
<kw name="Click Element" owner="SeleniumLibrary">
<msg time="2025-03-13T02:14:01.826821" level="INFO">Clicking element 'xpath=//li/a[contains(text(), 'ผลงานวิชาการอื่นๆ')]'.</msg>
<arg>xpath=//li/a[contains(text(), 'ผลงานวิชาการอื่นๆ')]</arg>
<doc>Click the element identified by ``locator``.</doc>
<status status="PASS" start="2025-03-13T02:14:01.826821" elapsed="0.586280"/>
</kw>
<kw name="Location Should Be" owner="SeleniumLibrary">
<msg time="2025-03-13T02:14:02.432485" level="INFO">Current location is 'http://127.0.0.1:8000/patents'.</msg>
<arg>${SERVER}/patents</arg>
<doc>Verifies that the current URL is exactly ``url``.</doc>
<status status="PASS" start="2025-03-13T02:14:02.413101" elapsed="0.019384"/>
</kw>
<kw name="Element Should Contain" owner="SeleniumLibrary">
<msg time="2025-03-13T02:14:02.452828" level="INFO">Element 'xpath=//tr[@role='row']//td[3]' contains text 'อนุสิทธิบัตร'.</msg>
<arg>xpath=//tr[@role='row']//td[3]</arg>
<arg>อนุสิทธิบัตร</arg>
<doc>Verifies that element ``locator`` contains text ``expected``.</doc>
<status status="PASS" start="2025-03-13T02:14:02.432855" elapsed="0.019973"/>
</kw>
<doc>Test that clicking "จัดการสิ่งพิมพ์" navigates to the research groups page.</doc>
<status status="PASS" start="2025-03-13T02:14:00.602319" elapsed="1.850509"/>
</test>
<status status="FAIL" start="2025-03-13T02:13:30.189169" elapsed="32.264662"/>
</suite>
<statistics>
<total>
<stat pass="6" fail="1" skip="0">All Tests</stat>
</total>
<tag>
</tag>
<suite>
<stat name="Test" id="s1" pass="6" fail="1" skip="0">Test</stat>
</suite>
</statistics>
<errors>
<msg time="2025-03-13T02:14:00.602319" level="WARN">Multiple tests with name 'Test Navigate To Manage Publications' executed in suite 'Test'.</msg>
</errors>
</robot>
