<?xml version="1.0" encoding="UTF-8"?>
<robot generator="Robot 7.1.1 (Python 3.13.1 on win32)" generated="2025-03-13T01:55:02.549712" rpa="false" schemaversion="5">
<suite id="s1" name="Test" source="D:\workspace\work\git-group-repository-group-4\InitialProject\V.0\tests\test_researcher_dashboard\test.robot">
<test id="s1-t1" name="Test log in Page" line="66">
<kw name="Open Browser" owner="SeleniumLibrary">
<msg time="2025-03-13T01:55:02.976772" level="INFO">Opening browser 'chrome' to base url 'http://127.0.0.1:8000/login'.</msg>
<arg>${LOGIN URL}</arg>
<arg>${BROWSER}</arg>
<doc>Opens a new browser instance to the optional ``url``.</doc>
<status status="PASS" start="2025-03-13T01:55:02.976514" elapsed="2.309591"/>
</kw>
<kw name="Wait Until Element Is Visible" owner="SeleniumLibrary">
<arg>id=navbarDropdownMenuLink</arg>
<arg>20s</arg>
<doc>Waits until the element ``locator`` is visible.</doc>
<status status="PASS" start="2025-03-13T01:55:05.287026" elapsed="0.042552"/>
</kw>
<kw name="Click Element" owner="SeleniumLibrary">
<msg time="2025-03-13T01:55:05.331215" level="INFO">Clicking element 'id=navbarDropdownMenuLink'.</msg>
<arg>id=navbarDropdownMenuLink</arg>
<doc>Click the element identified by ``locator``.</doc>
<status status="PASS" start="2025-03-13T01:55:05.330569" elapsed="0.212824"/>
</kw>
<kw name="Wait Until Element Is Visible" owner="SeleniumLibrary">
<arg>xpath=//div[contains(@class, "dropdown-menu show")]</arg>
<arg>20s</arg>
<doc>Waits until the element ``locator`` is visible.</doc>
<status status="PASS" start="2025-03-13T01:55:05.544049" elapsed="0.047657"/>
</kw>
<kw name="Click Element" owner="SeleniumLibrary">
<msg time="2025-03-13T01:55:05.593075" level="INFO">Clicking element 'xpath=//a[contains(@href, "/lang/th")]'.</msg>
<arg>xpath=//a[contains(@href, "/lang/th")]</arg>
<doc>Click the element identified by ``locator``.</doc>
<status status="PASS" start="2025-03-13T01:55:05.592542" elapsed="1.029929"/>
</kw>
<kw name="Sleep" owner="BuiltIn">
<msg time="2025-03-13T01:55:11.623666" level="INFO">Slept 5 seconds.</msg>
<arg>5s</arg>
<doc>Pauses the test executed for the given time.</doc>
<status status="PASS" start="2025-03-13T01:55:06.622880" elapsed="5.000984"/>
</kw>
<kw name="Input Text" owner="SeleniumLibrary">
<msg time="2025-03-13T01:55:11.624812" level="INFO">Typing text 'chakso@kku.ac.th' into text field 'id=username'.</msg>
<arg>id=username</arg>
<arg>${USER_USERNAME}</arg>
<doc>Types the given ``text`` into the text field identified by ``locator``.</doc>
<status status="PASS" start="2025-03-13T01:55:11.624482" elapsed="0.091579"/>
</kw>
<kw name="Input Text" owner="SeleniumLibrary">
<msg time="2025-03-13T01:55:11.716838" level="INFO">Typing text '123456789' into text field 'id=password'.</msg>
<arg>id=password</arg>
<arg>${USER_PASSWORD}</arg>
<doc>Types the given ``text`` into the text field identified by ``locator``.</doc>
<status status="PASS" start="2025-03-13T01:55:11.716482" elapsed="0.097998"/>
</kw>
<kw name="Click Button" owner="SeleniumLibrary">
<msg time="2025-03-13T01:55:11.815124" level="INFO">Clicking button 'xpath=//button[@type='submit']'.</msg>
<arg>xpath=//button[@type='submit']</arg>
<doc>Clicks the button identified by ``locator``.</doc>
<status status="PASS" start="2025-03-13T01:55:11.814883" elapsed="0.099839"/>
</kw>
<kw name="Sleep" owner="BuiltIn">
<msg time="2025-03-13T01:55:13.916054" level="INFO">Slept 2 seconds.</msg>
<arg>2s</arg>
<doc>Pauses the test executed for the given time.</doc>
<status status="PASS" start="2025-03-13T01:55:11.915492" elapsed="2.000736"/>
</kw>
<kw name="Location Should Be" owner="SeleniumLibrary">
<msg time="2025-03-13T01:55:14.274671" level="INFO">Current location is 'http://127.0.0.1:8000/dashboard'.</msg>
<arg>${USER URL}</arg>
<doc>Verifies that the current URL is exactly ``url``.</doc>
<status status="PASS" start="2025-03-13T01:55:13.916674" elapsed="0.358109"/>
</kw>
<kw name="Page Should Contain" owner="SeleniumLibrary">
<msg time="2025-03-13T01:55:14.289685" level="INFO">Current page contains text 'ยินดีต้อนรับเข้าสู่ระบบจัดการข้อมูลวิจัยของสาขาวิชาวิทยาการคอมพิวเตอร์'.</msg>
<arg>ยินดีต้อนรับเข้าสู่ระบบจัดการข้อมูลวิจัยของสาขาวิชาวิทยาการคอมพิวเตอร์</arg>
<doc>Verifies that current page contains ``text``.</doc>
<status status="PASS" start="2025-03-13T01:55:14.275164" elapsed="0.014639"/>
</kw>
<doc>Test admin login and navigate to each page after language change from English to Thai.</doc>
<status status="PASS" start="2025-03-13T01:55:02.975518" elapsed="11.314672"/>
</test>
<test id="s1-t2" name="Test Navigate To User Profile" line="93">
<kw name="Click Element" owner="SeleniumLibrary">
<msg time="2025-03-13T01:55:14.292850" level="INFO">Clicking element 'xpath=//span[contains(text(), 'โปรไฟล์ผู้ใช้')]'.</msg>
<arg>xpath=//span[contains(text(), 'โปรไฟล์ผู้ใช้')]</arg>
<doc>Click the element identified by ``locator``.</doc>
<status status="PASS" start="2025-03-13T01:55:14.292603" elapsed="0.643881"/>
</kw>
<kw name="Location Should Be" owner="SeleniumLibrary">
<msg time="2025-03-13T01:55:14.946183" level="INFO">Current location is 'http://127.0.0.1:8000/profile'.</msg>
<arg>${SERVER}/profile</arg>
<doc>Verifies that the current URL is exactly ``url``.</doc>
<status status="PASS" start="2025-03-13T01:55:14.936950" elapsed="0.009367"/>
</kw>
<kw name="Page Should Contain" owner="SeleniumLibrary">
<msg time="2025-03-13T01:55:14.971124" level="INFO">Current page contains text 'บัญชี'.</msg>
<arg>บัญชี</arg>
<doc>Verifies that current page contains ``text``.</doc>
<status status="PASS" start="2025-03-13T01:55:14.946731" elapsed="0.024579"/>
</kw>
<kw name="Click Element" owner="SeleniumLibrary">
<msg time="2025-03-13T01:55:14.972307" level="INFO">Clicking element 'xpath=//a[@id='account-tab' and contains(@class, 'nav-link') and contains(., 'บัญชี')]'.</msg>
<arg>xpath=//a[@id='account-tab' and contains(@class, 'nav-link') and contains(., 'บัญชี')]</arg>
<doc>Click the element identified by ``locator``.</doc>
<status status="PASS" start="2025-03-13T01:55:14.971930" elapsed="0.142172"/>
</kw>
<kw name="Sleep" owner="BuiltIn">
<msg time="2025-03-13T01:55:18.115188" level="INFO">Slept 3 seconds.</msg>
<arg>3s</arg>
<doc>Pauses the test executed for the given time.</doc>
<status status="PASS" start="2025-03-13T01:55:15.114638" elapsed="3.000653"/>
</kw>
<kw name="Click Element" owner="SeleniumLibrary">
<msg time="2025-03-13T01:55:18.115822" level="INFO">Clicking element 'xpath=//a[@id='password-tab' and contains(@class, 'nav-link') and contains(., 'รหัสผ่าน')]'.</msg>
<arg>xpath=//a[@id='password-tab' and contains(@class, 'nav-link') and contains(., 'รหัสผ่าน')]</arg>
<doc>Click the element identified by ``locator``.</doc>
<status status="PASS" start="2025-03-13T01:55:18.115636" elapsed="0.071121"/>
</kw>
<kw name="Sleep" owner="BuiltIn">
<msg time="2025-03-13T01:55:21.187705" level="INFO">Slept 3 seconds.</msg>
<arg>3s</arg>
<doc>Pauses the test executed for the given time.</doc>
<status status="PASS" start="2025-03-13T01:55:18.187202" elapsed="3.000671"/>
</kw>
<kw name="Click Element" owner="SeleniumLibrary">
<msg time="2025-03-13T01:55:21.189031" level="INFO">Clicking element 'xpath=//a[@id='expertise-tab' and contains(@class, 'nav-link') and contains(., 'ความเชี่ยวชาญ')]'.</msg>
<arg>xpath=//a[@id='expertise-tab' and contains(@class, 'nav-link') and contains(., 'ความเชี่ยวชาญ')]</arg>
<doc>Click the element identified by ``locator``.</doc>
<status status="PASS" start="2025-03-13T01:55:21.188641" elapsed="0.063542"/>
</kw>
<kw name="Sleep" owner="BuiltIn">
<msg time="2025-03-13T01:55:24.253509" level="INFO">Slept 3 seconds.</msg>
<arg>3s</arg>
<doc>Pauses the test executed for the given time.</doc>
<status status="PASS" start="2025-03-13T01:55:21.252787" elapsed="3.001274"/>
</kw>
<kw name="Click Element" owner="SeleniumLibrary">
<msg time="2025-03-13T01:55:24.255304" level="INFO">Clicking element 'xpath=//a[@id='education-tab' and contains(@class, 'nav-link') and contains(., 'การศึกษา')]'.</msg>
<arg>xpath=//a[@id='education-tab' and contains(@class, 'nav-link') and contains(., 'การศึกษา')]</arg>
<doc>Click the element identified by ``locator``.</doc>
<status status="PASS" start="2025-03-13T01:55:24.255069" elapsed="0.070188"/>
</kw>
<kw name="Sleep" owner="BuiltIn">
<msg time="2025-03-13T01:55:27.326742" level="INFO">Slept 3 seconds.</msg>
<arg>3s</arg>
<doc>Pauses the test executed for the given time.</doc>
<status status="PASS" start="2025-03-13T01:55:24.325898" elapsed="3.000968"/>
</kw>
<doc>Test that clicking "โปรไฟล์ผู้ใช้" to the User Profile page without re-login.</doc>
<status status="PASS" start="2025-03-13T01:55:14.291625" elapsed="13.035576"/>
</test>
<test id="s1-t3" name="Test Navigate To Funds Management" line="120">
<kw name="Click Element" owner="SeleniumLibrary">
<msg time="2025-03-13T01:55:27.328941" level="INFO">Clicking element 'xpath=//span[contains(text(), 'จัดการกองทุน')]'.</msg>
<arg>xpath=//span[contains(text(), 'จัดการกองทุน')]</arg>
<doc>Click the element identified by ``locator``.</doc>
<status status="PASS" start="2025-03-13T01:55:27.328784" elapsed="0.642187"/>
</kw>
<kw name="Location Should Be" owner="SeleniumLibrary">
<msg time="2025-03-13T01:55:27.977852" level="INFO">Current location is 'http://127.0.0.1:8000/funds'.</msg>
<arg>${SERVER}/funds</arg>
<doc>Verifies that the current URL is exactly ``url``.</doc>
<status status="PASS" start="2025-03-13T01:55:27.971551" elapsed="0.006457"/>
</kw>
<kw name="Page Should Contain" owner="SeleniumLibrary">
<msg time="2025-03-13T01:55:28.001097" level="INFO">Current page contains text 'ทุนวิจัย'.</msg>
<arg>ทุนวิจัย</arg>
<doc>Verifies that current page contains ``text``.</doc>
<status status="PASS" start="2025-03-13T01:55:27.978571" elapsed="0.022635"/>
</kw>
<kw name="Page Should Contain" owner="SeleniumLibrary">
<msg time="2025-03-13T01:55:28.116191" level="INFO" html="true">&lt;/td&gt;&lt;/tr&gt;&lt;tr&gt;&lt;td colspan="3"&gt;&lt;a href="selenium-screenshot-10.png"&gt;&lt;img src="selenium-screenshot-10.png" width="800px"&gt;&lt;/a&gt;</msg>
<msg time="2025-03-13T01:55:28.116442" level="FAIL">Page should have contained text 'ทุนภายใน' but did not.</msg>
<arg>ทุนภายใน</arg>
<doc>Verifies that current page contains ``text``.</doc>
<status status="FAIL" start="2025-03-13T01:55:28.001587" elapsed="0.118815">Page should have contained text 'ทุนภายใน' but did not.</status>
</kw>
<doc>Test that clicking "จัดการกองทุน" navigates to the funds management page.</doc>
<status status="FAIL" start="2025-03-13T01:55:27.328017" elapsed="0.792829">Page should have contained text 'ทุนภายใน' but did not.</status>
</test>
<test id="s1-t4" name="Test Navigate To Research Projects" line="134">
<kw name="Click Element" owner="SeleniumLibrary">
<msg time="2025-03-13T01:55:28.123009" level="INFO">Clicking element 'xpath=//span[contains(text(), 'โครงการวิจัย')]'.</msg>
<arg>xpath=//span[contains(text(), 'โครงการวิจัย')]</arg>
<doc>Click the element identified by ``locator``.</doc>
<status status="PASS" start="2025-03-13T01:55:28.122795" elapsed="0.703735"/>
</kw>
<kw name="Location Should Be" owner="SeleniumLibrary">
<msg time="2025-03-13T01:55:28.837045" level="INFO">Current location is 'http://127.0.0.1:8000/researchProjects'.</msg>
<arg>${SERVER}/researchProjects</arg>
<doc>Verifies that the current URL is exactly ``url``.</doc>
<status status="PASS" start="2025-03-13T01:55:28.827098" elapsed="0.010087"/>
</kw>
<kw name="Element Should Contain" owner="SeleniumLibrary">
<msg time="2025-03-13T01:55:28.868237" level="INFO">Element 'xpath=//tr[@role='row']//td[4]' contains text 'จักรชัย'.</msg>
<arg>xpath=//tr[@role='row']//td[4]</arg>
<arg>จักรชัย</arg>
<doc>Verifies that element ``locator`` contains text ``expected``.</doc>
<status status="PASS" start="2025-03-13T01:55:28.837633" elapsed="0.030721"/>
</kw>
<doc>Test that clicking "โครงการวิจัย" navigates to the research projects page.</doc>
<status status="PASS" start="2025-03-13T01:55:28.122003" elapsed="0.746737"/>
</test>
<test id="s1-t5" name="Test Navigate To Research Groups" line="146">
<kw name="Click Element" owner="SeleniumLibrary">
<msg time="2025-03-13T01:55:28.870679" level="INFO">Clicking element 'xpath=//span[contains(text(), 'กลุ่มวิจัย')]'.</msg>
<arg>xpath=//span[contains(text(), 'กลุ่มวิจัย')]</arg>
<doc>Click the element identified by ``locator``.</doc>
<status status="PASS" start="2025-03-13T01:55:28.870472" elapsed="0.804594"/>
</kw>
<kw name="Location Should Be" owner="SeleniumLibrary">
<msg time="2025-03-13T01:55:29.688135" level="INFO">Current location is 'http://127.0.0.1:8000/researchGroups'.</msg>
<arg>${SERVER}/researchGroups</arg>
<doc>Verifies that the current URL is exactly ``url``.</doc>
<status status="PASS" start="2025-03-13T01:55:29.675545" elapsed="0.012717"/>
</kw>
<kw name="Element Should Contain" owner="SeleniumLibrary">
<msg time="2025-03-13T01:55:29.715213" level="INFO">Element 'xpath=//tr[@role='row']//td[3]' contains text 'วาสนา'.</msg>
<arg>xpath=//tr[@role='row']//td[3]</arg>
<arg>วาสนา</arg>
<doc>Verifies that element ``locator`` contains text ``expected``.</doc>
<status status="PASS" start="2025-03-13T01:55:29.688652" elapsed="0.026693"/>
</kw>
<doc>Test that clicking "กลุ่มวิจัย" navigates to the research groups page.</doc>
<status status="PASS" start="2025-03-13T01:55:28.869691" elapsed="0.846081"/>
</test>
<test id="s1-t6" name="Test Navigate To Manage Publications" line="158">
<kw name="Click Element" owner="SeleniumLibrary">
<msg time="2025-03-13T01:55:29.717914" level="INFO">Clicking element 'xpath=//span[contains(text(), 'จัดการสิ่งพิมพ์')]'.</msg>
<arg>xpath=//span[contains(text(), 'จัดการสิ่งพิมพ์')]</arg>
<doc>Click the element identified by ``locator``.</doc>
<status status="PASS" start="2025-03-13T01:55:29.717694" elapsed="0.083993"/>
</kw>
<kw name="Click Element" owner="SeleniumLibrary">
<msg time="2025-03-13T01:55:29.802312" level="INFO">Clicking element 'xpath=//li/a[contains(text(), 'งานวิจัยที่เผยแพร่')]'.</msg>
<arg>xpath=//li/a[contains(text(), 'งานวิจัยที่เผยแพร่')]</arg>
<doc>Click the element identified by ``locator``.</doc>
<status status="PASS" start="2025-03-13T01:55:29.802083" elapsed="0.920657"/>
</kw>
<kw name="Location Should Be" owner="SeleniumLibrary">
<msg time="2025-03-13T01:55:30.731020" level="INFO">Current location is 'http://127.0.0.1:8000/papers'.</msg>
<arg>${SERVER}/papers</arg>
<doc>Verifies that the current URL is exactly ``url``.</doc>
<status status="PASS" start="2025-03-13T01:55:30.723277" elapsed="0.007873"/>
</kw>
<kw name="Element Should Contain" owner="SeleniumLibrary">
<msg time="2025-03-13T01:55:30.754145" level="INFO">Element 'xpath=//tr[@role='row']//td[3]' contains text 'วารสาร'.</msg>
<arg>xpath=//tr[@role='row']//td[3]</arg>
<arg>วารสาร</arg>
<doc>Verifies that element ``locator`` contains text ``expected``.</doc>
<status status="PASS" start="2025-03-13T01:55:30.731509" elapsed="0.022745"/>
</kw>
<doc>Test that clicking "จัดการสิ่งพิมพ์" navigates to the research groups page.</doc>
<status status="PASS" start="2025-03-13T01:55:29.716701" elapsed="1.038008"/>
</test>
<test id="s1-t7" name="Test Navigate To Manage Publications" line="169">
<kw name="Click Element" owner="SeleniumLibrary">
<msg time="2025-03-13T01:55:30.758154" level="INFO">Clicking element 'xpath=//span[contains(text(), 'จัดการสิ่งพิมพ์')]'.</msg>
<arg>xpath=//span[contains(text(), 'จัดการสิ่งพิมพ์')]</arg>
<doc>Click the element identified by ``locator``.</doc>
<status status="PASS" start="2025-03-13T01:55:30.757903" elapsed="0.091413"/>
</kw>
<kw name="Click Element" owner="SeleniumLibrary">
<msg time="2025-03-13T01:55:30.849982" level="INFO">Clicking element 'xpath=//li/a[contains(text(), 'งานวิจัยที่เผยแพร่')]'.</msg>
<arg>xpath=//li/a[contains(text(), 'งานวิจัยที่เผยแพร่')]</arg>
<doc>Click the element identified by ``locator``.</doc>
<status status="PASS" start="2025-03-13T01:55:30.849725" elapsed="0.833583"/>
</kw>
<kw name="Location Should Be" owner="SeleniumLibrary">
<msg time="2025-03-13T01:55:31.691065" level="INFO">Current location is 'http://127.0.0.1:8000/papers'.</msg>
<arg>${SERVER}/papers</arg>
<doc>Verifies that the current URL is exactly ``url``.</doc>
<status status="PASS" start="2025-03-13T01:55:31.683995" elapsed="0.007172"/>
</kw>
<kw name="Element Should Contain" owner="SeleniumLibrary">
<msg time="2025-03-13T01:55:31.714686" level="INFO">Element 'xpath=//tr[@role='row']//td[3]' contains text 'วารสาร'.</msg>
<arg>xpath=//tr[@role='row']//td[3]</arg>
<arg>วารสาร</arg>
<doc>Verifies that element ``locator`` contains text ``expected``.</doc>
<status status="PASS" start="2025-03-13T01:55:31.691523" elapsed="0.023289"/>
</kw>
<kw name="Click Element" owner="SeleniumLibrary">
<msg time="2025-03-13T01:55:31.715620" level="INFO">Clicking element 'xpath=//li/a[contains(text(), 'หนังสือ')]'.</msg>
<arg>xpath=//li/a[contains(text(), 'หนังสือ')]</arg>
<doc>Click the element identified by ``locator``.</doc>
<status status="PASS" start="2025-03-13T01:55:31.715318" elapsed="0.697758"/>
</kw>
<kw name="Location Should Be" owner="SeleniumLibrary">
<msg time="2025-03-13T01:55:32.438030" level="INFO">Current location is 'http://127.0.0.1:8000/books'.</msg>
<arg>${SERVER}/books</arg>
<doc>Verifies that the current URL is exactly ``url``.</doc>
<status status="PASS" start="2025-03-13T01:55:32.413612" elapsed="0.024544"/>
</kw>
<kw name="Click Element" owner="SeleniumLibrary">
<msg time="2025-03-13T01:55:32.438854" level="INFO">Clicking element 'xpath=//li/a[contains(text(), 'ผลงานวิชาการอื่นๆ')]'.</msg>
<arg>xpath=//li/a[contains(text(), 'ผลงานวิชาการอื่นๆ')]</arg>
<doc>Click the element identified by ``locator``.</doc>
<status status="PASS" start="2025-03-13T01:55:32.438588" elapsed="0.687406"/>
</kw>
<kw name="Location Should Be" owner="SeleniumLibrary">
<msg time="2025-03-13T01:55:33.135258" level="INFO">Current location is 'http://127.0.0.1:8000/patents'.</msg>
<arg>${SERVER}/patents</arg>
<doc>Verifies that the current URL is exactly ``url``.</doc>
<status status="PASS" start="2025-03-13T01:55:33.126429" elapsed="0.008945"/>
</kw>
<kw name="Element Should Contain" owner="SeleniumLibrary">
<msg time="2025-03-13T01:55:33.159599" level="INFO">Element 'xpath=//tr[@role='row']//td[3]' contains text 'อนุสิทธิบัตร'.</msg>
<arg>xpath=//tr[@role='row']//td[3]</arg>
<arg>อนุสิทธิบัตร</arg>
<doc>Verifies that element ``locator`` contains text ``expected``.</doc>
<status status="PASS" start="2025-03-13T01:55:33.135780" elapsed="0.023961"/>
</kw>
<doc>Test that clicking "จัดการสิ่งพิมพ์" navigates to the research groups page.</doc>
<status status="PASS" start="2025-03-13T01:55:30.756732" elapsed="2.403807"/>
</test>
<status status="FAIL" start="2025-03-13T01:55:02.552330" elapsed="30.609430"/>
</suite>
<statistics>
<total>
<stat pass="6" fail="1" skip="0">All Tests</stat>
</total>
<tag>
</tag>
<suite>
<stat pass="6" fail="1" skip="0" id="s1" name="Test">Test</stat>
</suite>
</statistics>
<errors>
<msg time="2025-03-13T01:55:30.756188" level="WARN">Multiple tests with name 'Test Navigate To Manage Publications' executed in suite 'Test'.</msg>
</errors>
</robot>
