<?xml version="1.0" encoding="UTF-8"?>
<robot generator="Robot 7.2.2 (Python 3.10.11 on win32)" generated="2025-03-12T22:03:32.124016" rpa="false" schemaversion="5">
<suite id="s1" name="UAT-adminTH" source="C:\xampp\htdocs\git-group-repository-group-4\InitialProject\V.0\tests\test_admin\UAT-adminTH.robot">
<test id="s1-t1" name="Test log in Page" line="68">
<kw name="Open Browser" owner="SeleniumLibrary">
<msg time="2025-03-12T22:03:32.418036" level="INFO">Opening browser 'chrome' to base url 'http://127.0.0.1:8000/login'.</msg>
<arg>${LOGIN URL}</arg>
<arg>${BROWSER}</arg>
<doc>Opens a new browser instance to the optional ``url``.</doc>
<status status="PASS" start="2025-03-12T22:03:32.418036" elapsed="1.890031"/>
</kw>
<kw name="Wait Until Element Is Visible" owner="SeleniumLibrary">
<arg>id=navbarDropdownMenuLink</arg>
<arg>20s</arg>
<doc>Waits until the element ``locator`` is visible.</doc>
<status status="PASS" start="2025-03-12T22:03:34.309075" elapsed="0.028617"/>
</kw>
<kw name="Click Element" owner="SeleniumLibrary">
<msg time="2025-03-12T22:03:34.337692" level="INFO">Clicking element 'id=navbarDropdownMenuLink'.</msg>
<arg>id=navbarDropdownMenuLink</arg>
<doc>Click the element identified by ``locator``.</doc>
<status status="PASS" start="2025-03-12T22:03:34.337692" elapsed="0.121454"/>
</kw>
<kw name="Wait Until Element Is Visible" owner="SeleniumLibrary">
<arg>xpath=//div[contains(@class, "dropdown-menu show")]</arg>
<arg>20s</arg>
<doc>Waits until the element ``locator`` is visible.</doc>
<status status="PASS" start="2025-03-12T22:03:34.460963" elapsed="0.022086"/>
</kw>
<kw name="Click Element" owner="SeleniumLibrary">
<msg time="2025-03-12T22:03:34.483049" level="INFO">Clicking element 'xpath=//a[contains(@href, "/lang/th")]'.</msg>
<arg>xpath=//a[contains(@href, "/lang/th")]</arg>
<doc>Click the element identified by ``locator``.</doc>
<status status="PASS" start="2025-03-12T22:03:34.483049" elapsed="0.497344"/>
</kw>
<kw name="Sleep" owner="BuiltIn">
<msg time="2025-03-12T22:03:39.989241" level="INFO">Slept 5 seconds.</msg>
<arg>5s</arg>
<doc>Pauses the test executed for the given time.</doc>
<status status="PASS" start="2025-03-12T22:03:34.980819" elapsed="5.008422"/>
</kw>
<kw name="Input Text" owner="SeleniumLibrary">
<msg time="2025-03-12T22:03:39.989241" level="INFO">Typing text 'admin@gmail.com' into text field 'id=username'.</msg>
<arg>id=username</arg>
<arg>${USER_USERNAME}</arg>
<doc>Types the given ``text`` into the text field identified by ``locator``.</doc>
<status status="PASS" start="2025-03-12T22:03:39.989241" elapsed="0.385835"/>
</kw>
<kw name="Input Text" owner="SeleniumLibrary">
<msg time="2025-03-12T22:03:40.377992" level="INFO">Typing text '12345678' into text field 'id=password'.</msg>
<arg>id=password</arg>
<arg>${USER_PASSWORD}</arg>
<doc>Types the given ``text`` into the text field identified by ``locator``.</doc>
<status status="PASS" start="2025-03-12T22:03:40.376512" elapsed="0.362833"/>
</kw>
<kw name="Click Button" owner="SeleniumLibrary">
<msg time="2025-03-12T22:03:40.746326" level="INFO">Clicking button 'xpath=//button[@type='submit']'.</msg>
<arg>xpath=//button[@type='submit']</arg>
<doc>Clicks the button identified by ``locator``.</doc>
<status status="PASS" start="2025-03-12T22:03:40.746326" elapsed="2.528396"/>
</kw>
<kw name="Sleep" owner="BuiltIn">
<msg time="2025-03-12T22:03:45.278405" level="INFO">Slept 2 seconds.</msg>
<arg>2s</arg>
<doc>Pauses the test executed for the given time.</doc>
<status status="PASS" start="2025-03-12T22:03:43.274722" elapsed="2.003683"/>
</kw>
<kw name="Location Should Be" owner="SeleniumLibrary">
<msg time="2025-03-12T22:03:45.287897" level="INFO">Current location is 'http://127.0.0.1:8000/dashboard'.</msg>
<arg>${USER URL}</arg>
<doc>Verifies that the current URL is exactly ``url``.</doc>
<status status="PASS" start="2025-03-12T22:03:45.278405" elapsed="0.009492"/>
</kw>
<kw name="Page Should Contain" owner="SeleniumLibrary">
<msg time="2025-03-12T22:03:45.305520" level="INFO">Current page contains text 'ยินดีต้อนรับเข้าสู่ระบบจัดการข้อมูลวิจัยของสาขาวิชาวิทยาการคอมพิวเตอร์'.</msg>
<arg>ยินดีต้อนรับเข้าสู่ระบบจัดการข้อมูลวิจัยของสาขาวิชาวิทยาการคอมพิวเตอร์</arg>
<doc>Verifies that current page contains ``text``.</doc>
<status status="PASS" start="2025-03-12T22:03:45.287897" elapsed="0.017623"/>
</kw>
<kw name="Close Browser" owner="SeleniumLibrary">
<doc>Closes the current browser.</doc>
<status status="PASS" start="2025-03-12T22:03:45.306519" elapsed="2.162824"/>
</kw>
<doc>Test admin login and navigate to each page after language change from English to Thai.</doc>
<status status="PASS" start="2025-03-12T22:03:32.418036" elapsed="15.051307"/>
</test>
<status status="PASS" start="2025-03-12T22:03:32.124016" elapsed="15.345327"/>
</suite>
<statistics>
<total>
<stat pass="1" fail="0" skip="0">All Tests</stat>
</total>
<tag>
</tag>
<suite>
<stat name="UAT-adminTH" id="s1" pass="1" fail="0" skip="0">UAT-adminTH</stat>
</suite>
</statistics>
<errors>
</errors>
</robot>
