<?xml version="1.0" encoding="UTF-8"?>
<robot generator="Robot 7.2.2 (Python 3.10.11 on win32)" generated="2025-03-12T19:13:11.385655" rpa="false" schemaversion="5">
<suite id="s1" name="UAT-groupZH" source="C:\xampp\htdocs\git-group-repository-group-4\InitialProject\V.0\tests\test_group\UAT-groupZH.robot">
<test id="s1-t1" name="Test Open Group Page" line="63">
<kw name="Open Browser" owner="SeleniumLibrary">
<msg time="2025-03-12T19:13:11.691148" level="WARN">exexcutable_path is being deprecated. Please use service to configure the driver's executable_path as per documentation.</msg>
<msg time="2025-03-12T19:13:11.691148" level="INFO">Opening browser 'chrome' to base url 'http://127.0.0.1:8000'.</msg>
<arg>${SERVER}</arg>
<arg>${BROWSER}</arg>
<arg>executable_path=${CHROME_DRIVER_PATH}</arg>
<doc>Opens a new browser instance to the optional ``url``.</doc>
<status status="PASS" start="2025-03-12T19:13:11.691148" elapsed="2.338418"/>
</kw>
<kw name="Sleep" owner="BuiltIn">
<msg time="2025-03-12T19:13:17.041755" level="INFO">Slept 3 seconds.</msg>
<arg>3s</arg>
<doc>Pauses the test executed for the given time.</doc>
<status status="PASS" start="2025-03-12T19:13:14.029566" elapsed="3.012189"/>
</kw>
<kw name="Click Element" owner="SeleniumLibrary">
<msg time="2025-03-12T19:13:17.041755" level="INFO">Clicking element '//a[@class='nav-link' and contains(text(), 'Research Group')]'.</msg>
<arg>${RESEARCHGROUP_MENU}</arg>
<doc>Click the element identified by ``locator``.</doc>
<status status="PASS" start="2025-03-12T19:13:17.041755" elapsed="0.527879"/>
</kw>
<kw name="Sleep" owner="BuiltIn">
<msg time="2025-03-12T19:13:19.579635" level="INFO">Slept 2 seconds.</msg>
<arg>2s</arg>
<doc>Pauses the test executed for the given time.</doc>
<status status="PASS" start="2025-03-12T19:13:17.569634" elapsed="2.010001"/>
</kw>
<kw name="Location Should Be" owner="SeleniumLibrary">
<msg time="2025-03-12T19:13:19.597628" level="INFO">Current location is 'http://127.0.0.1:8000/researchgroup'.</msg>
<arg>http://127.0.0.1:8000/researchgroup</arg>
<doc>Verifies that the current URL is exactly ``url``.</doc>
<status status="PASS" start="2025-03-12T19:13:19.579635" elapsed="0.017993"/>
</kw>
<kw name="Capture Page Screenshot" owner="SeleniumLibrary">
<msg time="2025-03-12T19:13:19.771180" level="INFO" html="true">&lt;/td&gt;&lt;/tr&gt;&lt;tr&gt;&lt;td colspan="3"&gt;&lt;a href="group_page2.png"&gt;&lt;img src="group_page2.png" width="800px"&gt;&lt;/a&gt;</msg>
<arg>group_page2.png</arg>
<doc>Takes a screenshot of the current page and embeds it into a log file.</doc>
<status status="PASS" start="2025-03-12T19:13:19.599645" elapsed="0.171535"/>
</kw>
<kw name="Click Element" owner="SeleniumLibrary">
<msg time="2025-03-12T19:13:19.771956" level="INFO">Clicking element '//a[@id='navbarDropdownMenuLink']'.</msg>
<arg>//a[@id='navbarDropdownMenuLink']</arg>
<doc>Click the element identified by ``locator``.</doc>
<status status="PASS" start="2025-03-12T19:13:19.771956" elapsed="0.062481"/>
</kw>
<kw name="Sleep" owner="BuiltIn">
<msg time="2025-03-12T19:13:21.845622" level="INFO">Slept 2 seconds.</msg>
<arg>2s</arg>
<doc>Pauses the test executed for the given time.</doc>
<status status="PASS" start="2025-03-12T19:13:19.834437" elapsed="2.011185"/>
</kw>
<kw name="Go To" owner="SeleniumLibrary">
<msg time="2025-03-12T19:13:21.845622" level="INFO">Opening url 'http://127.0.0.1:8000/lang/zh'</msg>
<arg>http://127.0.0.1:8000/lang/zh</arg>
<doc>Navigates the current browser window to the provided ``url``.</doc>
<status status="PASS" start="2025-03-12T19:13:21.845622" elapsed="0.676944"/>
</kw>
<kw name="Sleep" owner="BuiltIn">
<msg time="2025-03-12T19:13:27.531396" level="INFO">Slept 5 seconds.</msg>
<arg>5s</arg>
<doc>Pauses the test executed for the given time.</doc>
<status status="PASS" start="2025-03-12T19:13:22.523096" elapsed="5.008300"/>
</kw>
<kw name="Page Should Contain Element" owner="SeleniumLibrary">
<msg time="2025-03-12T19:13:27.563208" level="INFO">Current page contains element 'xpath=//h2[contains(normalize-space(.), 'Wasana Putklang')]'.</msg>
<arg>xpath=//h2[contains(normalize-space(.), 'Wasana Putklang')]</arg>
<doc>Verifies that element ``locator`` is found on the current page.</doc>
<status status="PASS" start="2025-03-12T19:13:27.531396" elapsed="0.031812"/>
</kw>
<kw name="Page Should Contain Element" owner="SeleniumLibrary">
<msg time="2025-03-12T19:13:27.610446" level="INFO">Current page contains element 'xpath=//h2[contains(normalize-space(.), 'Chaiyapon Keeratikasikorn')]'.</msg>
<arg>xpath=//h2[contains(normalize-space(.), 'Chaiyapon Keeratikasikorn')]</arg>
<doc>Verifies that element ``locator`` is found on the current page.</doc>
<status status="PASS" start="2025-03-12T19:13:27.563208" elapsed="0.047238"/>
</kw>
<kw name="Page Should Contain Element" owner="SeleniumLibrary">
<msg time="2025-03-12T19:13:27.642104" level="INFO">Current page contains element 'xpath=//h2[contains(normalize-space(.), 'Nagon Watanakij')]'.</msg>
<arg>xpath=//h2[contains(normalize-space(.), 'Nagon Watanakij')]</arg>
<doc>Verifies that element ``locator`` is found on the current page.</doc>
<status status="PASS" start="2025-03-12T19:13:27.610446" elapsed="0.031658"/>
</kw>
<kw name="Page Should Contain Element" owner="SeleniumLibrary">
<msg time="2025-03-12T19:13:27.681076" level="INFO">Current page contains element 'xpath=//h2[contains(normalize-space(.), 'Pipat Reungsang')]'.</msg>
<arg>xpath=//h2[contains(normalize-space(.), 'Pipat Reungsang')]</arg>
<doc>Verifies that element ``locator`` is found on the current page.</doc>
<status status="PASS" start="2025-03-12T19:13:27.642104" elapsed="0.038972"/>
</kw>
<kw name="Page Should Contain Element" owner="SeleniumLibrary">
<msg time="2025-03-12T19:13:27.698868" level="INFO">Current page contains element 'xpath=//h2[contains(normalize-space(.), 'Rasamee Suwanwerakamtorn')]'.</msg>
<arg>xpath=//h2[contains(normalize-space(.), 'Rasamee Suwanwerakamtorn')]</arg>
<doc>Verifies that element ``locator`` is found on the current page.</doc>
<status status="PASS" start="2025-03-12T19:13:27.682077" elapsed="0.016791"/>
</kw>
<kw name="Page Should Contain Element" owner="SeleniumLibrary">
<msg time="2025-03-12T19:13:27.730595" level="INFO">Current page contains element 'xpath=//h2[contains(normalize-space(.), 'Urawan Chanket')]'.</msg>
<arg>xpath=//h2[contains(normalize-space(.), 'Urawan Chanket')]</arg>
<doc>Verifies that element ``locator`` is found on the current page.</doc>
<status status="PASS" start="2025-03-12T19:13:27.698868" elapsed="0.031727"/>
</kw>
<kw name="Page Should Contain Element" owner="SeleniumLibrary">
<msg time="2025-03-12T19:13:27.754477" level="INFO">Current page contains element 'xpath=//h2[contains(normalize-space(.), 'Sarun Apichontrakul')]'.</msg>
<arg>xpath=//h2[contains(normalize-space(.), 'Sarun Apichontrakul')]</arg>
<doc>Verifies that element ``locator`` is found on the current page.</doc>
<status status="PASS" start="2025-03-12T19:13:27.730595" elapsed="0.023882"/>
</kw>
<kw name="Page Should Contain Element" owner="SeleniumLibrary">
<msg time="2025-03-12T19:13:27.773223" level="INFO">Current page contains element 'xpath=//h2[contains(normalize-space(.), 'Sakpod Tongleamnak')]'.</msg>
<arg>xpath=//h2[contains(normalize-space(.), 'Sakpod Tongleamnak')]</arg>
<doc>Verifies that element ``locator`` is found on the current page.</doc>
<status status="PASS" start="2025-03-12T19:13:27.754477" elapsed="0.018746"/>
</kw>
<kw name="Page Should Contain Element" owner="SeleniumLibrary">
<msg time="2025-03-12T19:13:27.800313" level="INFO">Current page contains element 'xpath=//h2[contains(normalize-space(.), 'Chakchai So-In')]'.</msg>
<arg>xpath=//h2[contains(normalize-space(.), 'Chakchai So-In')]</arg>
<doc>Verifies that element ``locator`` is found on the current page.</doc>
<status status="PASS" start="2025-03-12T19:13:27.773223" elapsed="0.027090"/>
</kw>
<kw name="Page Should Contain Element" owner="SeleniumLibrary">
<msg time="2025-03-12T19:13:27.810258" level="INFO">Current page contains element 'xpath=//h2[contains(normalize-space(.), 'Somjit Arch-int')]'.</msg>
<arg>xpath=//h2[contains(normalize-space(.), 'Somjit Arch-int')]</arg>
<doc>Verifies that element ``locator`` is found on the current page.</doc>
<status status="PASS" start="2025-03-12T19:13:27.800313" elapsed="0.009945"/>
</kw>
<kw name="Capture Page Screenshot" owner="SeleniumLibrary">
<msg time="2025-03-12T19:13:27.907189" level="INFO" html="true">&lt;/td&gt;&lt;/tr&gt;&lt;tr&gt;&lt;td colspan="3"&gt;&lt;a href="group_page_zh.png"&gt;&lt;img src="group_page_zh.png" width="800px"&gt;&lt;/a&gt;</msg>
<arg>group_page_zh.png</arg>
<doc>Takes a screenshot of the current page and embeds it into a log file.</doc>
<status status="PASS" start="2025-03-12T19:13:27.810258" elapsed="0.096931"/>
</kw>
<kw name="Close Browser" owner="SeleniumLibrary">
<doc>Closes the current browser.</doc>
<status status="PASS" start="2025-03-12T19:13:27.908194" elapsed="2.145906"/>
</kw>
<doc>ทดสอบการเปิดหน้า "Group" และการเปลี่ยนภาษาเป็นจีน</doc>
<status status="PASS" start="2025-03-12T19:13:11.691148" elapsed="18.362952"/>
</test>
<test id="s1-t2" name="Test Open Group details Page" line="97">
<kw name="Open Browser" owner="SeleniumLibrary">
<msg time="2025-03-12T19:13:30.063247" level="WARN">exexcutable_path is being deprecated. Please use service to configure the driver's executable_path as per documentation.</msg>
<msg time="2025-03-12T19:13:30.063247" level="INFO">Opening browser 'chrome' to base url 'http://127.0.0.1:8000'.</msg>
<arg>${SERVER}</arg>
<arg>${BROWSER}</arg>
<arg>executable_path=${CHROME_DRIVER_PATH}</arg>
<doc>Opens a new browser instance to the optional ``url``.</doc>
<status status="PASS" start="2025-03-12T19:13:30.063247" elapsed="2.361535"/>
</kw>
<kw name="Sleep" owner="BuiltIn">
<msg time="2025-03-12T19:13:35.430034" level="INFO">Slept 3 seconds.</msg>
<arg>3s</arg>
<doc>Pauses the test executed for the given time.</doc>
<status status="PASS" start="2025-03-12T19:13:32.424782" elapsed="3.005252"/>
</kw>
<kw name="Click Element" owner="SeleniumLibrary">
<msg time="2025-03-12T19:13:35.430034" level="INFO">Clicking element '//a[@class='nav-link' and contains(text(), 'Research Group')]'.</msg>
<arg>${RESEARCHGROUP_MENU}</arg>
<doc>Click the element identified by ``locator``.</doc>
<status status="PASS" start="2025-03-12T19:13:35.430034" elapsed="0.550000"/>
</kw>
<kw name="Sleep" owner="BuiltIn">
<msg time="2025-03-12T19:13:37.990972" level="INFO">Slept 2 seconds.</msg>
<arg>2s</arg>
<doc>Pauses the test executed for the given time.</doc>
<status status="PASS" start="2025-03-12T19:13:35.980034" elapsed="2.010938"/>
</kw>
<kw name="Location Should Be" owner="SeleniumLibrary">
<msg time="2025-03-12T19:13:38.006702" level="INFO">Current location is 'http://127.0.0.1:8000/researchgroup'.</msg>
<arg>http://127.0.0.1:8000/researchgroup</arg>
<doc>Verifies that the current URL is exactly ``url``.</doc>
<status status="PASS" start="2025-03-12T19:13:37.990972" elapsed="0.015730"/>
</kw>
<kw name="Capture Page Screenshot" owner="SeleniumLibrary">
<msg time="2025-03-12T19:13:38.177026" level="INFO" html="true">&lt;/td&gt;&lt;/tr&gt;&lt;tr&gt;&lt;td colspan="3"&gt;&lt;a href="group_page2.png"&gt;&lt;img src="group_page2.png" width="800px"&gt;&lt;/a&gt;</msg>
<arg>group_page2.png</arg>
<doc>Takes a screenshot of the current page and embeds it into a log file.</doc>
<status status="PASS" start="2025-03-12T19:13:38.006702" elapsed="0.170324"/>
</kw>
<kw name="Go To" owner="SeleniumLibrary">
<msg time="2025-03-12T19:13:38.178008" level="INFO">Opening url 'http://127.0.0.1:8000/researchgroupdetail/3'</msg>
<arg>${RESEARCHDETAILS_MENU}</arg>
<doc>Navigates the current browser window to the provided ``url``.</doc>
<status status="PASS" start="2025-03-12T19:13:38.177026" elapsed="0.579680"/>
</kw>
<kw name="Sleep" owner="BuiltIn">
<msg time="2025-03-12T19:13:40.767579" level="INFO">Slept 2 seconds.</msg>
<arg>2s</arg>
<doc>Pauses the test executed for the given time.</doc>
<status status="PASS" start="2025-03-12T19:13:38.757191" elapsed="2.010388"/>
</kw>
<kw name="Location Should Be" owner="SeleniumLibrary">
<msg time="2025-03-12T19:13:40.783355" level="INFO">Current location is 'http://127.0.0.1:8000/researchgroupdetail/3'.</msg>
<arg>http://127.0.0.1:8000/researchgroupdetail/3</arg>
<doc>Verifies that the current URL is exactly ``url``.</doc>
<status status="PASS" start="2025-03-12T19:13:40.767579" elapsed="0.015776"/>
</kw>
<kw name="Capture Page Screenshot" owner="SeleniumLibrary">
<msg time="2025-03-12T19:13:40.978380" level="INFO" html="true">&lt;/td&gt;&lt;/tr&gt;&lt;tr&gt;&lt;td colspan="3"&gt;&lt;a href="detail_page2.png"&gt;&lt;img src="detail_page2.png" width="800px"&gt;&lt;/a&gt;</msg>
<arg>detail_page2.png</arg>
<doc>Takes a screenshot of the current page and embeds it into a log file.</doc>
<status status="PASS" start="2025-03-12T19:13:40.783355" elapsed="0.195025"/>
</kw>
<kw name="Click Element" owner="SeleniumLibrary">
<msg time="2025-03-12T19:13:40.978890" level="INFO">Clicking element '//a[@id='navbarDropdownMenuLink']'.</msg>
<arg>//a[@id='navbarDropdownMenuLink']</arg>
<doc>Click the element identified by ``locator``.</doc>
<status status="PASS" start="2025-03-12T19:13:40.978890" elapsed="0.063344"/>
</kw>
<kw name="Sleep" owner="BuiltIn">
<msg time="2025-03-12T19:13:43.049129" level="INFO">Slept 2 seconds.</msg>
<arg>2s</arg>
<doc>Pauses the test executed for the given time.</doc>
<status status="PASS" start="2025-03-12T19:13:41.042234" elapsed="2.006895"/>
</kw>
<kw name="Go To" owner="SeleniumLibrary">
<msg time="2025-03-12T19:13:43.051384" level="INFO">Opening url 'http://127.0.0.1:8000/lang/zh'</msg>
<arg>http://127.0.0.1:8000/lang/zh</arg>
<doc>Navigates the current browser window to the provided ``url``.</doc>
<status status="PASS" start="2025-03-12T19:13:43.050386" elapsed="0.823034"/>
</kw>
<kw name="Sleep" owner="BuiltIn">
<msg time="2025-03-12T19:13:48.877169" level="INFO">Slept 5 seconds.</msg>
<arg>5s</arg>
<doc>Pauses the test executed for the given time.</doc>
<status status="PASS" start="2025-03-12T19:13:43.873420" elapsed="5.003749"/>
</kw>
<kw name="Page Should Contain Element" owner="SeleniumLibrary">
<msg time="2025-03-12T19:13:48.893155" level="INFO">Current page contains element 'xpath=//h2[contains(normalize-space(.), 'Pongsathorn Wongprawamas')]'.</msg>
<arg>xpath=//h2[contains(normalize-space(.), 'Pongsathorn Wongprawamas')]</arg>
<doc>Verifies that element ``locator`` is found on the current page.</doc>
<status status="PASS" start="2025-03-12T19:13:48.877169" elapsed="0.015986"/>
</kw>
<kw name="Page Should Contain Element" owner="SeleniumLibrary">
<msg time="2025-03-12T19:13:48.925055" level="INFO">Current page contains element 'xpath=//h2[contains(normalize-space(.), 'Sewattisit Imnang')]'.</msg>
<arg>xpath=//h2[contains(normalize-space(.), 'Sewattisit Imnang')]</arg>
<doc>Verifies that element ``locator`` is found on the current page.</doc>
<status status="PASS" start="2025-03-12T19:13:48.893155" elapsed="0.031900"/>
</kw>
<kw name="Page Should Contain Element" owner="SeleniumLibrary">
<msg time="2025-03-12T19:13:48.940721" level="INFO">Current page contains element 'xpath=//h2[contains(normalize-space(.), 'Teerathum Boonprapapun')]'.</msg>
<arg>xpath=//h2[contains(normalize-space(.), 'Teerathum Boonprapapun')]</arg>
<doc>Verifies that element ``locator`` is found on the current page.</doc>
<status status="PASS" start="2025-03-12T19:13:48.925055" elapsed="0.015666"/>
</kw>
<kw name="Capture Page Screenshot" owner="SeleniumLibrary">
<msg time="2025-03-12T19:13:49.129943" level="INFO" html="true">&lt;/td&gt;&lt;/tr&gt;&lt;tr&gt;&lt;td colspan="3"&gt;&lt;a href="detail_english2.png"&gt;&lt;img src="detail_english2.png" width="800px"&gt;&lt;/a&gt;</msg>
<arg>detail_english2.png</arg>
<doc>Takes a screenshot of the current page and embeds it into a log file.</doc>
<status status="PASS" start="2025-03-12T19:13:48.940721" elapsed="0.189222"/>
</kw>
<kw name="Close Browser" owner="SeleniumLibrary">
<doc>Closes the current browser.</doc>
<status status="PASS" start="2025-03-12T19:13:49.130913" elapsed="2.175240"/>
</kw>
<doc>ทดสอบการเปิดหน้า "Group" และการเปลี่ยนภาษาเป็นจีน</doc>
<status status="PASS" start="2025-03-12T19:13:30.054100" elapsed="21.252053"/>
</test>
<status status="PASS" start="2025-03-12T19:13:11.390984" elapsed="39.915169"/>
</suite>
<statistics>
<total>
<stat pass="2" fail="0" skip="0">All Tests</stat>
</total>
<tag>
</tag>
<suite>
<stat name="UAT-groupZH" id="s1" pass="2" fail="0" skip="0">UAT-groupZH</stat>
</suite>
</statistics>
<errors>
<msg time="2025-03-12T19:13:11.691148" level="WARN">exexcutable_path is being deprecated. Please use service to configure the driver's executable_path as per documentation.</msg>
<msg time="2025-03-12T19:13:30.063247" level="WARN">exexcutable_path is being deprecated. Please use service to configure the driver's executable_path as per documentation.</msg>
</errors>
</robot>
