<?xml version="1.0" encoding="UTF-8"?>
<robot generator="Robot 7.2.2 (Python 3.10.11 on win32)" generated="2025-03-12T19:00:52.888169" rpa="false" schemaversion="5">
<suite id="s1" name="UAT-groupTH" source="C:\xampp\htdocs\git-group-repository-group-4\InitialProject\V.0\tests\test_group\UAT-groupTH.robot">
<test id="s1-t1" name="Test Open Group Page" line="63">
<kw name="Open Browser" owner="SeleniumLibrary">
<msg time="2025-03-12T19:00:53.176920" level="WARN">exexcutable_path is being deprecated. Please use service to configure the driver's executable_path as per documentation.</msg>
<msg time="2025-03-12T19:00:53.176920" level="INFO">Opening browser 'chrome' to base url 'http://127.0.0.1:8000'.</msg>
<arg>${SERVER}</arg>
<arg>${BROWSER}</arg>
<arg>executable_path=${CHROME_DRIVER_PATH}</arg>
<doc>Opens a new browser instance to the optional ``url``.</doc>
<status status="PASS" start="2025-03-12T19:00:53.176920" elapsed="2.643108"/>
</kw>
<kw name="Sleep" owner="BuiltIn">
<msg time="2025-03-12T19:00:58.829643" level="INFO">Slept 3 seconds.</msg>
<arg>3s</arg>
<doc>Pauses the test executed for the given time.</doc>
<status status="PASS" start="2025-03-12T19:00:55.822025" elapsed="3.007618"/>
</kw>
<kw name="Click Element" owner="SeleniumLibrary">
<msg time="2025-03-12T19:00:58.829643" level="INFO">Clicking element '//a[@class='nav-link' and contains(text(), 'Research Group')]'.</msg>
<arg>${RESEARCHGROUP_MENU}</arg>
<doc>Click the element identified by ``locator``.</doc>
<status status="PASS" start="2025-03-12T19:00:58.829643" elapsed="1.103865"/>
</kw>
<kw name="Sleep" owner="BuiltIn">
<msg time="2025-03-12T19:01:01.936056" level="INFO">Slept 2 seconds.</msg>
<arg>2s</arg>
<doc>Pauses the test executed for the given time.</doc>
<status status="PASS" start="2025-03-12T19:00:59.933508" elapsed="2.002548"/>
</kw>
<kw name="Location Should Be" owner="SeleniumLibrary">
<msg time="2025-03-12T19:01:01.956913" level="INFO">Current location is 'http://127.0.0.1:8000/researchgroup'.</msg>
<arg>http://127.0.0.1:8000/researchgroup</arg>
<doc>Verifies that the current URL is exactly ``url``.</doc>
<status status="PASS" start="2025-03-12T19:01:01.936056" elapsed="0.020857"/>
</kw>
<kw name="Capture Page Screenshot" owner="SeleniumLibrary">
<msg time="2025-03-12T19:01:02.119250" level="INFO" html="true">&lt;/td&gt;&lt;/tr&gt;&lt;tr&gt;&lt;td colspan="3"&gt;&lt;a href="group_page.png"&gt;&lt;img src="group_page.png" width="800px"&gt;&lt;/a&gt;</msg>
<arg>group_page.png</arg>
<doc>Takes a screenshot of the current page and embeds it into a log file.</doc>
<status status="PASS" start="2025-03-12T19:01:01.956913" elapsed="0.162337"/>
</kw>
<kw name="Click Element" owner="SeleniumLibrary">
<msg time="2025-03-12T19:01:02.120251" level="INFO">Clicking element '//a[@id='navbarDropdownMenuLink']'.</msg>
<arg>//a[@id='navbarDropdownMenuLink']</arg>
<doc>Click the element identified by ``locator``.</doc>
<status status="PASS" start="2025-03-12T19:01:02.120251" elapsed="0.059528"/>
</kw>
<kw name="Sleep" owner="BuiltIn">
<msg time="2025-03-12T19:01:04.189919" level="INFO">Slept 2 seconds.</msg>
<arg>2s</arg>
<doc>Pauses the test executed for the given time.</doc>
<status status="PASS" start="2025-03-12T19:01:02.180926" elapsed="2.008993"/>
</kw>
<kw name="Go To" owner="SeleniumLibrary">
<msg time="2025-03-12T19:01:04.189919" level="INFO">Opening url 'http://127.0.0.1:8000/lang/th'</msg>
<arg>http://127.0.0.1:8000/lang/th</arg>
<doc>Navigates the current browser window to the provided ``url``.</doc>
<status status="PASS" start="2025-03-12T19:01:04.189919" elapsed="1.116686"/>
</kw>
<kw name="Sleep" owner="BuiltIn">
<msg time="2025-03-12T19:01:10.318182" level="INFO">Slept 5 seconds.</msg>
<arg>5s</arg>
<doc>Pauses the test executed for the given time.</doc>
<status status="PASS" start="2025-03-12T19:01:05.306605" elapsed="5.011577"/>
</kw>
<kw name="Page Should Contain Element" owner="SeleniumLibrary">
<msg time="2025-03-12T19:01:10.350164" level="INFO">Current page contains element 'xpath=//h2[contains(normalize-space(.), 'อ. ดร. วาสนา พุฒกลาง')]'.</msg>
<arg>xpath=//h2[contains(normalize-space(.), 'อ. ดร. วาสนา พุฒกลาง')]</arg>
<doc>Verifies that element ``locator`` is found on the current page.</doc>
<status status="PASS" start="2025-03-12T19:01:10.318182" elapsed="0.031982"/>
</kw>
<kw name="Page Should Contain Element" owner="SeleniumLibrary">
<msg time="2025-03-12T19:01:10.382001" level="INFO">Current page contains element 'xpath=//h2[contains(normalize-space(.), 'รศ.ดร. ชัยพล กีรติกสิกร')]'.</msg>
<arg>xpath=//h2[contains(normalize-space(.), 'รศ.ดร. ชัยพล กีรติกสิกร')]</arg>
<doc>Verifies that element ``locator`` is found on the current page.</doc>
<status status="PASS" start="2025-03-12T19:01:10.350164" elapsed="0.031837"/>
</kw>
<kw name="Page Should Contain Element" owner="SeleniumLibrary">
<msg time="2025-03-12T19:01:10.422525" level="INFO">Current page contains element 'xpath=//h2[contains(normalize-space(.), 'ผศ.ดร. ณกร วัฒนกิจ')]'.</msg>
<arg>xpath=//h2[contains(normalize-space(.), 'ผศ.ดร. ณกร วัฒนกิจ')]</arg>
<doc>Verifies that element ``locator`` is found on the current page.</doc>
<status status="PASS" start="2025-03-12T19:01:10.382001" elapsed="0.040524"/>
</kw>
<kw name="Page Should Contain Element" owner="SeleniumLibrary">
<msg time="2025-03-12T19:01:10.445532" level="INFO">Current page contains element 'xpath=//h2[contains(normalize-space(.), 'ผศ.ดร. พิพัธน์ เรืองแสง')]'.</msg>
<arg>xpath=//h2[contains(normalize-space(.), 'ผศ.ดร. พิพัธน์ เรืองแสง')]</arg>
<doc>Verifies that element ``locator`` is found on the current page.</doc>
<status status="PASS" start="2025-03-12T19:01:10.424545" elapsed="0.020987"/>
</kw>
<kw name="Page Should Contain Element" owner="SeleniumLibrary">
<msg time="2025-03-12T19:01:10.492800" level="INFO">Current page contains element 'xpath=//h2[contains(normalize-space(.), 'ผศ.ดร. รัศมี สุวรรณวีระกำธร')]'.</msg>
<arg>xpath=//h2[contains(normalize-space(.), 'ผศ.ดร. รัศมี สุวรรณวีระกำธร')]</arg>
<doc>Verifies that element ``locator`` is found on the current page.</doc>
<status status="PASS" start="2025-03-12T19:01:10.445532" elapsed="0.047268"/>
</kw>
<kw name="Page Should Contain Element" owner="SeleniumLibrary">
<msg time="2025-03-12T19:01:10.524530" level="INFO">Current page contains element 'xpath=//h2[contains(normalize-space(.), 'ผศ.ดร. อุราวรรณ จันทร์เกษ')]'.</msg>
<arg>xpath=//h2[contains(normalize-space(.), 'ผศ.ดร. อุราวรรณ จันทร์เกษ')]</arg>
<doc>Verifies that element ``locator`` is found on the current page.</doc>
<status status="PASS" start="2025-03-12T19:01:10.492800" elapsed="0.031730"/>
</kw>
<kw name="Page Should Contain Element" owner="SeleniumLibrary">
<msg time="2025-03-12T19:01:10.556071" level="INFO">Current page contains element 'xpath=//h2[contains(normalize-space(.), 'อ. ดร. ศรัณย์ อภิชนตระกูล')]'.</msg>
<arg>xpath=//h2[contains(normalize-space(.), 'อ. ดร. ศรัณย์ อภิชนตระกูล')]</arg>
<doc>Verifies that element ``locator`` is found on the current page.</doc>
<status status="PASS" start="2025-03-12T19:01:10.524530" elapsed="0.031541"/>
</kw>
<kw name="Page Should Contain Element" owner="SeleniumLibrary">
<msg time="2025-03-12T19:01:10.598119" level="INFO">Current page contains element 'xpath=//h2[contains(normalize-space(.), 'อ.ดร. ศักดิ์พจน์ ทองเลี่ยมนาค')]'.</msg>
<arg>xpath=//h2[contains(normalize-space(.), 'อ.ดร. ศักดิ์พจน์ ทองเลี่ยมนาค')]</arg>
<doc>Verifies that element ``locator`` is found on the current page.</doc>
<status status="PASS" start="2025-03-12T19:01:10.556071" elapsed="0.042048"/>
</kw>
<kw name="Page Should Contain Element" owner="SeleniumLibrary">
<msg time="2025-03-12T19:01:10.619363" level="INFO">Current page contains element 'xpath=//h2[contains(normalize-space(.), 'ศ.ดร. จักรชัย โสอินทร์')]'.</msg>
<arg>xpath=//h2[contains(normalize-space(.), 'ศ.ดร. จักรชัย โสอินทร์')]</arg>
<doc>Verifies that element ``locator`` is found on the current page.</doc>
<status status="PASS" start="2025-03-12T19:01:10.598119" elapsed="0.021244"/>
</kw>
<kw name="Page Should Contain Element" owner="SeleniumLibrary">
<msg time="2025-03-12T19:01:10.651176" level="INFO">Current page contains element 'xpath=//h2[contains(normalize-space(.), 'รศ.ดร. สมจิตร อาจอินทร์')]'.</msg>
<arg>xpath=//h2[contains(normalize-space(.), 'รศ.ดร. สมจิตร อาจอินทร์')]</arg>
<doc>Verifies that element ``locator`` is found on the current page.</doc>
<status status="PASS" start="2025-03-12T19:01:10.619363" elapsed="0.031813"/>
</kw>
<kw name="Capture Page Screenshot" owner="SeleniumLibrary">
<msg time="2025-03-12T19:01:10.734440" level="INFO" html="true">&lt;/td&gt;&lt;/tr&gt;&lt;tr&gt;&lt;td colspan="3"&gt;&lt;a href="group_page_thai.png"&gt;&lt;img src="group_page_thai.png" width="800px"&gt;&lt;/a&gt;</msg>
<arg>group_page_thai.png</arg>
<doc>Takes a screenshot of the current page and embeds it into a log file.</doc>
<status status="PASS" start="2025-03-12T19:01:10.651176" elapsed="0.083264"/>
</kw>
<kw name="Close Browser" owner="SeleniumLibrary">
<doc>Closes the current browser.</doc>
<status status="PASS" start="2025-03-12T19:01:10.735264" elapsed="2.152025"/>
</kw>
<doc>ทดสอบการเปิดหน้า "Group" และการเปลี่ยนภาษาเป็นไทย</doc>
<status status="PASS" start="2025-03-12T19:00:53.176920" elapsed="19.710369"/>
</test>
<test id="s1-t2" name="Test Open Group details Page" line="96">
<kw name="Open Browser" owner="SeleniumLibrary">
<msg time="2025-03-12T19:01:12.887289" level="WARN">exexcutable_path is being deprecated. Please use service to configure the driver's executable_path as per documentation.</msg>
<msg time="2025-03-12T19:01:12.887289" level="INFO">Opening browser 'chrome' to base url 'http://127.0.0.1:8000'.</msg>
<arg>${SERVER}</arg>
<arg>${BROWSER}</arg>
<arg>executable_path=${CHROME_DRIVER_PATH}</arg>
<doc>Opens a new browser instance to the optional ``url``.</doc>
<status status="PASS" start="2025-03-12T19:01:12.887289" elapsed="2.137770"/>
</kw>
<kw name="Sleep" owner="BuiltIn">
<msg time="2025-03-12T19:01:18.041609" level="INFO">Slept 3 seconds.</msg>
<arg>3s</arg>
<doc>Pauses the test executed for the given time.</doc>
<status status="PASS" start="2025-03-12T19:01:15.026809" elapsed="3.014800"/>
</kw>
<kw name="Click Element" owner="SeleniumLibrary">
<msg time="2025-03-12T19:01:18.041609" level="INFO">Clicking element '//a[@class='nav-link' and contains(text(), 'Researchers')]'.</msg>
<arg>${RESEARCHER_MENU}</arg>
<doc>Click the element identified by ``locator``.</doc>
<status status="PASS" start="2025-03-12T19:01:18.041609" elapsed="0.842930"/>
</kw>
<kw name="Sleep" owner="BuiltIn">
<msg time="2025-03-12T19:01:20.897139" level="INFO">Slept 2 seconds.</msg>
<arg>2s</arg>
<doc>Pauses the test executed for the given time.</doc>
<status status="PASS" start="2025-03-12T19:01:18.884539" elapsed="2.012600"/>
</kw>
<kw name="Location Should Be" owner="SeleniumLibrary">
<msg time="2025-03-12T19:01:20.912896" level="INFO">Current location is 'http://127.0.0.1:8000/researchers'.</msg>
<arg>http://127.0.0.1:8000/researchers</arg>
<doc>Verifies that the current URL is exactly ``url``.</doc>
<status status="PASS" start="2025-03-12T19:01:20.897139" elapsed="0.015757"/>
</kw>
<kw name="Capture Page Screenshot" owner="SeleniumLibrary">
<msg time="2025-03-12T19:01:21.114559" level="INFO" html="true">&lt;/td&gt;&lt;/tr&gt;&lt;tr&gt;&lt;td colspan="3"&gt;&lt;a href="group_page2.png"&gt;&lt;img src="group_page2.png" width="800px"&gt;&lt;/a&gt;</msg>
<arg>group_page2.png</arg>
<doc>Takes a screenshot of the current page and embeds it into a log file.</doc>
<status status="PASS" start="2025-03-12T19:01:20.912896" elapsed="0.202664"/>
</kw>
<kw name="Go To" owner="SeleniumLibrary">
<msg time="2025-03-12T19:01:21.115560" level="INFO">Opening url 'http://127.0.0.1:8000/researchgroupdetail/3'</msg>
<arg>${RESEARCHDETAILS_MENU}</arg>
<doc>Navigates the current browser window to the provided ``url``.</doc>
<status status="PASS" start="2025-03-12T19:01:21.115560" elapsed="0.835731"/>
</kw>
<kw name="Sleep" owner="BuiltIn">
<msg time="2025-03-12T19:01:23.953155" level="INFO">Slept 2 seconds.</msg>
<arg>2s</arg>
<doc>Pauses the test executed for the given time.</doc>
<status status="PASS" start="2025-03-12T19:01:21.952294" elapsed="2.000861"/>
</kw>
<kw name="Location Should Be" owner="SeleniumLibrary">
<msg time="2025-03-12T19:01:23.968858" level="INFO">Current location is 'http://127.0.0.1:8000/researchgroupdetail/3'.</msg>
<arg>http://127.0.0.1:8000/researchgroupdetail/3</arg>
<doc>Verifies that the current URL is exactly ``url``.</doc>
<status status="PASS" start="2025-03-12T19:01:23.953155" elapsed="0.015703"/>
</kw>
<kw name="Capture Page Screenshot" owner="SeleniumLibrary">
<msg time="2025-03-12T19:01:24.136744" level="INFO" html="true">&lt;/td&gt;&lt;/tr&gt;&lt;tr&gt;&lt;td colspan="3"&gt;&lt;a href="detail_page.png"&gt;&lt;img src="detail_page.png" width="800px"&gt;&lt;/a&gt;</msg>
<arg>detail_page.png</arg>
<doc>Takes a screenshot of the current page and embeds it into a log file.</doc>
<status status="PASS" start="2025-03-12T19:01:23.968858" elapsed="0.167886"/>
</kw>
<kw name="Click Element" owner="SeleniumLibrary">
<msg time="2025-03-12T19:01:24.137774" level="INFO">Clicking element '//a[@id='navbarDropdownMenuLink']'.</msg>
<arg>//a[@id='navbarDropdownMenuLink']</arg>
<doc>Click the element identified by ``locator``.</doc>
<status status="PASS" start="2025-03-12T19:01:24.137774" elapsed="0.065346"/>
</kw>
<kw name="Sleep" owner="BuiltIn">
<msg time="2025-03-12T19:01:26.206035" level="INFO">Slept 2 seconds.</msg>
<arg>2s</arg>
<doc>Pauses the test executed for the given time.</doc>
<status status="PASS" start="2025-03-12T19:01:24.203120" elapsed="2.002915"/>
</kw>
<kw name="Go To" owner="SeleniumLibrary">
<msg time="2025-03-12T19:01:26.207986" level="INFO">Opening url 'http://127.0.0.1:8000/lang/th'</msg>
<arg>http://127.0.0.1:8000/lang/th</arg>
<doc>Navigates the current browser window to the provided ``url``.</doc>
<status status="PASS" start="2025-03-12T19:01:26.207986" elapsed="1.965383"/>
</kw>
<kw name="Sleep" owner="BuiltIn">
<msg time="2025-03-12T19:01:33.176055" level="INFO">Slept 5 seconds.</msg>
<arg>5s</arg>
<doc>Pauses the test executed for the given time.</doc>
<status status="PASS" start="2025-03-12T19:01:28.173369" elapsed="5.002686"/>
</kw>
<kw name="Page Should Contain Element" owner="SeleniumLibrary">
<msg time="2025-03-12T19:01:33.218357" level="INFO">Current page contains element 'xpath=//h2[contains(normalize-space(.), 'พงศธร วงศ์พราวมาศ')]'.</msg>
<arg>xpath=//h2[contains(normalize-space(.), 'พงศธร วงศ์พราวมาศ')]</arg>
<doc>Verifies that element ``locator`` is found on the current page.</doc>
<status status="PASS" start="2025-03-12T19:01:33.178099" elapsed="0.040258"/>
</kw>
<kw name="Page Should Contain Element" owner="SeleniumLibrary">
<msg time="2025-03-12T19:01:33.253315" level="INFO">Current page contains element 'xpath=//h2[contains(normalize-space(.), 'เศวตสิทธิ์ อิ่มนาง')]'.</msg>
<arg>xpath=//h2[contains(normalize-space(.), 'เศวตสิทธิ์ อิ่มนาง')]</arg>
<doc>Verifies that element ``locator`` is found on the current page.</doc>
<status status="PASS" start="2025-03-12T19:01:33.218357" elapsed="0.038751"/>
</kw>
<kw name="Page Should Contain Element" owner="SeleniumLibrary">
<msg time="2025-03-12T19:01:33.294346" level="INFO">Current page contains element 'xpath=//h2[contains(normalize-space(.), 'ธีรธรรม บุญประภาพันธุ์')]'.</msg>
<arg>xpath=//h2[contains(normalize-space(.), 'ธีรธรรม บุญประภาพันธุ์')]</arg>
<doc>Verifies that element ``locator`` is found on the current page.</doc>
<status status="PASS" start="2025-03-12T19:01:33.259144" elapsed="0.035785"/>
</kw>
<kw name="Capture Page Screenshot" owner="SeleniumLibrary">
<msg time="2025-03-12T19:01:33.559373" level="INFO" html="true">&lt;/td&gt;&lt;/tr&gt;&lt;tr&gt;&lt;td colspan="3"&gt;&lt;a href="detail_page_thai.png"&gt;&lt;img src="detail_page_thai.png" width="800px"&gt;&lt;/a&gt;</msg>
<arg>detail_page_thai.png</arg>
<doc>Takes a screenshot of the current page and embeds it into a log file.</doc>
<status status="PASS" start="2025-03-12T19:01:33.296337" elapsed="0.263036"/>
</kw>
<kw name="Close Browser" owner="SeleniumLibrary">
<doc>Closes the current browser.</doc>
<status status="PASS" start="2025-03-12T19:01:33.560425" elapsed="2.232926"/>
</kw>
<doc>ทดสอบการเปิดหน้า "Researchers" และการเปลี่ยนภาษาเป็นไทย</doc>
<status status="PASS" start="2025-03-12T19:01:12.887289" elapsed="22.906062"/>
</test>
<status status="PASS" start="2025-03-12T19:00:52.888169" elapsed="42.905182"/>
</suite>
<statistics>
<total>
<stat pass="2" fail="0" skip="0">All Tests</stat>
</total>
<tag>
</tag>
<suite>
<stat name="UAT-groupTH" id="s1" pass="2" fail="0" skip="0">UAT-groupTH</stat>
</suite>
</statistics>
<errors>
<msg time="2025-03-12T19:00:53.176920" level="WARN">exexcutable_path is being deprecated. Please use service to configure the driver's executable_path as per documentation.</msg>
<msg time="2025-03-12T19:01:12.887289" level="WARN">exexcutable_path is being deprecated. Please use service to configure the driver's executable_path as per documentation.</msg>
</errors>
</robot>
